Copyright 1986-2019 Xilinx, Inc. All Rights Reserved.
-------------------------------------------------------------------------------------------------------------------------------------------------------
| Tool Version     : Vivado v.2018.3.1 (win64) Build 2489853 Tue Mar 26 04:20:25 MDT 2019
| Date             : Tue Apr 30 14:35:44 2019
| Host             : W7-PC running 64-bit Service Pack 1  (build 7601)
| Command          : report_power -file xevious_top_power_routed.rpt -pb xevious_top_power_summary_routed.pb -rpx xevious_top_power_routed.rpx
| Design           : xevious_top
| Device           : xc7a35tftg256-1
| Design State     : routed
| Grade            : commercial
| Process          : typical
| Characterization : Production
-------------------------------------------------------------------------------------------------------------------------------------------------------

Power Report

Table of Contents
-----------------
1. Summary
1.1 On-Chip Components
1.2 Power Supply Summary
1.3 Confidence Level
2. Settings
2.1 Environment
2.2 Clock Constraints
3. Detailed Reports
3.1 By Hierarchy

1. Summary
----------

+--------------------------+----------------------------------+
| Total On-Chip Power (W)  | 58.544 (Junction temp exceeded!) |
| Design Power Budget (W)  | Unspecified*                     |
| Power Budget Margin (W)  | NA                               |
| Dynamic (W)              | 58.031                           |
| Device Static (W)        | 0.514                            |
| Effective TJA (C/W)      | 4.9                              |
| Max Ambient (C)          | 0.0                              |
| Junction Temperature (C) | 125.0                            |
| Confidence Level         | Low                              |
| Setting File             | ---                              |
| Simulation Activity File | ---                              |
| Design Nets Matched      | NA                               |
+--------------------------+----------------------------------+
* Specify Design Power Budget using, set_operating_conditions -design_power_budget <value in Watts>


1.1 On-Chip Components
----------------------

+--------------------------+-----------+----------+-----------+-----------------+
| On-Chip                  | Power (W) | Used     | Available | Utilization (%) |
+--------------------------+-----------+----------+-----------+-----------------+
| Slice Logic              |    17.560 |     8345 |       --- |             --- |
|   LUT as Logic           |    15.814 |     5341 |     20800 |           25.68 |
|   LUT as Distributed RAM |     0.950 |      120 |      9600 |            1.25 |
|   CARRY4                 |     0.509 |      151 |      8150 |            1.85 |
|   Register               |     0.192 |     1663 |     41600 |            4.00 |
|   F7/F8 Muxes            |     0.089 |      156 |     32600 |            0.48 |
|   BUFG                   |     0.006 |        1 |        32 |            3.13 |
|   LUT as Shift Register  |    <0.001 |        6 |      9600 |            0.06 |
|   Others                 |     0.000 |       95 |       --- |             --- |
| Signals                  |    20.835 |     7062 |       --- |             --- |
| Block RAM                |     2.622 |     42.5 |        50 |           85.00 |
| MMCM                     |     6.060 |        1 |         5 |           20.00 |
| I/O                      |    10.954 |       46 |       170 |           27.06 |
| Static Power             |     0.514 |          |           |                 |
| Total                    |    58.544 |          |           |                 |
+--------------------------+-----------+----------+-----------+-----------------+


1.2 Power Supply Summary
------------------------

+-----------+-------------+-----------+-------------+------------+
| Source    | Voltage (V) | Total (A) | Dynamic (A) | Static (A) |
+-----------+-------------+-----------+-------------+------------+
| Vccint    |       1.000 |    41.210 |      40.855 |      0.355 |
| Vccaux    |       1.800 |     3.806 |       3.753 |      0.053 |
| Vcco33    |       3.300 |     3.093 |       3.092 |      0.001 |
| Vcco25    |       2.500 |     0.000 |       0.000 |      0.000 |
| Vcco18    |       1.800 |     0.000 |       0.000 |      0.000 |
| Vcco15    |       1.500 |     0.000 |       0.000 |      0.000 |
| Vcco135   |       1.350 |     0.000 |       0.000 |      0.000 |
| Vcco12    |       1.200 |     0.000 |       0.000 |      0.000 |
| Vccaux_io |       1.800 |     0.000 |       0.000 |      0.000 |
| Vccbram   |       1.000 |     0.239 |       0.216 |      0.023 |
| MGTAVcc   |       1.000 |     0.000 |       0.000 |      0.000 |
| MGTAVtt   |       1.200 |     0.000 |       0.000 |      0.000 |
| Vccadc    |       1.800 |     0.020 |       0.000 |      0.020 |
+-----------+-------------+-----------+-------------+------------+


1.3 Confidence Level
--------------------

+-----------------------------+------------+--------------------------------------------------------+--------------------------------------------------------------------------------------------------------------------+
| User Input Data             | Confidence | Details                                                | Action                                                                                                             |
+-----------------------------+------------+--------------------------------------------------------+--------------------------------------------------------------------------------------------------------------------+
| Design implementation state | High       | Design is routed                                       |                                                                                                                    |
| Clock nodes activity        | Low        | User specified less than 75% of clocks                 | Provide missing clock activity with a constraint file, simulation results or by editing the "By Clock Domain" view |
| I/O nodes activity          | Low        | More than 75% of inputs are missing user specification | Provide missing input activity with simulation results or by editing the "By Resource Type -> I/Os" view           |
| Internal nodes activity     | Medium     | User specified less than 25% of internal nodes         | Provide missing internal nodes activity with simulation results or by editing the "By Resource Type" views         |
| Device models               | High       | Device models are Production                           |                                                                                                                    |
|                             |            |                                                        |                                                                                                                    |
| Overall confidence level    | Low        |                                                        |                                                                                                                    |
+-----------------------------+------------+--------------------------------------------------------+--------------------------------------------------------------------------------------------------------------------+


2. Settings
-----------

2.1 Environment
---------------

+-----------------------+--------------------------+
| Ambient Temp (C)      | 25.0                     |
| ThetaJA (C/W)         | 4.9                      |
| Airflow (LFM)         | 250                      |
| Heat Sink             | medium (Medium Profile)  |
| ThetaSA (C/W)         | 4.6                      |
| Board Selection       | medium (10"x10")         |
| # of Board Layers     | 12to15 (12 to 15 Layers) |
| Board Temperature (C) | 25.0                     |
+-----------------------+--------------------------+


2.2 Clock Constraints
---------------------

+-------+--------+-----------------+
| Clock | Domain | Constraint (ns) |
+-------+--------+-----------------+


3. Detailed Reports
-------------------

3.1 By Hierarchy
----------------

+-------------------------+-----------+
| Name                    | Power (W) |
+-------------------------+-----------+
| xevious_top             |    58.031 |
|   el_multiboot          |     0.342 |
|     el_multiboot        |     0.342 |
|   keyb                  |     0.059 |
|     ps2                 |     0.042 |
|   pm                    |    39.937 |
|     attr_ram            |     0.265 |
|     bg_palette_lsb      |     0.003 |
|     blue_palette        |     0.050 |
|     code_ram            |     0.376 |
|     cpu1                |     6.155 |
|       u0                |     6.151 |
|     cpu2                |     7.094 |
|       u0                |     7.078 |
|     cpu3                |     5.431 |
|       u0                |     5.425 |
|     cs50xx_prog         |     3.716 |
|     cs54xx_prog         |     3.718 |
|     dac                 |     0.118 |
|     debounce            |     0.358 |
|     gen_video           |     2.310 |
|     gfx_rom             |     3.124 |
|     green_palette       |     0.055 |
|     mb88_50xx           |     1.084 |
|       ram_reg_0_127_0_0 |     0.008 |
|       ram_reg_0_127_1_1 |     0.021 |
|       ram_reg_0_127_2_2 |     0.007 |
|       ram_reg_0_127_3_3 |     0.020 |
|     mb88_54xx           |     1.206 |
|       ram_reg_0_127_0_0 |     0.010 |
|       ram_reg_0_127_1_1 |     0.022 |
|       ram_reg_0_127_2_2 |     0.007 |
|       ram_reg_0_127_3_3 |     0.023 |
|     red_palette         |     0.052 |
|     scandoubler         |     0.495 |
|     sound_machine       |     0.365 |
|       sound_ram_0       |     0.023 |
|       sound_ram_1       |     0.040 |
|       sound_samples     |     0.117 |
|       sound_seq         |     0.038 |
|     sp_palette_lsb      |     0.064 |
|     sp_palette_msb      |     0.146 |
|     sp_ram1             |     0.107 |
|     sp_ram2             |     0.119 |
|     terrain_2a          |     0.128 |
|     terrain_2b          |     0.228 |
|     terrain_2c          |     0.258 |
|     wram0               |     0.126 |
|     wram1               |     0.314 |
|     wram2               |     0.156 |
|     wram3               |     0.331 |
+-------------------------+-----------+


