#-----------------------------------------------------------
# Vivado v2018.3.1 (64-bit)
# SW Build 2489853 on Tue Mar 26 04:20:25 MDT 2019
# IP Build 2486929 on Tue Mar 26 06:44:21 MDT 2019
# Start of session at: Mon Jun 17 08:26:24 2019
# Process ID: 13292
# Current directory: F:/repos/a35/NUEVO/arkanoid/A35
# Command line: vivado.exe -gui_launcher_event rodinguilauncherevent13832 F:\repos\a35\NUEVO\arkanoid\A35\A35.xpr
# Log file: F:/repos/a35/NUEVO/arkanoid/A35/vivado.log
# Journal file: F:/repos/a35/NUEVO/arkanoid/A35\vivado.jou
#-----------------------------------------------------------
start_gui
open_project F:/repos/a35/NUEVO/arkanoid/A35/A35.xpr
INFO: [Project 1-313] Project file moved from 'D:/repos/a35t/arkanoid/A35' since last save.
Scanning sources...
Finished scanning sources
WARNING: [filemgmt 56-2] IPUserFilesDir: Could not find the directory 'F:/repos/a35/a35/defender/a35t/a35t.ip_user_files', nor could it be found using path 'D:/repos/a35/defender/a35t/a35t.ip_user_files'.
INFO: [IP_Flow 19-234] Refreshing IP repositories
INFO: [IP_Flow 19-1704] No user IP repositories specified
INFO: [IP_Flow 19-2313] Loaded Vivado IP repository 'F:/Xilinx/Vivado/2018.3/data/ip'.
open_project: Time (s): cpu = 00:00:25 ; elapsed = 00:00:16 . Memory (MB): peak = 728.508 ; gain = 152.465
reset_run synth_1
launch_runs impl_1 -to_step write_bitstream -jobs 2
[Mon Jun 17 08:38:13 2019] Launched synth_1...
Run output will be captured here: F:/repos/a35/NUEVO/arkanoid/A35/A35.runs/synth_1/runme.log
[Mon Jun 17 08:38:13 2019] Launched impl_1...
Run output will be captured here: F:/repos/a35/NUEVO/arkanoid/A35/A35.runs/impl_1/runme.log
open_hw
connect_hw_server
INFO: [Labtools 27-2285] Connecting to hw_server url TCP:localhost:3121
INFO: [Labtools 27-2222] Launching hw_server...
INFO: [Labtools 27-2221] Launch Output:

****** Xilinx hw_server v2018.3.1
  **** Build date : Mar 26 2019-05:02:51
    ** Copyright 1986-2018 Xilinx, Inc. All Rights Reserved.


open_hw_target
INFO: [Labtoolstcl 44-466] Opening hw_target localhost:3121/xilinx_tcf/Xilinx/00000000000000
open_hw_target: Time (s): cpu = 00:00:07 ; elapsed = 00:00:08 . Memory (MB): peak = 1703.879 ; gain = 767.871
set_property PROGRAM.FILE {F:/repos/a35/NUEVO/arkanoid/A35/A35.runs/impl_1/arkanoid_top.bit} [get_hw_devices xc7a35t_0]
current_hw_device [get_hw_devices xc7a35t_0]
refresh_hw_device -update_hw_probes false [lindex [get_hw_devices xc7a35t_0] 0]
INFO: [Labtools 27-1434] Device xc7a35t (JTAG device index = 0) is programmed with a design that has no supported debug core(s) in it.
set_property PROBES.FILE {} [get_hw_devices xc7a35t_0]
set_property FULL_PROBES.FILE {} [get_hw_devices xc7a35t_0]
set_property PROGRAM.FILE {F:/repos/a35/NUEVO/arkanoid/A35/A35.runs/impl_1/arkanoid_top.bit} [get_hw_devices xc7a35t_0]
program_hw_devices [get_hw_devices xc7a35t_0]
INFO: [Labtools 27-3164] End of startup status: HIGH
refresh_hw_device [lindex [get_hw_devices xc7a35t_0] 0]
INFO: [Labtools 27-1434] Device xc7a35t (JTAG device index = 0) is programmed with a design that has no supported debug core(s) in it.
ERROR: [Labtoolstcl 44-513] HW Target shutdown. Closing target: localhost:3121/xilinx_tcf/Xilinx/00000000000000
add_files -norecurse F:/repos/a35/NUEVO/arkanoid/src/rtl_mio/ps2mouse.v
reset_run synth_1
launch_runs impl_1 -to_step write_bitstream -jobs 2
[Mon Jun 17 09:45:10 2019] Launched synth_1...
Run output will be captured here: F:/repos/a35/NUEVO/arkanoid/A35/A35.runs/synth_1/runme.log
[Mon Jun 17 09:45:10 2019] Launched impl_1...
Run output will be captured here: F:/repos/a35/NUEVO/arkanoid/A35/A35.runs/impl_1/runme.log
reset_run synth_1
launch_runs impl_1 -to_step write_bitstream -jobs 2
[Mon Jun 17 10:14:49 2019] Launched synth_1...
Run output will be captured here: F:/repos/a35/NUEVO/arkanoid/A35/A35.runs/synth_1/runme.log
[Mon Jun 17 10:14:49 2019] Launched impl_1...
Run output will be captured here: F:/repos/a35/NUEVO/arkanoid/A35/A35.runs/impl_1/runme.log
reset_run synth_1
launch_runs impl_1 -to_step write_bitstream -jobs 2
[Mon Jun 17 10:16:22 2019] Launched synth_1...
Run output will be captured here: F:/repos/a35/NUEVO/arkanoid/A35/A35.runs/synth_1/runme.log
[Mon Jun 17 10:16:22 2019] Launched impl_1...
Run output will be captured here: F:/repos/a35/NUEVO/arkanoid/A35/A35.runs/impl_1/runme.log
reset_run synth_1
launch_runs impl_1 -to_step write_bitstream -jobs 2
[Mon Jun 17 10:17:08 2019] Launched synth_1...
Run output will be captured here: F:/repos/a35/NUEVO/arkanoid/A35/A35.runs/synth_1/runme.log
[Mon Jun 17 10:17:08 2019] Launched impl_1...
Run output will be captured here: F:/repos/a35/NUEVO/arkanoid/A35/A35.runs/impl_1/runme.log
reset_run synth_1
launch_runs impl_1 -to_step write_bitstream -jobs 2
[Mon Jun 17 10:40:34 2019] Launched synth_1...
Run output will be captured here: F:/repos/a35/NUEVO/arkanoid/A35/A35.runs/synth_1/runme.log
[Mon Jun 17 10:40:34 2019] Launched impl_1...
Run output will be captured here: F:/repos/a35/NUEVO/arkanoid/A35/A35.runs/impl_1/runme.log
INFO: [Labtoolstcl 44-466] Opening hw_target localhost:3121/xilinx_tcf/Xilinx/00000000000000
INFO: [Labtools 27-1435] Device xc7a35t (JTAG device index = 0) is not programmed (DONE status = 0).
WARNING: [Labtoolstcl 44-129] No matching hw_ila_data was found.
set_property PROBES.FILE {} [get_hw_devices xc7a35t_0]
set_property FULL_PROBES.FILE {} [get_hw_devices xc7a35t_0]
set_property PROGRAM.FILE {F:/repos/a35/NUEVO/arkanoid/A35/A35.runs/impl_1/arkanoid_top.bit} [get_hw_devices xc7a35t_0]
program_hw_devices [get_hw_devices xc7a35t_0]
INFO: [Labtools 27-3164] End of startup status: HIGH
program_hw_devices: Time (s): cpu = 00:00:05 ; elapsed = 00:00:05 . Memory (MB): peak = 2028.465 ; gain = 0.000
refresh_hw_device [lindex [get_hw_devices xc7a35t_0] 0]
INFO: [Labtools 27-1434] Device xc7a35t (JTAG device index = 0) is programmed with a design that has no supported debug core(s) in it.
set_property PROBES.FILE {} [get_hw_devices xc7a35t_0]
set_property FULL_PROBES.FILE {} [get_hw_devices xc7a35t_0]
set_property PROGRAM.FILE {F:/repos/a35/NUEVO/arkanoid/A35/A35.runs/impl_1/arkanoid_top.bit} [get_hw_devices xc7a35t_0]
program_hw_devices [get_hw_devices xc7a35t_0]
INFO: [Labtools 27-3164] End of startup status: HIGH
refresh_hw_device [lindex [get_hw_devices xc7a35t_0] 0]
INFO: [Labtools 27-1434] Device xc7a35t (JTAG device index = 0) is programmed with a design that has no supported debug core(s) in it.
ERROR: [Labtoolstcl 44-513] HW Target shutdown. Closing target: localhost:3121/xilinx_tcf/Xilinx/00000000000000
reset_run synth_1
launch_runs impl_1 -to_step write_bitstream -jobs 2
[Mon Jun 17 10:57:40 2019] Launched synth_1...
Run output will be captured here: F:/repos/a35/NUEVO/arkanoid/A35/A35.runs/synth_1/runme.log
[Mon Jun 17 10:57:40 2019] Launched impl_1...
Run output will be captured here: F:/repos/a35/NUEVO/arkanoid/A35/A35.runs/impl_1/runme.log
INFO: [Labtoolstcl 44-466] Opening hw_target localhost:3121/xilinx_tcf/Xilinx/00000000000000
INFO: [Labtools 27-1435] Device xc7a35t (JTAG device index = 0) is not programmed (DONE status = 0).
WARNING: [Labtoolstcl 44-129] No matching hw_ila_data was found.
set_property PROBES.FILE {} [get_hw_devices xc7a35t_0]
set_property FULL_PROBES.FILE {} [get_hw_devices xc7a35t_0]
set_property PROGRAM.FILE {F:/repos/a35/NUEVO/arkanoid/A35/A35.runs/impl_1/arkanoid_top.bit} [get_hw_devices xc7a35t_0]
program_hw_devices [get_hw_devices xc7a35t_0]
INFO: [Labtools 27-3164] End of startup status: HIGH
refresh_hw_device [lindex [get_hw_devices xc7a35t_0] 0]
INFO: [Labtools 27-1434] Device xc7a35t (JTAG device index = 0) is programmed with a design that has no supported debug core(s) in it.
ERROR: [Labtoolstcl 44-513] HW Target shutdown. Closing target: localhost:3121/xilinx_tcf/Xilinx/00000000000000
reset_run synth_1
launch_runs impl_1 -to_step write_bitstream -jobs 2
[Mon Jun 17 11:08:50 2019] Launched synth_1...
Run output will be captured here: F:/repos/a35/NUEVO/arkanoid/A35/A35.runs/synth_1/runme.log
[Mon Jun 17 11:08:50 2019] Launched impl_1...
Run output will be captured here: F:/repos/a35/NUEVO/arkanoid/A35/A35.runs/impl_1/runme.log
INFO: [Labtoolstcl 44-466] Opening hw_target localhost:3121/xilinx_tcf/Xilinx/00000000000000
INFO: [Labtools 27-1435] Device xc7a35t (JTAG device index = 0) is not programmed (DONE status = 0).
WARNING: [Labtoolstcl 44-129] No matching hw_ila_data was found.
set_property PROBES.FILE {} [get_hw_devices xc7a35t_0]
set_property FULL_PROBES.FILE {} [get_hw_devices xc7a35t_0]
set_property PROGRAM.FILE {F:/repos/a35/NUEVO/arkanoid/A35/A35.runs/impl_1/arkanoid_top.bit} [get_hw_devices xc7a35t_0]
program_hw_devices [get_hw_devices xc7a35t_0]
INFO: [Labtools 27-3164] End of startup status: HIGH
refresh_hw_device [lindex [get_hw_devices xc7a35t_0] 0]
INFO: [Labtools 27-1434] Device xc7a35t (JTAG device index = 0) is programmed with a design that has no supported debug core(s) in it.
ERROR: [Labtoolstcl 44-513] HW Target shutdown. Closing target: localhost:3121/xilinx_tcf/Xilinx/00000000000000
reset_run synth_1
launch_runs impl_1 -to_step write_bitstream -jobs 2
[Mon Jun 17 11:56:02 2019] Launched synth_1...
Run output will be captured here: F:/repos/a35/NUEVO/arkanoid/A35/A35.runs/synth_1/runme.log
[Mon Jun 17 11:56:02 2019] Launched impl_1...
Run output will be captured here: F:/repos/a35/NUEVO/arkanoid/A35/A35.runs/impl_1/runme.log
INFO: [Labtoolstcl 44-466] Opening hw_target localhost:3121/xilinx_tcf/Xilinx/00000000000000
INFO: [Labtools 27-1435] Device xc7a35t (JTAG device index = 0) is not programmed (DONE status = 0).
WARNING: [Labtoolstcl 44-129] No matching hw_ila_data was found.
set_property PROBES.FILE {} [get_hw_devices xc7a35t_0]
set_property FULL_PROBES.FILE {} [get_hw_devices xc7a35t_0]
set_property PROGRAM.FILE {F:/repos/a35/NUEVO/arkanoid/A35/A35.runs/impl_1/arkanoid_top.bit} [get_hw_devices xc7a35t_0]
program_hw_devices [get_hw_devices xc7a35t_0]
INFO: [Labtools 27-3164] End of startup status: HIGH
refresh_hw_device [lindex [get_hw_devices xc7a35t_0] 0]
INFO: [Labtools 27-1434] Device xc7a35t (JTAG device index = 0) is programmed with a design that has no supported debug core(s) in it.
ERROR: [Labtoolstcl 44-513] HW Target shutdown. Closing target: localhost:3121/xilinx_tcf/Xilinx/00000000000000
reset_run synth_1
launch_runs impl_1 -to_step write_bitstream -jobs 2
[Mon Jun 17 12:27:38 2019] Launched synth_1...
Run output will be captured here: F:/repos/a35/NUEVO/arkanoid/A35/A35.runs/synth_1/runme.log
[Mon Jun 17 12:27:38 2019] Launched impl_1...
Run output will be captured here: F:/repos/a35/NUEVO/arkanoid/A35/A35.runs/impl_1/runme.log
reset_run synth_1
launch_runs impl_1 -to_step write_bitstream -jobs 2
[Mon Jun 17 12:29:04 2019] Launched synth_1...
Run output will be captured here: F:/repos/a35/NUEVO/arkanoid/A35/A35.runs/synth_1/runme.log
[Mon Jun 17 12:29:04 2019] Launched impl_1...
Run output will be captured here: F:/repos/a35/NUEVO/arkanoid/A35/A35.runs/impl_1/runme.log
INFO: [Labtoolstcl 44-466] Opening hw_target localhost:3121/xilinx_tcf/Xilinx/00000000000000
INFO: [Labtools 27-1435] Device xc7a35t (JTAG device index = 0) is not programmed (DONE status = 0).
WARNING: [Labtoolstcl 44-129] No matching hw_ila_data was found.
set_property PROBES.FILE {} [get_hw_devices xc7a35t_0]
set_property FULL_PROBES.FILE {} [get_hw_devices xc7a35t_0]
set_property PROGRAM.FILE {F:/repos/a35/NUEVO/arkanoid/A35/A35.runs/impl_1/arkanoid_top.bit} [get_hw_devices xc7a35t_0]
program_hw_devices [get_hw_devices xc7a35t_0]
INFO: [Labtools 27-3164] End of startup status: HIGH
refresh_hw_device [lindex [get_hw_devices xc7a35t_0] 0]
INFO: [Labtools 27-1434] Device xc7a35t (JTAG device index = 0) is programmed with a design that has no supported debug core(s) in it.
ERROR: [Labtoolstcl 44-513] HW Target shutdown. Closing target: localhost:3121/xilinx_tcf/Xilinx/00000000000000
reset_run synth_1
launch_runs impl_1 -to_step write_bitstream -jobs 2
[Mon Jun 17 12:40:18 2019] Launched synth_1...
Run output will be captured here: F:/repos/a35/NUEVO/arkanoid/A35/A35.runs/synth_1/runme.log
[Mon Jun 17 12:40:18 2019] Launched impl_1...
Run output will be captured here: F:/repos/a35/NUEVO/arkanoid/A35/A35.runs/impl_1/runme.log
INFO: [Labtoolstcl 44-466] Opening hw_target localhost:3121/xilinx_tcf/Xilinx/00000000000000
INFO: [Labtools 27-1435] Device xc7a35t (JTAG device index = 0) is not programmed (DONE status = 0).
WARNING: [Labtoolstcl 44-129] No matching hw_ila_data was found.
set_property PROBES.FILE {} [get_hw_devices xc7a35t_0]
set_property FULL_PROBES.FILE {} [get_hw_devices xc7a35t_0]
set_property PROGRAM.FILE {F:/repos/a35/NUEVO/arkanoid/A35/A35.runs/impl_1/arkanoid_top.bit} [get_hw_devices xc7a35t_0]
program_hw_devices [get_hw_devices xc7a35t_0]
INFO: [Labtools 27-3164] End of startup status: HIGH
refresh_hw_device [lindex [get_hw_devices xc7a35t_0] 0]
INFO: [Labtools 27-1434] Device xc7a35t (JTAG device index = 0) is programmed with a design that has no supported debug core(s) in it.
ERROR: [Labtoolstcl 44-513] HW Target shutdown. Closing target: localhost:3121/xilinx_tcf/Xilinx/00000000000000
reset_run synth_1
launch_runs impl_1 -to_step write_bitstream -jobs 2
[Mon Jun 17 13:07:25 2019] Launched synth_1...
Run output will be captured here: F:/repos/a35/NUEVO/arkanoid/A35/A35.runs/synth_1/runme.log
[Mon Jun 17 13:07:25 2019] Launched impl_1...
Run output will be captured here: F:/repos/a35/NUEVO/arkanoid/A35/A35.runs/impl_1/runme.log
INFO: [Labtoolstcl 44-466] Opening hw_target localhost:3121/xilinx_tcf/Xilinx/00000000000000
INFO: [Labtools 27-1435] Device xc7a35t (JTAG device index = 0) is not programmed (DONE status = 0).
WARNING: [Labtoolstcl 44-129] No matching hw_ila_data was found.
set_property PROBES.FILE {} [get_hw_devices xc7a35t_0]
set_property FULL_PROBES.FILE {} [get_hw_devices xc7a35t_0]
set_property PROGRAM.FILE {F:/repos/a35/NUEVO/arkanoid/A35/A35.runs/impl_1/arkanoid_top.bit} [get_hw_devices xc7a35t_0]
program_hw_devices [get_hw_devices xc7a35t_0]
INFO: [Labtools 27-3164] End of startup status: HIGH
refresh_hw_device [lindex [get_hw_devices xc7a35t_0] 0]
INFO: [Labtools 27-1434] Device xc7a35t (JTAG device index = 0) is programmed with a design that has no supported debug core(s) in it.
set_property PROBES.FILE {} [get_hw_devices xc7a35t_0]
set_property FULL_PROBES.FILE {} [get_hw_devices xc7a35t_0]
set_property PROGRAM.FILE {F:/repos/a35/NUEVO/arkanoid/A35/A35.runs/impl_1/arkanoid_top.bit} [get_hw_devices xc7a35t_0]
program_hw_devices [get_hw_devices xc7a35t_0]
INFO: [Labtools 27-3164] End of startup status: HIGH
refresh_hw_device [lindex [get_hw_devices xc7a35t_0] 0]
INFO: [Labtools 27-1434] Device xc7a35t (JTAG device index = 0) is programmed with a design that has no supported debug core(s) in it.
ERROR: [Labtoolstcl 44-513] HW Target shutdown. Closing target: localhost:3121/xilinx_tcf/Xilinx/00000000000000
INFO: [Labtoolstcl 44-466] Opening hw_target localhost:3121/xilinx_tcf/Xilinx/00000000000000
INFO: [Labtools 27-1435] Device xc7a35t (JTAG device index = 0) is not programmed (DONE status = 0).
WARNING: [Labtoolstcl 44-129] No matching hw_ila_data was found.
set_property PROBES.FILE {} [get_hw_devices xc7a35t_0]
set_property FULL_PROBES.FILE {} [get_hw_devices xc7a35t_0]
set_property PROGRAM.FILE {F:/repos/a35/NUEVO/arkanoid/A35/A35.runs/impl_1/arkanoid_top.bit} [get_hw_devices xc7a35t_0]
program_hw_devices [get_hw_devices xc7a35t_0]
INFO: [Labtools 27-3164] End of startup status: HIGH
refresh_hw_device [lindex [get_hw_devices xc7a35t_0] 0]
INFO: [Labtools 27-1434] Device xc7a35t (JTAG device index = 0) is programmed with a design that has no supported debug core(s) in it.
ERROR: [Labtoolstcl 44-513] HW Target shutdown. Closing target: localhost:3121/xilinx_tcf/Xilinx/00000000000000
INFO: [Labtoolstcl 44-466] Opening hw_target localhost:3121/xilinx_tcf/Xilinx/00000000000000
INFO: [Labtools 27-1435] Device xc7a35t (JTAG device index = 0) is not programmed (DONE status = 0).
WARNING: [Labtoolstcl 44-129] No matching hw_ila_data was found.
set_property PROBES.FILE {} [get_hw_devices xc7a35t_0]
set_property FULL_PROBES.FILE {} [get_hw_devices xc7a35t_0]
set_property PROGRAM.FILE {F:/repos/a35/NUEVO/arkanoid/A35/A35.runs/impl_1/arkanoid_top.bit} [get_hw_devices xc7a35t_0]
program_hw_devices [get_hw_devices xc7a35t_0]
INFO: [Labtools 27-3164] End of startup status: HIGH
refresh_hw_device [lindex [get_hw_devices xc7a35t_0] 0]
INFO: [Labtools 27-1434] Device xc7a35t (JTAG device index = 0) is programmed with a design that has no supported debug core(s) in it.
ERROR: [Labtoolstcl 44-513] HW Target shutdown. Closing target: localhost:3121/xilinx_tcf/Xilinx/00000000000000
reset_run synth_1
launch_runs impl_1 -to_step write_bitstream -jobs 2
[Mon Jun 17 13:26:19 2019] Launched synth_1...
Run output will be captured here: F:/repos/a35/NUEVO/arkanoid/A35/A35.runs/synth_1/runme.log
[Mon Jun 17 13:26:19 2019] Launched impl_1...
Run output will be captured here: F:/repos/a35/NUEVO/arkanoid/A35/A35.runs/impl_1/runme.log
INFO: [Labtoolstcl 44-466] Opening hw_target localhost:3121/xilinx_tcf/Xilinx/00000000000000
INFO: [Labtools 27-1435] Device xc7a35t (JTAG device index = 0) is not programmed (DONE status = 0).
WARNING: [Labtoolstcl 44-129] No matching hw_ila_data was found.
ERROR: [Labtoolstcl 44-513] HW Target shutdown. Closing target: localhost:3121/xilinx_tcf/Xilinx/00000000000000
INFO: [Labtoolstcl 44-466] Opening hw_target localhost:3121/xilinx_tcf/Xilinx/00000000000000
INFO: [Labtools 27-1435] Device xc7a35t (JTAG device index = 0) is not programmed (DONE status = 0).
WARNING: [Labtoolstcl 44-129] No matching hw_ila_data was found.
set_property PROBES.FILE {} [get_hw_devices xc7a35t_0]
set_property FULL_PROBES.FILE {} [get_hw_devices xc7a35t_0]
set_property PROGRAM.FILE {F:/repos/a35/NUEVO/arkanoid/A35/A35.runs/impl_1/arkanoid_top.bit} [get_hw_devices xc7a35t_0]
program_hw_devices [get_hw_devices xc7a35t_0]
INFO: [Labtools 27-3164] End of startup status: HIGH
refresh_hw_device [lindex [get_hw_devices xc7a35t_0] 0]
INFO: [Labtools 27-1434] Device xc7a35t (JTAG device index = 0) is programmed with a design that has no supported debug core(s) in it.
ERROR: [Labtoolstcl 44-513] HW Target shutdown. Closing target: localhost:3121/xilinx_tcf/Xilinx/00000000000000
reset_run synth_1
launch_runs impl_1 -to_step write_bitstream -jobs 2
[Mon Jun 17 13:38:42 2019] Launched synth_1...
Run output will be captured here: F:/repos/a35/NUEVO/arkanoid/A35/A35.runs/synth_1/runme.log
[Mon Jun 17 13:38:42 2019] Launched impl_1...
Run output will be captured here: F:/repos/a35/NUEVO/arkanoid/A35/A35.runs/impl_1/runme.log
INFO: [Labtoolstcl 44-466] Opening hw_target localhost:3121/xilinx_tcf/Xilinx/00000000000000
INFO: [Labtools 27-1435] Device xc7a35t (JTAG device index = 0) is not programmed (DONE status = 0).
WARNING: [Labtoolstcl 44-129] No matching hw_ila_data was found.
set_property PROBES.FILE {} [get_hw_devices xc7a35t_0]
set_property FULL_PROBES.FILE {} [get_hw_devices xc7a35t_0]
set_property PROGRAM.FILE {F:/repos/a35/NUEVO/arkanoid/A35/A35.runs/impl_1/arkanoid_top.bit} [get_hw_devices xc7a35t_0]
program_hw_devices [get_hw_devices xc7a35t_0]
INFO: [Labtools 27-3164] End of startup status: HIGH
refresh_hw_device [lindex [get_hw_devices xc7a35t_0] 0]
INFO: [Labtools 27-1434] Device xc7a35t (JTAG device index = 0) is programmed with a design that has no supported debug core(s) in it.
ERROR: [Labtoolstcl 44-513] HW Target shutdown. Closing target: localhost:3121/xilinx_tcf/Xilinx/00000000000000
INFO: [Labtoolstcl 44-466] Opening hw_target localhost:3121/xilinx_tcf/Xilinx/00000000000000
INFO: [Labtools 27-1435] Device xc7a35t (JTAG device index = 0) is not programmed (DONE status = 0).
WARNING: [Labtoolstcl 44-129] No matching hw_ila_data was found.
set_property PROBES.FILE {} [get_hw_devices xc7a35t_0]
set_property FULL_PROBES.FILE {} [get_hw_devices xc7a35t_0]
set_property PROGRAM.FILE {F:/repos/a35/NUEVO/arkanoid/A35/A35.runs/impl_1/arkanoid_top.bit} [get_hw_devices xc7a35t_0]
program_hw_devices [get_hw_devices xc7a35t_0]
INFO: [Labtools 27-3164] End of startup status: HIGH
refresh_hw_device [lindex [get_hw_devices xc7a35t_0] 0]
INFO: [Labtools 27-1434] Device xc7a35t (JTAG device index = 0) is programmed with a design that has no supported debug core(s) in it.
reset_run synth_1
launch_runs impl_1 -to_step write_bitstream -jobs 2
[Mon Jun 17 14:10:23 2019] Launched synth_1...
Run output will be captured here: F:/repos/a35/NUEVO/arkanoid/A35/A35.runs/synth_1/runme.log
[Mon Jun 17 14:10:23 2019] Launched impl_1...
Run output will be captured here: F:/repos/a35/NUEVO/arkanoid/A35/A35.runs/impl_1/runme.log
reset_run synth_1
launch_runs impl_1 -to_step write_bitstream -jobs 2
[Mon Jun 17 14:14:38 2019] Launched synth_1...
Run output will be captured here: F:/repos/a35/NUEVO/arkanoid/A35/A35.runs/synth_1/runme.log
[Mon Jun 17 14:14:38 2019] Launched impl_1...
Run output will be captured here: F:/repos/a35/NUEVO/arkanoid/A35/A35.runs/impl_1/runme.log
set_property PROBES.FILE {} [get_hw_devices xc7a35t_0]
set_property FULL_PROBES.FILE {} [get_hw_devices xc7a35t_0]
set_property PROGRAM.FILE {F:/repos/a35/NUEVO/arkanoid/A35/A35.runs/impl_1/arkanoid_top.bit} [get_hw_devices xc7a35t_0]
program_hw_devices [get_hw_devices xc7a35t_0]
INFO: [Labtools 27-3164] End of startup status: HIGH
refresh_hw_device [lindex [get_hw_devices xc7a35t_0] 0]
INFO: [Labtools 27-1434] Device xc7a35t (JTAG device index = 0) is programmed with a design that has no supported debug core(s) in it.
set_property PROBES.FILE {} [get_hw_devices xc7a35t_0]
set_property FULL_PROBES.FILE {} [get_hw_devices xc7a35t_0]
set_property PROGRAM.FILE {F:/repos/a35/NUEVO/arkanoid/A35/A35.runs/impl_1/arkanoid_top.bit} [get_hw_devices xc7a35t_0]
program_hw_devices [get_hw_devices xc7a35t_0]
INFO: [Labtools 27-3164] End of startup status: HIGH
refresh_hw_device [lindex [get_hw_devices xc7a35t_0] 0]
INFO: [Labtools 27-1434] Device xc7a35t (JTAG device index = 0) is programmed with a design that has no supported debug core(s) in it.
ERROR: [Labtoolstcl 44-513] HW Target shutdown. Closing target: localhost:3121/xilinx_tcf/Xilinx/00000000000000
reset_run synth_1
launch_runs impl_1 -to_step write_bitstream -jobs 2
[Mon Jun 17 14:25:34 2019] Launched synth_1...
Run output will be captured here: F:/repos/a35/NUEVO/arkanoid/A35/A35.runs/synth_1/runme.log
[Mon Jun 17 14:25:34 2019] Launched impl_1...
Run output will be captured here: F:/repos/a35/NUEVO/arkanoid/A35/A35.runs/impl_1/runme.log
INFO: [Labtoolstcl 44-466] Opening hw_target localhost:3121/xilinx_tcf/Xilinx/00000000000000
INFO: [Labtools 27-1435] Device xc7a35t (JTAG device index = 0) is not programmed (DONE status = 0).
WARNING: [Labtoolstcl 44-129] No matching hw_ila_data was found.
set_property PROBES.FILE {} [get_hw_devices xc7a35t_0]
set_property FULL_PROBES.FILE {} [get_hw_devices xc7a35t_0]
set_property PROGRAM.FILE {F:/repos/a35/NUEVO/arkanoid/A35/A35.runs/impl_1/arkanoid_top.bit} [get_hw_devices xc7a35t_0]
program_hw_devices [get_hw_devices xc7a35t_0]
INFO: [Labtools 27-3164] End of startup status: HIGH
refresh_hw_device [lindex [get_hw_devices xc7a35t_0] 0]
INFO: [Labtools 27-1434] Device xc7a35t (JTAG device index = 0) is programmed with a design that has no supported debug core(s) in it.
ERROR: [Labtoolstcl 44-513] HW Target shutdown. Closing target: localhost:3121/xilinx_tcf/Xilinx/00000000000000
reset_run synth_1
launch_runs impl_1 -to_step write_bitstream -jobs 2
[Mon Jun 17 14:36:59 2019] Launched synth_1...
Run output will be captured here: F:/repos/a35/NUEVO/arkanoid/A35/A35.runs/synth_1/runme.log
[Mon Jun 17 14:36:59 2019] Launched impl_1...
Run output will be captured here: F:/repos/a35/NUEVO/arkanoid/A35/A35.runs/impl_1/runme.log
INFO: [Labtoolstcl 44-466] Opening hw_target localhost:3121/xilinx_tcf/Xilinx/00000000000000
INFO: [Labtools 27-1435] Device xc7a35t (JTAG device index = 0) is not programmed (DONE status = 0).
WARNING: [Labtoolstcl 44-129] No matching hw_ila_data was found.
set_property PROBES.FILE {} [get_hw_devices xc7a35t_0]
set_property FULL_PROBES.FILE {} [get_hw_devices xc7a35t_0]
set_property PROGRAM.FILE {F:/repos/a35/NUEVO/arkanoid/A35/A35.runs/impl_1/arkanoid_top.bit} [get_hw_devices xc7a35t_0]
program_hw_devices [get_hw_devices xc7a35t_0]
INFO: [Labtools 27-3164] End of startup status: HIGH
refresh_hw_device [lindex [get_hw_devices xc7a35t_0] 0]
INFO: [Labtools 27-1434] Device xc7a35t (JTAG device index = 0) is programmed with a design that has no supported debug core(s) in it.
ERROR: [Labtoolstcl 44-513] HW Target shutdown. Closing target: localhost:3121/xilinx_tcf/Xilinx/00000000000000
reset_run synth_1
launch_runs impl_1 -to_step write_bitstream -jobs 2
[Mon Jun 17 14:51:34 2019] Launched synth_1...
Run output will be captured here: F:/repos/a35/NUEVO/arkanoid/A35/A35.runs/synth_1/runme.log
[Mon Jun 17 14:51:34 2019] Launched impl_1...
Run output will be captured here: F:/repos/a35/NUEVO/arkanoid/A35/A35.runs/impl_1/runme.log
INFO: [Labtoolstcl 44-466] Opening hw_target localhost:3121/xilinx_tcf/Xilinx/00000000000000
INFO: [Labtools 27-1435] Device xc7a35t (JTAG device index = 0) is not programmed (DONE status = 0).
WARNING: [Labtoolstcl 44-129] No matching hw_ila_data was found.
set_property PROBES.FILE {} [get_hw_devices xc7a35t_0]
set_property FULL_PROBES.FILE {} [get_hw_devices xc7a35t_0]
set_property PROGRAM.FILE {F:/repos/a35/NUEVO/arkanoid/A35/A35.runs/impl_1/arkanoid_top.bit} [get_hw_devices xc7a35t_0]
program_hw_devices [get_hw_devices xc7a35t_0]
INFO: [Labtools 27-3164] End of startup status: HIGH
refresh_hw_device [lindex [get_hw_devices xc7a35t_0] 0]
INFO: [Labtools 27-1434] Device xc7a35t (JTAG device index = 0) is programmed with a design that has no supported debug core(s) in it.
ERROR: [Labtoolstcl 44-513] HW Target shutdown. Closing target: localhost:3121/xilinx_tcf/Xilinx/00000000000000
INFO: [Labtoolstcl 44-466] Opening hw_target localhost:3121/xilinx_tcf/Xilinx/00000000000000
INFO: [Labtools 27-1435] Device xc7a35t (JTAG device index = 0) is not programmed (DONE status = 0).
WARNING: [Labtoolstcl 44-129] No matching hw_ila_data was found.
reset_run synth_1
launch_runs impl_1 -to_step write_bitstream -jobs 2
[Mon Jun 17 15:04:55 2019] Launched synth_1...
Run output will be captured here: F:/repos/a35/NUEVO/arkanoid/A35/A35.runs/synth_1/runme.log
[Mon Jun 17 15:04:55 2019] Launched impl_1...
Run output will be captured here: F:/repos/a35/NUEVO/arkanoid/A35/A35.runs/impl_1/runme.log
set_property PROBES.FILE {} [get_hw_devices xc7a35t_0]
set_property FULL_PROBES.FILE {} [get_hw_devices xc7a35t_0]
set_property PROGRAM.FILE {F:/repos/a35/NUEVO/arkanoid/A35/A35.runs/impl_1/arkanoid_top.bit} [get_hw_devices xc7a35t_0]
program_hw_devices [get_hw_devices xc7a35t_0]
INFO: [Labtools 27-3164] End of startup status: HIGH
refresh_hw_device [lindex [get_hw_devices xc7a35t_0] 0]
INFO: [Labtools 27-1434] Device xc7a35t (JTAG device index = 0) is programmed with a design that has no supported debug core(s) in it.
ERROR: [Labtoolstcl 44-513] HW Target shutdown. Closing target: localhost:3121/xilinx_tcf/Xilinx/00000000000000
exit
INFO: [Common 17-206] Exiting Vivado at Mon Jun 17 15:17:44 2019...
