#-----------------------------------------------------------
# Vivado v2018.3.1 (64-bit)
# SW Build 2489853 on Tue Mar 26 04:20:25 MDT 2019
# IP Build 2486929 on Tue Mar 26 06:44:21 MDT 2019
# Start of session at: Tue Jun 11 09:40:04 2019
# Process ID: 11428
# Current directory: F:/repos/a35/NUEVO/arkanoid/A35
# Command line: vivado.exe -gui_launcher_event rodinguilauncherevent13276 F:\repos\a35\NUEVO\arkanoid\A35\A35.xpr
# Log file: F:/repos/a35/NUEVO/arkanoid/A35/vivado.log
# Journal file: F:/repos/a35/NUEVO/arkanoid/A35\vivado.jou
#-----------------------------------------------------------
start_gui
open_project F:/repos/a35/NUEVO/arkanoid/A35/A35.xpr
Scanning sources...
Finished scanning sources
WARNING: [filemgmt 56-3] IPUserFilesDir: Could not find the directory 'F:/repos/repos/a35/defender/a35t/a35t.ip_user_files'.
INFO: [IP_Flow 19-234] Refreshing IP repositories
INFO: [IP_Flow 19-1704] No user IP repositories specified
INFO: [IP_Flow 19-2313] Loaded Vivado IP repository 'F:/Xilinx/Vivado/2018.3/data/ip'.
open_project: Time (s): cpu = 00:00:25 ; elapsed = 00:00:18 . Memory (MB): peak = 682.777 ; gain = 106.699
reset_run synth_1
launch_runs impl_1 -to_step write_bitstream -jobs 2
[Tue Jun 11 09:47:23 2019] Launched synth_1...
Run output will be captured here: F:/repos/a35/NUEVO/arkanoid/A35/A35.runs/synth_1/runme.log
[Tue Jun 11 09:47:23 2019] Launched impl_1...
Run output will be captured here: F:/repos/a35/NUEVO/arkanoid/A35/A35.runs/impl_1/runme.log
open_hw
connect_hw_server
INFO: [Labtools 27-2285] Connecting to hw_server url TCP:localhost:3121
INFO: [Labtools 27-2222] Launching hw_server...
INFO: [Labtools 27-2221] Launch Output:

****** Xilinx hw_server v2018.3.1
  **** Build date : Mar 26 2019-05:02:51
    ** Copyright 1986-2018 Xilinx, Inc. All Rights Reserved.


open_hw_target
INFO: [Labtoolstcl 44-466] Opening hw_target localhost:3121/xilinx_tcf/Xilinx/00000000000000
open_hw_target: Time (s): cpu = 00:00:08 ; elapsed = 00:00:08 . Memory (MB): peak = 1699.313 ; gain = 749.512
set_property PROGRAM.FILE {F:/repos/a35/NUEVO/arkanoid/A35/A35.runs/impl_1/arkanoid_top.bit} [get_hw_devices xc7a35t_0]
current_hw_device [get_hw_devices xc7a35t_0]
refresh_hw_device -update_hw_probes false [lindex [get_hw_devices xc7a35t_0] 0]
INFO: [Labtools 27-1434] Device xc7a35t (JTAG device index = 0) is programmed with a design that has no supported debug core(s) in it.
set_property PROBES.FILE {} [get_hw_devices xc7a35t_0]
set_property FULL_PROBES.FILE {} [get_hw_devices xc7a35t_0]
set_property PROGRAM.FILE {F:/repos/a35/NUEVO/arkanoid/A35/A35.runs/impl_1/arkanoid_top.bit} [get_hw_devices xc7a35t_0]
program_hw_devices [get_hw_devices xc7a35t_0]
INFO: [Labtools 27-3164] End of startup status: HIGH
refresh_hw_device [lindex [get_hw_devices xc7a35t_0] 0]
INFO: [Labtools 27-1434] Device xc7a35t (JTAG device index = 0) is programmed with a design that has no supported debug core(s) in it.
ERROR: [Labtoolstcl 44-513] HW Target shutdown. Closing target: localhost:3121/xilinx_tcf/Xilinx/00000000000000
add_files -norecurse {F:/repos/a35/NUEVO/arkanoid/src/roms/color_prom_1c.vhd F:/repos/a35/NUEVO/arkanoid/src/roms/color_prom_3c.vhd F:/repos/a35/NUEVO/arkanoid/src/roms/color_prom_2c.vhd}
reset_run synth_1
launch_runs impl_1 -to_step write_bitstream -jobs 2
[Tue Jun 11 10:15:35 2019] Launched synth_1...
Run output will be captured here: F:/repos/a35/NUEVO/arkanoid/A35/A35.runs/synth_1/runme.log
[Tue Jun 11 10:15:35 2019] Launched impl_1...
Run output will be captured here: F:/repos/a35/NUEVO/arkanoid/A35/A35.runs/impl_1/runme.log
reset_run synth_1
launch_runs impl_1 -to_step write_bitstream -jobs 2
[Tue Jun 11 10:18:23 2019] Launched synth_1...
Run output will be captured here: F:/repos/a35/NUEVO/arkanoid/A35/A35.runs/synth_1/runme.log
[Tue Jun 11 10:18:23 2019] Launched impl_1...
Run output will be captured here: F:/repos/a35/NUEVO/arkanoid/A35/A35.runs/impl_1/runme.log
INFO: [Labtoolstcl 44-466] Opening hw_target localhost:3121/xilinx_tcf/Xilinx/00000000000000
INFO: [Labtools 27-1435] Device xc7a35t (JTAG device index = 0) is not programmed (DONE status = 0).
WARNING: [Labtoolstcl 44-129] No matching hw_ila_data was found.
set_property PROBES.FILE {} [get_hw_devices xc7a35t_0]
set_property FULL_PROBES.FILE {} [get_hw_devices xc7a35t_0]
set_property PROGRAM.FILE {F:/repos/a35/NUEVO/arkanoid/A35/A35.runs/impl_1/arkanoid_top.bit} [get_hw_devices xc7a35t_0]
program_hw_devices [get_hw_devices xc7a35t_0]
INFO: [Labtools 27-3164] End of startup status: HIGH
refresh_hw_device [lindex [get_hw_devices xc7a35t_0] 0]
INFO: [Labtools 27-1434] Device xc7a35t (JTAG device index = 0) is programmed with a design that has no supported debug core(s) in it.
ERROR: [Labtoolstcl 44-513] HW Target shutdown. Closing target: localhost:3121/xilinx_tcf/Xilinx/00000000000000
reset_run synth_1
launch_runs impl_1 -to_step write_bitstream -jobs 2
[Tue Jun 11 10:27:09 2019] Launched synth_1...
Run output will be captured here: F:/repos/a35/NUEVO/arkanoid/A35/A35.runs/synth_1/runme.log
[Tue Jun 11 10:27:09 2019] Launched impl_1...
Run output will be captured here: F:/repos/a35/NUEVO/arkanoid/A35/A35.runs/impl_1/runme.log
INFO: [Labtoolstcl 44-466] Opening hw_target localhost:3121/xilinx_tcf/Xilinx/00000000000000
INFO: [Labtools 27-1435] Device xc7a35t (JTAG device index = 0) is not programmed (DONE status = 0).
WARNING: [Labtoolstcl 44-129] No matching hw_ila_data was found.
set_property PROBES.FILE {} [get_hw_devices xc7a35t_0]
set_property FULL_PROBES.FILE {} [get_hw_devices xc7a35t_0]
set_property PROGRAM.FILE {F:/repos/a35/NUEVO/arkanoid/A35/A35.runs/impl_1/arkanoid_top.bit} [get_hw_devices xc7a35t_0]
program_hw_devices [get_hw_devices xc7a35t_0]
INFO: [Labtools 27-3164] End of startup status: HIGH
refresh_hw_device [lindex [get_hw_devices xc7a35t_0] 0]
INFO: [Labtools 27-1434] Device xc7a35t (JTAG device index = 0) is programmed with a design that has no supported debug core(s) in it.
ERROR: [Labtoolstcl 44-513] HW Target shutdown. Closing target: localhost:3121/xilinx_tcf/Xilinx/00000000000000
add_files -norecurse {F:/repos/a35/NUEVO/arkanoid/src/roms/a75-04.ic63.mem F:/repos/a35/NUEVO/arkanoid/src/roms/a75-05.ic62.mem F:/repos/a35/NUEVO/arkanoid/src/roms/a75-03.ic64.mem}
add_files -norecurse F:/repos/a35/NUEVO/arkanoid/src/rtl_mio/sprom.v
reset_run synth_1
launch_runs impl_1 -to_step write_bitstream -jobs 2
[Tue Jun 11 13:55:51 2019] Launched synth_1...
Run output will be captured here: F:/repos/a35/NUEVO/arkanoid/A35/A35.runs/synth_1/runme.log
[Tue Jun 11 13:55:51 2019] Launched impl_1...
Run output will be captured here: F:/repos/a35/NUEVO/arkanoid/A35/A35.runs/impl_1/runme.log
INFO: [Labtoolstcl 44-466] Opening hw_target localhost:3121/xilinx_tcf/Xilinx/00000000000000
INFO: [Labtools 27-1435] Device xc7a35t (JTAG device index = 0) is not programmed (DONE status = 0).
WARNING: [Labtoolstcl 44-129] No matching hw_ila_data was found.
set_property PROBES.FILE {} [get_hw_devices xc7a35t_0]
set_property FULL_PROBES.FILE {} [get_hw_devices xc7a35t_0]
set_property PROGRAM.FILE {F:/repos/a35/NUEVO/arkanoid/A35/A35.runs/impl_1/arkanoid_top.bit} [get_hw_devices xc7a35t_0]
program_hw_devices [get_hw_devices xc7a35t_0]
INFO: [Labtools 27-3164] End of startup status: HIGH
refresh_hw_device [lindex [get_hw_devices xc7a35t_0] 0]
INFO: [Labtools 27-1434] Device xc7a35t (JTAG device index = 0) is programmed with a design that has no supported debug core(s) in it.
ERROR: [Labtoolstcl 44-513] HW Target shutdown. Closing target: localhost:3121/xilinx_tcf/Xilinx/00000000000000
reset_run synth_1
launch_runs impl_1 -to_step write_bitstream -jobs 2
[Wed Jun 12 08:44:32 2019] Launched synth_1...
Run output will be captured here: F:/repos/a35/NUEVO/arkanoid/A35/A35.runs/synth_1/runme.log
[Wed Jun 12 08:44:32 2019] Launched impl_1...
Run output will be captured here: F:/repos/a35/NUEVO/arkanoid/A35/A35.runs/impl_1/runme.log
INFO: [Labtoolstcl 44-466] Opening hw_target localhost:3121/xilinx_tcf/Xilinx/00000000000000
INFO: [Labtools 27-1435] Device xc7a35t (JTAG device index = 0) is not programmed (DONE status = 0).
WARNING: [Labtoolstcl 44-129] No matching hw_ila_data was found.
set_property PROBES.FILE {} [get_hw_devices xc7a35t_0]
set_property FULL_PROBES.FILE {} [get_hw_devices xc7a35t_0]
set_property PROGRAM.FILE {F:/repos/a35/NUEVO/arkanoid/A35/A35.runs/impl_1/arkanoid_top.bit} [get_hw_devices xc7a35t_0]
program_hw_devices [get_hw_devices xc7a35t_0]
INFO: [Labtools 27-3164] End of startup status: HIGH
refresh_hw_device [lindex [get_hw_devices xc7a35t_0] 0]
INFO: [Labtools 27-1434] Device xc7a35t (JTAG device index = 0) is programmed with a design that has no supported debug core(s) in it.
ERROR: [Labtoolstcl 44-513] HW Target shutdown. Closing target: localhost:3121/xilinx_tcf/Xilinx/00000000000000
reset_run synth_1
launch_runs impl_1 -to_step write_bitstream -jobs 2
[Wed Jun 12 08:57:48 2019] Launched synth_1...
Run output will be captured here: F:/repos/a35/NUEVO/arkanoid/A35/A35.runs/synth_1/runme.log
[Wed Jun 12 08:57:49 2019] Launched impl_1...
Run output will be captured here: F:/repos/a35/NUEVO/arkanoid/A35/A35.runs/impl_1/runme.log
reset_run synth_1
launch_runs impl_1 -to_step write_bitstream -jobs 2
[Wed Jun 12 08:58:32 2019] Launched synth_1...
Run output will be captured here: F:/repos/a35/NUEVO/arkanoid/A35/A35.runs/synth_1/runme.log
[Wed Jun 12 08:58:32 2019] Launched impl_1...
Run output will be captured here: F:/repos/a35/NUEVO/arkanoid/A35/A35.runs/impl_1/runme.log
reset_run synth_1
launch_runs impl_1 -to_step write_bitstream -jobs 2
[Wed Jun 12 08:59:52 2019] Launched synth_1...
Run output will be captured here: F:/repos/a35/NUEVO/arkanoid/A35/A35.runs/synth_1/runme.log
[Wed Jun 12 08:59:52 2019] Launched impl_1...
Run output will be captured here: F:/repos/a35/NUEVO/arkanoid/A35/A35.runs/impl_1/runme.log
reset_run synth_1
launch_runs impl_1 -to_step write_bitstream -jobs 2
[Wed Jun 12 12:55:50 2019] Launched synth_1...
Run output will be captured here: F:/repos/a35/NUEVO/arkanoid/A35/A35.runs/synth_1/runme.log
[Wed Jun 12 12:55:50 2019] Launched impl_1...
Run output will be captured here: F:/repos/a35/NUEVO/arkanoid/A35/A35.runs/impl_1/runme.log
INFO: [Labtoolstcl 44-466] Opening hw_target localhost:3121/xilinx_tcf/Xilinx/00000000000000
INFO: [Labtools 27-1435] Device xc7a35t (JTAG device index = 0) is not programmed (DONE status = 0).
WARNING: [Labtoolstcl 44-129] No matching hw_ila_data was found.
set_property PROBES.FILE {} [get_hw_devices xc7a35t_0]
set_property FULL_PROBES.FILE {} [get_hw_devices xc7a35t_0]
set_property PROGRAM.FILE {F:/repos/a35/NUEVO/arkanoid/A35/A35.runs/impl_1/arkanoid_top.bit} [get_hw_devices xc7a35t_0]
program_hw_devices [get_hw_devices xc7a35t_0]
INFO: [Labtools 27-3164] End of startup status: HIGH
refresh_hw_device [lindex [get_hw_devices xc7a35t_0] 0]
INFO: [Labtools 27-1434] Device xc7a35t (JTAG device index = 0) is programmed with a design that has no supported debug core(s) in it.
ERROR: [Labtoolstcl 44-513] HW Target shutdown. Closing target: localhost:3121/xilinx_tcf/Xilinx/00000000000000
reset_run synth_1
launch_runs impl_1 -to_step write_bitstream -jobs 2
[Wed Jun 12 13:41:52 2019] Launched synth_1...
Run output will be captured here: F:/repos/a35/NUEVO/arkanoid/A35/A35.runs/synth_1/runme.log
[Wed Jun 12 13:41:52 2019] Launched impl_1...
Run output will be captured here: F:/repos/a35/NUEVO/arkanoid/A35/A35.runs/impl_1/runme.log
INFO: [Labtoolstcl 44-466] Opening hw_target localhost:3121/xilinx_tcf/Xilinx/00000000000000
INFO: [Labtools 27-1435] Device xc7a35t (JTAG device index = 0) is not programmed (DONE status = 0).
WARNING: [Labtoolstcl 44-129] No matching hw_ila_data was found.
set_property PROBES.FILE {} [get_hw_devices xc7a35t_0]
set_property FULL_PROBES.FILE {} [get_hw_devices xc7a35t_0]
set_property PROGRAM.FILE {F:/repos/a35/NUEVO/arkanoid/A35/A35.runs/impl_1/arkanoid_top.bit} [get_hw_devices xc7a35t_0]
program_hw_devices [get_hw_devices xc7a35t_0]
INFO: [Labtools 27-3164] End of startup status: HIGH
refresh_hw_device [lindex [get_hw_devices xc7a35t_0] 0]
INFO: [Labtools 27-1434] Device xc7a35t (JTAG device index = 0) is programmed with a design that has no supported debug core(s) in it.
ERROR: [Labtoolstcl 44-513] HW Target shutdown. Closing target: localhost:3121/xilinx_tcf/Xilinx/00000000000000
reset_run synth_1
launch_runs impl_1 -to_step write_bitstream -jobs 2
[Wed Jun 12 13:50:46 2019] Launched synth_1...
Run output will be captured here: F:/repos/a35/NUEVO/arkanoid/A35/A35.runs/synth_1/runme.log
[Wed Jun 12 13:50:46 2019] Launched impl_1...
Run output will be captured here: F:/repos/a35/NUEVO/arkanoid/A35/A35.runs/impl_1/runme.log
INFO: [Labtoolstcl 44-466] Opening hw_target localhost:3121/xilinx_tcf/Xilinx/00000000000000
INFO: [Labtools 27-1435] Device xc7a35t (JTAG device index = 0) is not programmed (DONE status = 0).
WARNING: [Labtoolstcl 44-129] No matching hw_ila_data was found.
set_property PROBES.FILE {} [get_hw_devices xc7a35t_0]
set_property FULL_PROBES.FILE {} [get_hw_devices xc7a35t_0]
set_property PROGRAM.FILE {F:/repos/a35/NUEVO/arkanoid/A35/A35.runs/impl_1/arkanoid_top.bit} [get_hw_devices xc7a35t_0]
program_hw_devices [get_hw_devices xc7a35t_0]
INFO: [Labtools 27-3164] End of startup status: HIGH
program_hw_devices: Time (s): cpu = 00:00:05 ; elapsed = 00:00:10 . Memory (MB): peak = 1767.551 ; gain = 0.000
refresh_hw_device [lindex [get_hw_devices xc7a35t_0] 0]
INFO: [Labtools 27-1434] Device xc7a35t (JTAG device index = 0) is programmed with a design that has no supported debug core(s) in it.
ERROR: [Labtoolstcl 44-513] HW Target shutdown. Closing target: localhost:3121/xilinx_tcf/Xilinx/00000000000000
reset_run synth_1
launch_runs impl_1 -to_step write_bitstream -jobs 2
[Wed Jun 12 14:00:11 2019] Launched synth_1...
Run output will be captured here: F:/repos/a35/NUEVO/arkanoid/A35/A35.runs/synth_1/runme.log
[Wed Jun 12 14:00:11 2019] Launched impl_1...
Run output will be captured here: F:/repos/a35/NUEVO/arkanoid/A35/A35.runs/impl_1/runme.log
INFO: [Labtoolstcl 44-466] Opening hw_target localhost:3121/xilinx_tcf/Xilinx/00000000000000
INFO: [Labtools 27-1435] Device xc7a35t (JTAG device index = 0) is not programmed (DONE status = 0).
WARNING: [Labtoolstcl 44-129] No matching hw_ila_data was found.
set_property PROBES.FILE {} [get_hw_devices xc7a35t_0]
set_property FULL_PROBES.FILE {} [get_hw_devices xc7a35t_0]
set_property PROGRAM.FILE {F:/repos/a35/NUEVO/arkanoid/A35/A35.runs/impl_1/arkanoid_top.bit} [get_hw_devices xc7a35t_0]
program_hw_devices [get_hw_devices xc7a35t_0]
INFO: [Labtools 27-3164] End of startup status: HIGH
refresh_hw_device [lindex [get_hw_devices xc7a35t_0] 0]
INFO: [Labtools 27-1434] Device xc7a35t (JTAG device index = 0) is programmed with a design that has no supported debug core(s) in it.
ERROR: [Labtoolstcl 44-513] HW Target shutdown. Closing target: localhost:3121/xilinx_tcf/Xilinx/00000000000000
reset_run synth_1
launch_runs impl_1 -to_step write_bitstream -jobs 2
[Wed Jun 12 14:09:33 2019] Launched synth_1...
Run output will be captured here: F:/repos/a35/NUEVO/arkanoid/A35/A35.runs/synth_1/runme.log
[Wed Jun 12 14:09:33 2019] Launched impl_1...
Run output will be captured here: F:/repos/a35/NUEVO/arkanoid/A35/A35.runs/impl_1/runme.log
INFO: [Labtoolstcl 44-466] Opening hw_target localhost:3121/xilinx_tcf/Xilinx/00000000000000
INFO: [Labtools 27-1435] Device xc7a35t (JTAG device index = 0) is not programmed (DONE status = 0).
WARNING: [Labtoolstcl 44-129] No matching hw_ila_data was found.
set_property PROBES.FILE {} [get_hw_devices xc7a35t_0]
set_property FULL_PROBES.FILE {} [get_hw_devices xc7a35t_0]
set_property PROGRAM.FILE {F:/repos/a35/NUEVO/arkanoid/A35/A35.runs/impl_1/arkanoid_top.bit} [get_hw_devices xc7a35t_0]
program_hw_devices [get_hw_devices xc7a35t_0]
INFO: [Labtools 27-3164] End of startup status: HIGH
program_hw_devices: Time (s): cpu = 00:00:07 ; elapsed = 00:00:07 . Memory (MB): peak = 1768.457 ; gain = 0.000
refresh_hw_device [lindex [get_hw_devices xc7a35t_0] 0]
INFO: [Labtools 27-1434] Device xc7a35t (JTAG device index = 0) is programmed with a design that has no supported debug core(s) in it.
ERROR: [Labtoolstcl 44-513] HW Target shutdown. Closing target: localhost:3121/xilinx_tcf/Xilinx/00000000000000
reset_run synth_1
launch_runs impl_1 -to_step write_bitstream -jobs 2
[Wed Jun 12 14:24:02 2019] Launched synth_1...
Run output will be captured here: F:/repos/a35/NUEVO/arkanoid/A35/A35.runs/synth_1/runme.log
[Wed Jun 12 14:24:02 2019] Launched impl_1...
Run output will be captured here: F:/repos/a35/NUEVO/arkanoid/A35/A35.runs/impl_1/runme.log
INFO: [Labtoolstcl 44-466] Opening hw_target localhost:3121/xilinx_tcf/Xilinx/00000000000000
INFO: [Labtools 27-1435] Device xc7a35t (JTAG device index = 0) is not programmed (DONE status = 0).
WARNING: [Labtoolstcl 44-129] No matching hw_ila_data was found.
set_property PROBES.FILE {} [get_hw_devices xc7a35t_0]
set_property FULL_PROBES.FILE {} [get_hw_devices xc7a35t_0]
set_property PROGRAM.FILE {F:/repos/a35/NUEVO/arkanoid/A35/A35.runs/impl_1/arkanoid_top.bit} [get_hw_devices xc7a35t_0]
program_hw_devices [get_hw_devices xc7a35t_0]
INFO: [Labtools 27-3164] End of startup status: HIGH
refresh_hw_device [lindex [get_hw_devices xc7a35t_0] 0]
INFO: [Labtools 27-1434] Device xc7a35t (JTAG device index = 0) is programmed with a design that has no supported debug core(s) in it.
ERROR: [Labtoolstcl 44-513] HW Target shutdown. Closing target: localhost:3121/xilinx_tcf/Xilinx/00000000000000
reset_run synth_1
launch_runs impl_1 -to_step write_bitstream -jobs 2
[Wed Jun 12 14:41:29 2019] Launched synth_1...
Run output will be captured here: F:/repos/a35/NUEVO/arkanoid/A35/A35.runs/synth_1/runme.log
[Wed Jun 12 14:41:29 2019] Launched impl_1...
Run output will be captured here: F:/repos/a35/NUEVO/arkanoid/A35/A35.runs/impl_1/runme.log
INFO: [Labtoolstcl 44-466] Opening hw_target localhost:3121/xilinx_tcf/Xilinx/00000000000000
INFO: [Labtools 27-1435] Device xc7a35t (JTAG device index = 0) is not programmed (DONE status = 0).
WARNING: [Labtoolstcl 44-129] No matching hw_ila_data was found.
set_property PROBES.FILE {} [get_hw_devices xc7a35t_0]
set_property FULL_PROBES.FILE {} [get_hw_devices xc7a35t_0]
set_property PROGRAM.FILE {F:/repos/a35/NUEVO/arkanoid/A35/A35.runs/impl_1/arkanoid_top.bit} [get_hw_devices xc7a35t_0]
program_hw_devices [get_hw_devices xc7a35t_0]
INFO: [Labtools 27-3164] End of startup status: HIGH
refresh_hw_device [lindex [get_hw_devices xc7a35t_0] 0]
INFO: [Labtools 27-1434] Device xc7a35t (JTAG device index = 0) is programmed with a design that has no supported debug core(s) in it.
reset_run synth_1
launch_runs impl_1 -to_step write_bitstream -jobs 2
[Wed Jun 12 14:50:10 2019] Launched synth_1...
Run output will be captured here: F:/repos/a35/NUEVO/arkanoid/A35/A35.runs/synth_1/runme.log
[Wed Jun 12 14:50:10 2019] Launched impl_1...
Run output will be captured here: F:/repos/a35/NUEVO/arkanoid/A35/A35.runs/impl_1/runme.log
ERROR: [Labtoolstcl 44-513] HW Target shutdown. Closing target: localhost:3121/xilinx_tcf/Xilinx/00000000000000
INFO: [Labtoolstcl 44-466] Opening hw_target localhost:3121/xilinx_tcf/Xilinx/00000000000000
INFO: [Labtools 27-1435] Device xc7a35t (JTAG device index = 0) is not programmed (DONE status = 0).
WARNING: [Labtoolstcl 44-129] No matching hw_ila_data was found.
set_property PROBES.FILE {} [get_hw_devices xc7a35t_0]
set_property FULL_PROBES.FILE {} [get_hw_devices xc7a35t_0]
set_property PROGRAM.FILE {F:/repos/a35/NUEVO/arkanoid/A35/A35.runs/impl_1/arkanoid_top.bit} [get_hw_devices xc7a35t_0]
program_hw_devices [get_hw_devices xc7a35t_0]
INFO: [Labtools 27-3164] End of startup status: HIGH
refresh_hw_device [lindex [get_hw_devices xc7a35t_0] 0]
INFO: [Labtools 27-1434] Device xc7a35t (JTAG device index = 0) is programmed with a design that has no supported debug core(s) in it.
ERROR: [Labtoolstcl 44-513] HW Target shutdown. Closing target: localhost:3121/xilinx_tcf/Xilinx/00000000000000
reset_run synth_1
launch_runs impl_1 -to_step write_bitstream -jobs 2
[Wed Jun 12 15:00:06 2019] Launched synth_1...
Run output will be captured here: F:/repos/a35/NUEVO/arkanoid/A35/A35.runs/synth_1/runme.log
[Wed Jun 12 15:00:06 2019] Launched impl_1...
Run output will be captured here: F:/repos/a35/NUEVO/arkanoid/A35/A35.runs/impl_1/runme.log
INFO: [Labtoolstcl 44-466] Opening hw_target localhost:3121/xilinx_tcf/Xilinx/00000000000000
INFO: [Labtools 27-1435] Device xc7a35t (JTAG device index = 0) is not programmed (DONE status = 0).
WARNING: [Labtoolstcl 44-129] No matching hw_ila_data was found.
set_property PROBES.FILE {} [get_hw_devices xc7a35t_0]
set_property FULL_PROBES.FILE {} [get_hw_devices xc7a35t_0]
set_property PROGRAM.FILE {F:/repos/a35/NUEVO/arkanoid/A35/A35.runs/impl_1/arkanoid_top.bit} [get_hw_devices xc7a35t_0]
program_hw_devices [get_hw_devices xc7a35t_0]
INFO: [Labtools 27-3164] End of startup status: HIGH
refresh_hw_device [lindex [get_hw_devices xc7a35t_0] 0]
INFO: [Labtools 27-1434] Device xc7a35t (JTAG device index = 0) is programmed with a design that has no supported debug core(s) in it.
ERROR: [Labtoolstcl 44-513] HW Target shutdown. Closing target: localhost:3121/xilinx_tcf/Xilinx/00000000000000
reset_run synth_1
launch_runs impl_1 -to_step write_bitstream -jobs 2
[Thu Jun 13 14:27:56 2019] Launched synth_1...
Run output will be captured here: F:/repos/a35/NUEVO/arkanoid/A35/A35.runs/synth_1/runme.log
[Thu Jun 13 14:27:56 2019] Launched impl_1...
Run output will be captured here: F:/repos/a35/NUEVO/arkanoid/A35/A35.runs/impl_1/runme.log
INFO: [Labtoolstcl 44-466] Opening hw_target localhost:3121/xilinx_tcf/Xilinx/00000000000000
INFO: [Labtools 27-1435] Device xc7a35t (JTAG device index = 0) is not programmed (DONE status = 0).
WARNING: [Labtoolstcl 44-129] No matching hw_ila_data was found.
set_property PROBES.FILE {} [get_hw_devices xc7a35t_0]
set_property FULL_PROBES.FILE {} [get_hw_devices xc7a35t_0]
set_property PROGRAM.FILE {F:/repos/a35/NUEVO/arkanoid/A35/A35.runs/impl_1/arkanoid_top.bit} [get_hw_devices xc7a35t_0]
program_hw_devices [get_hw_devices xc7a35t_0]
INFO: [Labtools 27-3164] End of startup status: HIGH
refresh_hw_device [lindex [get_hw_devices xc7a35t_0] 0]
INFO: [Labtools 27-1434] Device xc7a35t (JTAG device index = 0) is programmed with a design that has no supported debug core(s) in it.
ERROR: [Labtoolstcl 44-513] HW Target shutdown. Closing target: localhost:3121/xilinx_tcf/Xilinx/00000000000000
reset_run synth_1
launch_runs impl_1 -to_step write_bitstream -jobs 2
[Thu Jun 13 14:42:06 2019] Launched synth_1...
Run output will be captured here: F:/repos/a35/NUEVO/arkanoid/A35/A35.runs/synth_1/runme.log
[Thu Jun 13 14:42:06 2019] Launched impl_1...
Run output will be captured here: F:/repos/a35/NUEVO/arkanoid/A35/A35.runs/impl_1/runme.log
INFO: [Labtoolstcl 44-466] Opening hw_target localhost:3121/xilinx_tcf/Xilinx/00000000000000
INFO: [Labtools 27-1435] Device xc7a35t (JTAG device index = 0) is not programmed (DONE status = 0).
WARNING: [Labtoolstcl 44-129] No matching hw_ila_data was found.
set_property PROBES.FILE {} [get_hw_devices xc7a35t_0]
set_property FULL_PROBES.FILE {} [get_hw_devices xc7a35t_0]
set_property PROGRAM.FILE {F:/repos/a35/NUEVO/arkanoid/A35/A35.runs/impl_1/arkanoid_top.bit} [get_hw_devices xc7a35t_0]
program_hw_devices [get_hw_devices xc7a35t_0]
INFO: [Labtools 27-3164] End of startup status: HIGH
refresh_hw_device [lindex [get_hw_devices xc7a35t_0] 0]
INFO: [Labtools 27-1434] Device xc7a35t (JTAG device index = 0) is programmed with a design that has no supported debug core(s) in it.
ERROR: [Labtoolstcl 44-513] HW Target shutdown. Closing target: localhost:3121/xilinx_tcf/Xilinx/00000000000000
reset_run synth_1
launch_runs impl_1 -to_step write_bitstream -jobs 2
[Thu Jun 13 14:50:37 2019] Launched synth_1...
Run output will be captured here: F:/repos/a35/NUEVO/arkanoid/A35/A35.runs/synth_1/runme.log
[Thu Jun 13 14:50:37 2019] Launched impl_1...
Run output will be captured here: F:/repos/a35/NUEVO/arkanoid/A35/A35.runs/impl_1/runme.log
INFO: [Labtoolstcl 44-466] Opening hw_target localhost:3121/xilinx_tcf/Xilinx/00000000000000
INFO: [Labtools 27-1435] Device xc7a35t (JTAG device index = 0) is not programmed (DONE status = 0).
WARNING: [Labtoolstcl 44-129] No matching hw_ila_data was found.
set_property PROBES.FILE {} [get_hw_devices xc7a35t_0]
set_property FULL_PROBES.FILE {} [get_hw_devices xc7a35t_0]
set_property PROGRAM.FILE {F:/repos/a35/NUEVO/arkanoid/A35/A35.runs/impl_1/arkanoid_top.bit} [get_hw_devices xc7a35t_0]
program_hw_devices [get_hw_devices xc7a35t_0]
INFO: [Labtools 27-3164] End of startup status: HIGH
refresh_hw_device [lindex [get_hw_devices xc7a35t_0] 0]
INFO: [Labtools 27-1434] Device xc7a35t (JTAG device index = 0) is programmed with a design that has no supported debug core(s) in it.
ERROR: [Labtoolstcl 44-513] HW Target shutdown. Closing target: localhost:3121/xilinx_tcf/Xilinx/00000000000000
reset_run synth_1
launch_runs impl_1 -to_step write_bitstream -jobs 2
[Thu Jun 13 14:58:56 2019] Launched synth_1...
Run output will be captured here: F:/repos/a35/NUEVO/arkanoid/A35/A35.runs/synth_1/runme.log
[Thu Jun 13 14:58:56 2019] Launched impl_1...
Run output will be captured here: F:/repos/a35/NUEVO/arkanoid/A35/A35.runs/impl_1/runme.log
INFO: [Labtoolstcl 44-466] Opening hw_target localhost:3121/xilinx_tcf/Xilinx/00000000000000
INFO: [Labtools 27-1435] Device xc7a35t (JTAG device index = 0) is not programmed (DONE status = 0).
WARNING: [Labtoolstcl 44-129] No matching hw_ila_data was found.
set_property PROBES.FILE {} [get_hw_devices xc7a35t_0]
set_property FULL_PROBES.FILE {} [get_hw_devices xc7a35t_0]
set_property PROGRAM.FILE {F:/repos/a35/NUEVO/arkanoid/A35/A35.runs/impl_1/arkanoid_top.bit} [get_hw_devices xc7a35t_0]
program_hw_devices [get_hw_devices xc7a35t_0]
INFO: [Labtools 27-3164] End of startup status: HIGH
refresh_hw_device [lindex [get_hw_devices xc7a35t_0] 0]
INFO: [Labtools 27-1434] Device xc7a35t (JTAG device index = 0) is programmed with a design that has no supported debug core(s) in it.
ERROR: [Labtoolstcl 44-513] HW Target shutdown. Closing target: localhost:3121/xilinx_tcf/Xilinx/00000000000000
reset_run synth_1
launch_runs impl_1 -to_step write_bitstream -jobs 2
[Thu Jun 13 15:10:34 2019] Launched synth_1...
Run output will be captured here: F:/repos/a35/NUEVO/arkanoid/A35/A35.runs/synth_1/runme.log
[Thu Jun 13 15:10:34 2019] Launched impl_1...
Run output will be captured here: F:/repos/a35/NUEVO/arkanoid/A35/A35.runs/impl_1/runme.log
INFO: [Labtoolstcl 44-466] Opening hw_target localhost:3121/xilinx_tcf/Xilinx/00000000000000
INFO: [Labtools 27-1435] Device xc7a35t (JTAG device index = 0) is not programmed (DONE status = 0).
WARNING: [Labtoolstcl 44-129] No matching hw_ila_data was found.
set_property PROBES.FILE {} [get_hw_devices xc7a35t_0]
set_property FULL_PROBES.FILE {} [get_hw_devices xc7a35t_0]
set_property PROGRAM.FILE {F:/repos/a35/NUEVO/arkanoid/A35/A35.runs/impl_1/arkanoid_top.bit} [get_hw_devices xc7a35t_0]
program_hw_devices [get_hw_devices xc7a35t_0]
INFO: [Labtools 27-3164] End of startup status: HIGH
refresh_hw_device [lindex [get_hw_devices xc7a35t_0] 0]
INFO: [Labtools 27-1434] Device xc7a35t (JTAG device index = 0) is programmed with a design that has no supported debug core(s) in it.
ERROR: [Labtoolstcl 44-513] HW Target shutdown. Closing target: localhost:3121/xilinx_tcf/Xilinx/00000000000000
reset_run impl_1 -prev_step 
launch_runs impl_1 -to_step write_bitstream -jobs 2
[Thu Jun 13 15:18:36 2019] Launched impl_1...
Run output will be captured here: F:/repos/a35/NUEVO/arkanoid/A35/A35.runs/impl_1/runme.log
reset_run synth_1
WARNING: [Vivado 12-1017] Problems encountered:
1. PID not specified
2. Failed to delete one or more files in run directory F:/repos/a35/NUEVO/arkanoid/A35/A35.runs/synth_1

launch_runs impl_1 -to_step write_bitstream -jobs 2
[Thu Jun 13 15:18:48 2019] Launched synth_1...
Run output will be captured here: F:/repos/a35/NUEVO/arkanoid/A35/A35.runs/synth_1/runme.log
[Thu Jun 13 15:18:49 2019] Launched impl_1...
Run output will be captured here: F:/repos/a35/NUEVO/arkanoid/A35/A35.runs/impl_1/runme.log
INFO: [Labtoolstcl 44-466] Opening hw_target localhost:3121/xilinx_tcf/Xilinx/00000000000000
INFO: [Labtools 27-1435] Device xc7a35t (JTAG device index = 0) is not programmed (DONE status = 0).
WARNING: [Labtoolstcl 44-129] No matching hw_ila_data was found.
set_property PROBES.FILE {} [get_hw_devices xc7a35t_0]
set_property FULL_PROBES.FILE {} [get_hw_devices xc7a35t_0]
set_property PROGRAM.FILE {F:/repos/a35/NUEVO/arkanoid/A35/A35.runs/impl_1/arkanoid_top.bit} [get_hw_devices xc7a35t_0]
program_hw_devices [get_hw_devices xc7a35t_0]
INFO: [Labtools 27-3164] End of startup status: HIGH
refresh_hw_device [lindex [get_hw_devices xc7a35t_0] 0]
INFO: [Labtools 27-1434] Device xc7a35t (JTAG device index = 0) is programmed with a design that has no supported debug core(s) in it.
ERROR: [Labtoolstcl 44-513] HW Target shutdown. Closing target: localhost:3121/xilinx_tcf/Xilinx/00000000000000
reset_run synth_1
launch_runs impl_1 -to_step write_bitstream -jobs 2
[Fri Jun 14 08:26:36 2019] Launched synth_1...
Run output will be captured here: F:/repos/a35/NUEVO/arkanoid/A35/A35.runs/synth_1/runme.log
[Fri Jun 14 08:26:36 2019] Launched impl_1...
Run output will be captured here: F:/repos/a35/NUEVO/arkanoid/A35/A35.runs/impl_1/runme.log
INFO: [Labtoolstcl 44-466] Opening hw_target localhost:3121/xilinx_tcf/Xilinx/00000000000000
INFO: [Labtools 27-1435] Device xc7a35t (JTAG device index = 0) is not programmed (DONE status = 0).
WARNING: [Labtoolstcl 44-129] No matching hw_ila_data was found.
set_property PROBES.FILE {} [get_hw_devices xc7a35t_0]
set_property FULL_PROBES.FILE {} [get_hw_devices xc7a35t_0]
set_property PROGRAM.FILE {F:/repos/a35/NUEVO/arkanoid/A35/A35.runs/impl_1/arkanoid_top.bit} [get_hw_devices xc7a35t_0]
program_hw_devices [get_hw_devices xc7a35t_0]
INFO: [Labtools 27-3164] End of startup status: HIGH
refresh_hw_device [lindex [get_hw_devices xc7a35t_0] 0]
INFO: [Labtools 27-1434] Device xc7a35t (JTAG device index = 0) is programmed with a design that has no supported debug core(s) in it.
ERROR: [Labtoolstcl 44-513] HW Target shutdown. Closing target: localhost:3121/xilinx_tcf/Xilinx/00000000000000
reset_run impl_1 -prev_step 
launch_runs impl_1 -to_step write_bitstream -jobs 2
[Fri Jun 14 08:41:26 2019] Launched impl_1...
Run output will be captured here: F:/repos/a35/NUEVO/arkanoid/A35/A35.runs/impl_1/runme.log
INFO: [Labtoolstcl 44-466] Opening hw_target localhost:3121/xilinx_tcf/Xilinx/00000000000000
INFO: [Labtools 27-1435] Device xc7a35t (JTAG device index = 0) is not programmed (DONE status = 0).
WARNING: [Labtoolstcl 44-129] No matching hw_ila_data was found.
set_property PROBES.FILE {} [get_hw_devices xc7a35t_0]
set_property FULL_PROBES.FILE {} [get_hw_devices xc7a35t_0]
set_property PROGRAM.FILE {F:/repos/a35/NUEVO/arkanoid/A35/A35.runs/impl_1/arkanoid_top.bit} [get_hw_devices xc7a35t_0]
program_hw_devices [get_hw_devices xc7a35t_0]
INFO: [Labtools 27-3164] End of startup status: HIGH
refresh_hw_device [lindex [get_hw_devices xc7a35t_0] 0]
INFO: [Labtools 27-1434] Device xc7a35t (JTAG device index = 0) is programmed with a design that has no supported debug core(s) in it.
ERROR: [Labtoolstcl 44-513] HW Target shutdown. Closing target: localhost:3121/xilinx_tcf/Xilinx/00000000000000
reset_run synth_1
launch_runs impl_1 -to_step write_bitstream -jobs 2
[Fri Jun 14 08:46:29 2019] Launched synth_1...
Run output will be captured here: F:/repos/a35/NUEVO/arkanoid/A35/A35.runs/synth_1/runme.log
[Fri Jun 14 08:46:29 2019] Launched impl_1...
Run output will be captured here: F:/repos/a35/NUEVO/arkanoid/A35/A35.runs/impl_1/runme.log
INFO: [Labtoolstcl 44-466] Opening hw_target localhost:3121/xilinx_tcf/Xilinx/00000000000000
INFO: [Labtools 27-1435] Device xc7a35t (JTAG device index = 0) is not programmed (DONE status = 0).
WARNING: [Labtoolstcl 44-129] No matching hw_ila_data was found.
set_property PROBES.FILE {} [get_hw_devices xc7a35t_0]
set_property FULL_PROBES.FILE {} [get_hw_devices xc7a35t_0]
set_property PROGRAM.FILE {F:/repos/a35/NUEVO/arkanoid/A35/A35.runs/impl_1/arkanoid_top.bit} [get_hw_devices xc7a35t_0]
program_hw_devices [get_hw_devices xc7a35t_0]
INFO: [Labtools 27-3164] End of startup status: HIGH
refresh_hw_device [lindex [get_hw_devices xc7a35t_0] 0]
INFO: [Labtools 27-1434] Device xc7a35t (JTAG device index = 0) is programmed with a design that has no supported debug core(s) in it.
ERROR: [Labtoolstcl 44-513] HW Target shutdown. Closing target: localhost:3121/xilinx_tcf/Xilinx/00000000000000
reset_run synth_1
launch_runs impl_1 -to_step write_bitstream -jobs 2
[Fri Jun 14 09:01:52 2019] Launched synth_1...
Run output will be captured here: F:/repos/a35/NUEVO/arkanoid/A35/A35.runs/synth_1/runme.log
[Fri Jun 14 09:01:52 2019] Launched impl_1...
Run output will be captured here: F:/repos/a35/NUEVO/arkanoid/A35/A35.runs/impl_1/runme.log
INFO: [Labtoolstcl 44-466] Opening hw_target localhost:3121/xilinx_tcf/Xilinx/00000000000000
INFO: [Labtools 27-1435] Device xc7a35t (JTAG device index = 0) is not programmed (DONE status = 0).
WARNING: [Labtoolstcl 44-129] No matching hw_ila_data was found.
set_property PROBES.FILE {} [get_hw_devices xc7a35t_0]
set_property FULL_PROBES.FILE {} [get_hw_devices xc7a35t_0]
set_property PROGRAM.FILE {F:/repos/a35/NUEVO/arkanoid/A35/A35.runs/impl_1/arkanoid_top.bit} [get_hw_devices xc7a35t_0]
program_hw_devices [get_hw_devices xc7a35t_0]
INFO: [Labtools 27-3164] End of startup status: HIGH
refresh_hw_device [lindex [get_hw_devices xc7a35t_0] 0]
INFO: [Labtools 27-1434] Device xc7a35t (JTAG device index = 0) is programmed with a design that has no supported debug core(s) in it.
reset_run synth_1
launch_runs impl_1 -to_step write_bitstream -jobs 2
[Fri Jun 14 09:16:05 2019] Launched synth_1...
Run output will be captured here: F:/repos/a35/NUEVO/arkanoid/A35/A35.runs/synth_1/runme.log
[Fri Jun 14 09:16:06 2019] Launched impl_1...
Run output will be captured here: F:/repos/a35/NUEVO/arkanoid/A35/A35.runs/impl_1/runme.log
reset_run synth_1
launch_runs impl_1 -to_step write_bitstream -jobs 2
[Fri Jun 14 09:17:14 2019] Launched synth_1...
Run output will be captured here: F:/repos/a35/NUEVO/arkanoid/A35/A35.runs/synth_1/runme.log
[Fri Jun 14 09:17:14 2019] Launched impl_1...
Run output will be captured here: F:/repos/a35/NUEVO/arkanoid/A35/A35.runs/impl_1/runme.log
reset_run synth_1
launch_runs impl_1 -to_step write_bitstream -jobs 2
[Fri Jun 14 09:19:30 2019] Launched synth_1...
Run output will be captured here: F:/repos/a35/NUEVO/arkanoid/A35/A35.runs/synth_1/runme.log
[Fri Jun 14 09:19:30 2019] Launched impl_1...
Run output will be captured here: F:/repos/a35/NUEVO/arkanoid/A35/A35.runs/impl_1/runme.log
set_property PROBES.FILE {} [get_hw_devices xc7a35t_0]
set_property FULL_PROBES.FILE {} [get_hw_devices xc7a35t_0]
set_property PROGRAM.FILE {F:/repos/a35/NUEVO/arkanoid/A35/A35.runs/impl_1/arkanoid_top.bit} [get_hw_devices xc7a35t_0]
program_hw_devices [get_hw_devices xc7a35t_0]
INFO: [Labtools 27-3164] End of startup status: HIGH
refresh_hw_device [lindex [get_hw_devices xc7a35t_0] 0]
INFO: [Labtools 27-1434] Device xc7a35t (JTAG device index = 0) is programmed with a design that has no supported debug core(s) in it.
ERROR: [Labtoolstcl 44-513] HW Target shutdown. Closing target: localhost:3121/xilinx_tcf/Xilinx/00000000000000
reset_run impl_1 -prev_step 
launch_runs impl_1 -to_step write_bitstream -jobs 2
[Fri Jun 14 09:31:28 2019] Launched impl_1...
Run output will be captured here: F:/repos/a35/NUEVO/arkanoid/A35/A35.runs/impl_1/runme.log
INFO: [Labtoolstcl 44-466] Opening hw_target localhost:3121/xilinx_tcf/Xilinx/00000000000000
INFO: [Labtools 27-1435] Device xc7a35t (JTAG device index = 0) is not programmed (DONE status = 0).
WARNING: [Labtoolstcl 44-129] No matching hw_ila_data was found.
set_property PROBES.FILE {} [get_hw_devices xc7a35t_0]
set_property FULL_PROBES.FILE {} [get_hw_devices xc7a35t_0]
set_property PROGRAM.FILE {F:/repos/a35/NUEVO/arkanoid/A35/A35.runs/impl_1/arkanoid_top.bit} [get_hw_devices xc7a35t_0]
program_hw_devices [get_hw_devices xc7a35t_0]
INFO: [Labtools 27-3164] End of startup status: HIGH
refresh_hw_device [lindex [get_hw_devices xc7a35t_0] 0]
INFO: [Labtools 27-1434] Device xc7a35t (JTAG device index = 0) is programmed with a design that has no supported debug core(s) in it.
ERROR: [Labtoolstcl 44-513] HW Target shutdown. Closing target: localhost:3121/xilinx_tcf/Xilinx/00000000000000
set_property -dict [list CONFIG.CLKOUT3_REQUESTED_OUT_FREQ {9.6} CONFIG.MMCM_DIVCLK_DIVIDE {1} CONFIG.MMCM_CLKFBOUT_MULT_F {23.500} CONFIG.MMCM_CLKIN1_PERIOD {20.000} CONFIG.MMCM_CLKOUT0_DIVIDE_F {97.875} CONFIG.MMCM_CLKOUT1_DIVIDE {49} CONFIG.MMCM_CLKOUT2_DIVIDE {122} CONFIG.CLKOUT1_JITTER {256.652} CONFIG.CLKOUT1_PHASE_ERROR {154.738} CONFIG.CLKOUT2_JITTER {202.606} CONFIG.CLKOUT2_PHASE_ERROR {154.738} CONFIG.CLKOUT3_JITTER {267.677} CONFIG.CLKOUT3_PHASE_ERROR {154.738}] [get_ips clk_wiz_0]
generate_target all [get_files  F:/repos/a35/NUEVO/arkanoid/A35/A35.srcs/sources_1/ip/clk_wiz_0/clk_wiz_0.xci]
INFO: [IP_Flow 19-1686] Generating 'Instantiation Template' target for IP 'clk_wiz_0'...
INFO: [IP_Flow 19-1686] Generating 'Synthesis' target for IP 'clk_wiz_0'...
INFO: [IP_Flow 19-1686] Generating 'Simulation' target for IP 'clk_wiz_0'...
INFO: [IP_Flow 19-1686] Generating 'Implementation' target for IP 'clk_wiz_0'...
INFO: [IP_Flow 19-1686] Generating 'Change Log' target for IP 'clk_wiz_0'...
catch { config_ip_cache -export [get_ips -all clk_wiz_0] }
export_ip_user_files -of_objects [get_files F:/repos/a35/NUEVO/arkanoid/A35/A35.srcs/sources_1/ip/clk_wiz_0/clk_wiz_0.xci] -no_script -sync -force -quiet
reset_run clk_wiz_0_synth_1
launch_runs -jobs 2 clk_wiz_0_synth_1
[Fri Jun 14 09:40:11 2019] Launched clk_wiz_0_synth_1...
Run output will be captured here: F:/repos/a35/NUEVO/arkanoid/A35/A35.runs/clk_wiz_0_synth_1/runme.log
export_simulation -of_objects [get_files F:/repos/a35/NUEVO/arkanoid/A35/A35.srcs/sources_1/ip/clk_wiz_0/clk_wiz_0.xci] -directory F:/repos/repos/a35/defender/a35t/a35t.ip_user_files/sim_scripts -ip_user_files_dir F:/repos/repos/a35/defender/a35t/a35t.ip_user_files -ipstatic_source_dir F:/repos/a35/NUEVO/arkanoid/A35/A35.ip_user_files/ipstatic -lib_map_path [list {modelsim=F:/repos/a35/NUEVO/arkanoid/A35/A35.cache/compile_simlib/modelsim} {questa=F:/repos/a35/NUEVO/arkanoid/A35/A35.cache/compile_simlib/questa} {riviera=F:/repos/a35/NUEVO/arkanoid/A35/A35.cache/compile_simlib/riviera} {activehdl=F:/repos/a35/NUEVO/arkanoid/A35/A35.cache/compile_simlib/activehdl}] -use_ip_compiled_libs -force -quiet
reset_run synth_1
WARNING: [Vivado 12-1017] Problems encountered:
1. Failed to delete one or more files in run directory F:/repos/a35/NUEVO/arkanoid/A35/A35.runs/synth_1

launch_runs impl_1 -to_step write_bitstream -jobs 2
[Fri Jun 14 09:41:14 2019] Launched clk_wiz_0_synth_1, synth_1...
Run output will be captured here:
clk_wiz_0_synth_1: F:/repos/a35/NUEVO/arkanoid/A35/A35.runs/clk_wiz_0_synth_1/runme.log
synth_1: F:/repos/a35/NUEVO/arkanoid/A35/A35.runs/synth_1/runme.log
[Fri Jun 14 09:41:14 2019] Launched impl_1...
Run output will be captured here: F:/repos/a35/NUEVO/arkanoid/A35/A35.runs/impl_1/runme.log
INFO: [Labtoolstcl 44-466] Opening hw_target localhost:3121/xilinx_tcf/Xilinx/00000000000000
INFO: [Labtools 27-1435] Device xc7a35t (JTAG device index = 0) is not programmed (DONE status = 0).
WARNING: [Labtoolstcl 44-129] No matching hw_ila_data was found.
set_property PROBES.FILE {} [get_hw_devices xc7a35t_0]
set_property FULL_PROBES.FILE {} [get_hw_devices xc7a35t_0]
set_property PROGRAM.FILE {F:/repos/a35/NUEVO/arkanoid/A35/A35.runs/impl_1/arkanoid_top.bit} [get_hw_devices xc7a35t_0]
program_hw_devices [get_hw_devices xc7a35t_0]
INFO: [Labtools 27-3164] End of startup status: HIGH
refresh_hw_device [lindex [get_hw_devices xc7a35t_0] 0]
INFO: [Labtools 27-1434] Device xc7a35t (JTAG device index = 0) is programmed with a design that has no supported debug core(s) in it.
ERROR: [Labtoolstcl 44-513] HW Target shutdown. Closing target: localhost:3121/xilinx_tcf/Xilinx/00000000000000
reset_run synth_1
launch_runs impl_1 -to_step write_bitstream -jobs 2
[Fri Jun 14 10:27:36 2019] Launched synth_1...
Run output will be captured here: F:/repos/a35/NUEVO/arkanoid/A35/A35.runs/synth_1/runme.log
[Fri Jun 14 10:27:36 2019] Launched impl_1...
Run output will be captured here: F:/repos/a35/NUEVO/arkanoid/A35/A35.runs/impl_1/runme.log
INFO: [Labtoolstcl 44-466] Opening hw_target localhost:3121/xilinx_tcf/Xilinx/00000000000000
INFO: [Labtools 27-1435] Device xc7a35t (JTAG device index = 0) is not programmed (DONE status = 0).
WARNING: [Labtoolstcl 44-129] No matching hw_ila_data was found.
set_property PROBES.FILE {} [get_hw_devices xc7a35t_0]
set_property FULL_PROBES.FILE {} [get_hw_devices xc7a35t_0]
set_property PROGRAM.FILE {F:/repos/a35/NUEVO/arkanoid/A35/A35.runs/impl_1/arkanoid_top.bit} [get_hw_devices xc7a35t_0]
program_hw_devices [get_hw_devices xc7a35t_0]
INFO: [Labtools 27-3164] End of startup status: HIGH
refresh_hw_device [lindex [get_hw_devices xc7a35t_0] 0]
INFO: [Labtools 27-1434] Device xc7a35t (JTAG device index = 0) is programmed with a design that has no supported debug core(s) in it.
ERROR: [Labtoolstcl 44-513] HW Target shutdown. Closing target: localhost:3121/xilinx_tcf/Xilinx/00000000000000
reset_run synth_1
launch_runs impl_1 -to_step write_bitstream -jobs 2
[Fri Jun 14 11:30:44 2019] Launched synth_1...
Run output will be captured here: F:/repos/a35/NUEVO/arkanoid/A35/A35.runs/synth_1/runme.log
[Fri Jun 14 11:30:45 2019] Launched impl_1...
Run output will be captured here: F:/repos/a35/NUEVO/arkanoid/A35/A35.runs/impl_1/runme.log
INFO: [Labtoolstcl 44-466] Opening hw_target localhost:3121/xilinx_tcf/Xilinx/00000000000000
INFO: [Labtools 27-1435] Device xc7a35t (JTAG device index = 0) is not programmed (DONE status = 0).
WARNING: [Labtoolstcl 44-129] No matching hw_ila_data was found.
set_property PROBES.FILE {} [get_hw_devices xc7a35t_0]
set_property FULL_PROBES.FILE {} [get_hw_devices xc7a35t_0]
set_property PROGRAM.FILE {F:/repos/a35/NUEVO/arkanoid/A35/A35.runs/impl_1/arkanoid_top.bit} [get_hw_devices xc7a35t_0]
program_hw_devices [get_hw_devices xc7a35t_0]
INFO: [Labtools 27-3164] End of startup status: HIGH
refresh_hw_device [lindex [get_hw_devices xc7a35t_0] 0]
INFO: [Labtools 27-1434] Device xc7a35t (JTAG device index = 0) is programmed with a design that has no supported debug core(s) in it.
ERROR: [Labtoolstcl 44-513] HW Target shutdown. Closing target: localhost:3121/xilinx_tcf/Xilinx/00000000000000
reset_run synth_1
launch_runs impl_1 -to_step write_bitstream -jobs 2
[Fri Jun 14 13:12:06 2019] Launched synth_1...
Run output will be captured here: F:/repos/a35/NUEVO/arkanoid/A35/A35.runs/synth_1/runme.log
[Fri Jun 14 13:12:06 2019] Launched impl_1...
Run output will be captured here: F:/repos/a35/NUEVO/arkanoid/A35/A35.runs/impl_1/runme.log
INFO: [Labtoolstcl 44-466] Opening hw_target localhost:3121/xilinx_tcf/Xilinx/00000000000000
INFO: [Labtools 27-1435] Device xc7a35t (JTAG device index = 0) is not programmed (DONE status = 0).
WARNING: [Labtoolstcl 44-129] No matching hw_ila_data was found.
set_property PROBES.FILE {} [get_hw_devices xc7a35t_0]
set_property FULL_PROBES.FILE {} [get_hw_devices xc7a35t_0]
set_property PROGRAM.FILE {F:/repos/a35/NUEVO/arkanoid/A35/A35.runs/impl_1/arkanoid_top.bit} [get_hw_devices xc7a35t_0]
program_hw_devices [get_hw_devices xc7a35t_0]
INFO: [Labtools 27-3164] End of startup status: HIGH
refresh_hw_device [lindex [get_hw_devices xc7a35t_0] 0]
INFO: [Labtools 27-1434] Device xc7a35t (JTAG device index = 0) is programmed with a design that has no supported debug core(s) in it.
ERROR: [Labtoolstcl 44-513] HW Target shutdown. Closing target: localhost:3121/xilinx_tcf/Xilinx/00000000000000
INFO: [Labtoolstcl 44-466] Opening hw_target localhost:3121/xilinx_tcf/Xilinx/00000000000000
INFO: [Labtools 27-1435] Device xc7a35t (JTAG device index = 0) is not programmed (DONE status = 0).
WARNING: [Labtoolstcl 44-129] No matching hw_ila_data was found.
set_property PROBES.FILE {} [get_hw_devices xc7a35t_0]
set_property FULL_PROBES.FILE {} [get_hw_devices xc7a35t_0]
set_property PROGRAM.FILE {F:/repos/a35/NUEVO/arkanoid/A35/A35.runs/impl_1/arkanoid_top.bit} [get_hw_devices xc7a35t_0]
program_hw_devices [get_hw_devices xc7a35t_0]
INFO: [Labtools 27-3164] End of startup status: HIGH
program_hw_devices: Time (s): cpu = 00:00:08 ; elapsed = 00:00:08 . Memory (MB): peak = 2125.805 ; gain = 0.000
refresh_hw_device [lindex [get_hw_devices xc7a35t_0] 0]
INFO: [Labtools 27-1434] Device xc7a35t (JTAG device index = 0) is programmed with a design that has no supported debug core(s) in it.
ERROR: [Labtoolstcl 44-513] HW Target shutdown. Closing target: localhost:3121/xilinx_tcf/Xilinx/00000000000000
INFO: [Labtoolstcl 44-466] Opening hw_target localhost:3121/xilinx_tcf/Xilinx/00000000000000
INFO: [Labtools 27-1435] Device xc7a35t (JTAG device index = 0) is not programmed (DONE status = 0).
WARNING: [Labtoolstcl 44-129] No matching hw_ila_data was found.
set_property PROBES.FILE {} [get_hw_devices xc7a35t_0]
set_property FULL_PROBES.FILE {} [get_hw_devices xc7a35t_0]
set_property PROGRAM.FILE {F:/repos/a35/NUEVO/arkanoid/A35/A35.runs/impl_1/arkanoid_top.bit} [get_hw_devices xc7a35t_0]
program_hw_devices [get_hw_devices xc7a35t_0]
INFO: [Labtools 27-3164] End of startup status: HIGH
refresh_hw_device [lindex [get_hw_devices xc7a35t_0] 0]
INFO: [Labtools 27-1434] Device xc7a35t (JTAG device index = 0) is programmed with a design that has no supported debug core(s) in it.
ERROR: [Labtoolstcl 44-513] HW Target shutdown. Closing target: localhost:3121/xilinx_tcf/Xilinx/00000000000000
reset_run synth_1
launch_runs impl_1 -to_step write_bitstream -jobs 2
[Fri Jun 14 14:19:07 2019] Launched synth_1...
Run output will be captured here: F:/repos/a35/NUEVO/arkanoid/A35/A35.runs/synth_1/runme.log
[Fri Jun 14 14:19:07 2019] Launched impl_1...
Run output will be captured here: F:/repos/a35/NUEVO/arkanoid/A35/A35.runs/impl_1/runme.log
INFO: [Labtoolstcl 44-466] Opening hw_target localhost:3121/xilinx_tcf/Xilinx/00000000000000
INFO: [Labtools 27-1435] Device xc7a35t (JTAG device index = 0) is not programmed (DONE status = 0).
WARNING: [Labtoolstcl 44-129] No matching hw_ila_data was found.
set_property PROBES.FILE {} [get_hw_devices xc7a35t_0]
set_property FULL_PROBES.FILE {} [get_hw_devices xc7a35t_0]
set_property PROGRAM.FILE {F:/repos/a35/NUEVO/arkanoid/A35/A35.runs/impl_1/arkanoid_top.bit} [get_hw_devices xc7a35t_0]
program_hw_devices [get_hw_devices xc7a35t_0]
INFO: [Labtools 27-3164] End of startup status: HIGH
refresh_hw_device [lindex [get_hw_devices xc7a35t_0] 0]
INFO: [Labtools 27-1434] Device xc7a35t (JTAG device index = 0) is programmed with a design that has no supported debug core(s) in it.
reset_run synth_1
launch_runs impl_1 -to_step write_bitstream -jobs 2
[Fri Jun 14 14:48:17 2019] Launched synth_1...
Run output will be captured here: F:/repos/a35/NUEVO/arkanoid/A35/A35.runs/synth_1/runme.log
[Fri Jun 14 14:48:17 2019] Launched impl_1...
Run output will be captured here: F:/repos/a35/NUEVO/arkanoid/A35/A35.runs/impl_1/runme.log
ERROR: [Labtoolstcl 44-513] HW Target shutdown. Closing target: localhost:3121/xilinx_tcf/Xilinx/00000000000000
export_ip_user_files -of_objects  [get_files F:/repos/a35/NUEVO/arkanoid/src/roms/color_prom_1c.vhd] -no_script -reset -force -quiet
export_ip_user_files -of_objects  [get_files F:/repos/a35/NUEVO/arkanoid/src/roms/color_prom_2c.vhd] -no_script -reset -force -quiet
export_ip_user_files -of_objects  [get_files F:/repos/a35/NUEVO/arkanoid/src/roms/color_prom_3c.vhd] -no_script -reset -force -quiet
export_ip_user_files -of_objects  [get_files F:/repos/a35/NUEVO/arkanoid/src/rtl/logic/ls17.vhd] -no_script -reset -force -quiet
export_ip_user_files -of_objects  [get_files F:/repos/a35/NUEVO/arkanoid/src/rtl/logic/ls245.vhd] -no_script -reset -force -quiet
export_ip_user_files -of_objects  [get_files F:/repos/a35/NUEVO/arkanoid/src/rtl/logic/ls373.vhd] -no_script -reset -force -quiet
remove_files  {F:/repos/a35/NUEVO/arkanoid/src/roms/color_prom_1c.vhd F:/repos/a35/NUEVO/arkanoid/src/roms/color_prom_2c.vhd F:/repos/a35/NUEVO/arkanoid/src/roms/color_prom_3c.vhd F:/repos/a35/NUEVO/arkanoid/src/rtl/logic/ls17.vhd F:/repos/a35/NUEVO/arkanoid/src/rtl/logic/ls245.vhd F:/repos/a35/NUEVO/arkanoid/src/rtl/logic/ls373.vhd}
export_ip_user_files -of_objects  [get_files F:/repos/a35/NUEVO/arkanoid/src/rtl_mio/sprom.v] -no_script -reset -force -quiet
remove_files  F:/repos/a35/NUEVO/arkanoid/src/rtl_mio/sprom.v
export_ip_user_files -of_objects  [get_files F:/repos/a35/NUEVO/arkanoid/src/rtl_mio/debounce.vhd] -no_script -reset -force -quiet
remove_files  F:/repos/a35/NUEVO/arkanoid/src/rtl_mio/debounce.vhd
