#-----------------------------------------------------------
# Vivado v2018.3 (64-bit)
# SW Build 2405991 on Thu Dec  6 23:38:27 MST 2018
# IP Build 2404404 on Fri Dec  7 01:43:56 MST 2018
# Start of session at: Sun Jun 16 00:33:02 2019
# Process ID: 11576
# Current directory: D:/repos/a35t/arkanoid/A35
# Command line: vivado.exe -gui_launcher_event rodinguilauncherevent5712 D:\repos\a35t\arkanoid\A35\A35.xpr
# Log file: D:/repos/a35t/arkanoid/A35/vivado.log
# Journal file: D:/repos/a35t/arkanoid/A35\vivado.jou
#-----------------------------------------------------------
start_gui
open_project D:/repos/a35t/arkanoid/A35/A35.xpr
Scanning sources...
Finished scanning sources
INFO: [IP_Flow 19-234] Refreshing IP repositories
INFO: [IP_Flow 19-1704] No user IP repositories specified
INFO: [IP_Flow 19-2313] Loaded Vivado IP repository 'D:/Xilinx/Vivado/2018.3/data/ip'.
WARNING: [filemgmt 56-199] Attempt to get parsing info during refresh. "On-the-fly" syntax checking information may be incorrect. [D:/repos/a35t/arkanoid/src/modulo_top_a35t.v:]
WARNING: [filemgmt 56-199] Attempt to get parsing info during refresh. "On-the-fly" syntax checking information may be incorrect. [D:/repos/a35t/arkanoid/src/rtl/arkanoid.vhd:]
ERROR: [Common 17-180] Spawn failed: No error
set_property STEPS.SYNTH_DESIGN.ARGS.DIRECTIVE Default [get_runs synth_1]
set_property STEPS.SYNTH_DESIGN.ARGS.RETIMING true [get_runs synth_1]
reset_run synth_1
launch_runs impl_1 -to_step write_bitstream -jobs 4
[Sun Jun 16 00:38:16 2019] Launched synth_1...
Run output will be captured here: D:/repos/a35t/arkanoid/A35/A35.runs/synth_1/runme.log
[Sun Jun 16 00:38:16 2019] Launched impl_1...
Run output will be captured here: D:/repos/a35t/arkanoid/A35/A35.runs/impl_1/runme.log
reset_run synth_1
launch_runs impl_1 -to_step write_bitstream -jobs 4
[Sun Jun 16 00:39:09 2019] Launched synth_1...
Run output will be captured here: D:/repos/a35t/arkanoid/A35/A35.runs/synth_1/runme.log
[Sun Jun 16 00:39:09 2019] Launched impl_1...
Run output will be captured here: D:/repos/a35t/arkanoid/A35/A35.runs/impl_1/runme.log
exit
INFO: [Common 17-206] Exiting Vivado at Sun Jun 16 00:46:09 2019...
