#-----------------------------------------------------------
# Vivado v2018.3 (64-bit)
# SW Build 2405991 on Thu Dec  6 23:38:27 MST 2018
# IP Build 2404404 on Fri Dec  7 01:43:56 MST 2018
# Start of session at: Sat Jun 15 23:02:05 2019
# Process ID: 13412
# Current directory: D:/repos/a35t/arkanoid/A35
# Command line: vivado.exe -gui_launcher_event rodinguilauncherevent8356 D:\repos\a35t\arkanoid\A35\A35.xpr
# Log file: D:/repos/a35t/arkanoid/A35/vivado.log
# Journal file: D:/repos/a35t/arkanoid/A35\vivado.jou
#-----------------------------------------------------------
start_gui
open_project D:/repos/a35t/arkanoid/A35/A35.xpr
Scanning sources...
Finished scanning sources
WARNING: [filemgmt 56-3] IPUserFilesDir: Could not find the directory 'D:/repos/a35/defender/a35t/a35t.ip_user_files'.
INFO: [IP_Flow 19-234] Refreshing IP repositories
INFO: [IP_Flow 19-1704] No user IP repositories specified
INFO: [IP_Flow 19-2313] Loaded Vivado IP repository 'D:/Xilinx/Vivado/2018.3/data/ip'.
open_project: Time (s): cpu = 00:00:13 ; elapsed = 00:00:16 . Memory (MB): peak = 681.738 ; gain = 113.418
export_ip_user_files -of_objects  [get_files D:/repos/a35t/arkanoid/src/roms/eprom_2.vhd] -no_script -reset -force -quiet
export_ip_user_files -of_objects  [get_files D:/repos/a35t/arkanoid/src/roms/eprom_1.vhd] -no_script -reset -force -quiet
remove_files  {D:/repos/a35t/arkanoid/src/roms/eprom_2.vhd D:/repos/a35t/arkanoid/src/roms/eprom_1.vhd}
add_files -norecurse {D:/repos/a35t/arkanoid/src/roms/eprom_1_taito.vhd D:/repos/a35t/arkanoid/src/roms/eprom_2_taito.vhd}
export_ip_user_files -of_objects  [get_files D:/repos/a35t/arkanoid/A35/A35.srcs/sources_1/ip/clk_wiz_0/clk_wiz_0.xci] -no_script -reset -force -quiet
remove_files  -fileset clk_wiz_0 D:/repos/a35t/arkanoid/A35/A35.srcs/sources_1/ip/clk_wiz_0/clk_wiz_0.xci
INFO: [Project 1-386] Moving file 'D:/repos/a35t/arkanoid/A35/A35.srcs/sources_1/ip/clk_wiz_0/clk_wiz_0.xci' from fileset 'clk_wiz_0' to fileset 'sources_1'.
export_ip_user_files -of_objects  [get_files D:/repos/a35t/arkanoid/A35/A35.srcs/sources_1/ip/clk_wiz_1/clk_wiz_1.xci] -no_script -reset -force -quiet
remove_files  -fileset clk_wiz_1 D:/repos/a35t/arkanoid/A35/A35.srcs/sources_1/ip/clk_wiz_1/clk_wiz_1.xci
INFO: [Project 1-386] Moving file 'D:/repos/a35t/arkanoid/A35/A35.srcs/sources_1/ip/clk_wiz_1/clk_wiz_1.xci' from fileset 'clk_wiz_1' to fileset 'sources_1'.
export_ip_user_files -of_objects  [get_files D:/repos/a35t/arkanoid/src/roms/a75-03.ic64.mem] -no_script -reset -force -quiet
export_ip_user_files -of_objects  [get_files D:/repos/a35t/arkanoid/src/roms/a75-04.ic63.mem] -no_script -reset -force -quiet
export_ip_user_files -of_objects  [get_files D:/repos/a35t/arkanoid/src/roms/a75-05.ic62.mem] -no_script -reset -force -quiet
remove_files  {D:/repos/a35t/arkanoid/src/roms/a75-03.ic64.mem D:/repos/a35t/arkanoid/src/roms/a75-04.ic63.mem D:/repos/a35t/arkanoid/src/roms/a75-05.ic62.mem}
reset_run synth_1
launch_runs impl_1 -to_step write_bitstream -jobs 4
[Sat Jun 15 23:43:37 2019] Launched synth_1...
Run output will be captured here: D:/repos/a35t/arkanoid/A35/A35.runs/synth_1/runme.log
[Sat Jun 15 23:43:37 2019] Launched impl_1...
Run output will be captured here: D:/repos/a35t/arkanoid/A35/A35.runs/impl_1/runme.log
exit
INFO: [Common 17-206] Exiting Vivado at Sun Jun 16 00:22:19 2019...
