#-----------------------------------------------------------
# Vivado v2018.3.1 (64-bit)
# SW Build 2489853 on Tue Mar 26 04:20:25 MDT 2019
# IP Build 2486929 on Tue Mar 26 06:44:21 MDT 2019
# Start of session at: Mon May 27 12:34:00 2019
# Process ID: 6184
# Current directory: F:/repos/a35/NUEVO/mayday/A35
# Command line: vivado.exe -gui_launcher_event rodinguilauncherevent6696 F:\repos\a35\NUEVO\mayday\A35\A35.xpr
# Log file: F:/repos/a35/NUEVO/mayday/A35/vivado.log
# Journal file: F:/repos/a35/NUEVO/mayday/A35\vivado.jou
#-----------------------------------------------------------
start_gui
open_project F:/repos/a35/NUEVO/mayday/A35/A35.xpr
INFO: [Project 1-313] Project file moved from 'F:/repos/a35/NUEVO/colony7/A35' since last save.
CRITICAL WARNING: [Project 1-311] Could not find the file 'F:/repos/a35/NUEVO/mayday/src/roms/colony7_decoder_3.vhd', nor could it be found using path 'F:/repos/a35/NUEVO/colony7/src/roms/colony7_decoder_3.vhd'.
CRITICAL WARNING: [Project 1-311] Could not find the file 'F:/repos/a35/NUEVO/mayday/src/roms/colony7_sound.vhd', nor could it be found using path 'F:/repos/a35/NUEVO/colony7/src/roms/colony7_sound.vhd'.
CRITICAL WARNING: [Project 1-311] Could not find the file 'F:/repos/a35/NUEVO/mayday/src/roms/colony7_decoder_2.vhd', nor could it be found using path 'F:/repos/a35/NUEVO/colony7/src/roms/colony7_decoder_2.vhd'.
CRITICAL WARNING: [Project 1-311] Could not find the file 'F:/repos/a35/NUEVO/mayday/src/roms/colony7_prog.vhd', nor could it be found using path 'F:/repos/a35/NUEVO/colony7/src/roms/colony7_prog.vhd'.
Scanning sources...
Finished scanning sources
INFO: [IP_Flow 19-234] Refreshing IP repositories
INFO: [IP_Flow 19-1704] No user IP repositories specified
INFO: [IP_Flow 19-2313] Loaded Vivado IP repository 'F:/Xilinx/Vivado/2018.3/data/ip'.
open_project: Time (s): cpu = 00:00:21 ; elapsed = 00:00:14 . Memory (MB): peak = 676.168 ; gain = 91.484
set_property top mayday_top [current_fileset]
export_ip_user_files -of_objects  [get_files F:/repos/a35/NUEVO/mayday/src/roms/colony7_decoder_2.vhd] -no_script -reset -force -quiet
export_ip_user_files -of_objects  [get_files F:/repos/a35/NUEVO/mayday/src/roms/colony7_decoder_3.vhd] -no_script -reset -force -quiet
export_ip_user_files -of_objects  [get_files F:/repos/a35/NUEVO/mayday/src/roms/colony7_prog.vhd] -no_script -reset -force -quiet
export_ip_user_files -of_objects  [get_files F:/repos/a35/NUEVO/mayday/src/roms/colony7_sound.vhd] -no_script -reset -force -quiet
remove_files  {F:/repos/a35/NUEVO/mayday/src/roms/colony7_decoder_2.vhd F:/repos/a35/NUEVO/mayday/src/roms/colony7_decoder_3.vhd F:/repos/a35/NUEVO/mayday/src/roms/colony7_prog.vhd F:/repos/a35/NUEVO/mayday/src/roms/colony7_sound.vhd}
add_files -norecurse {F:/repos/a35/NUEVO/mayday/src/roms/mayday_prog.vhd F:/repos/a35/NUEVO/mayday/src/roms/mayday_sound.vhd F:/repos/a35/NUEVO/mayday/src/roms/mayday_decoder_2.vhd F:/repos/a35/NUEVO/mayday/src/roms/mayday_decoder_3.vhd}
reset_run synth_1
WARNING: [Vivado 12-1017] Problems encountered:
1. Couldn't access process for termination

launch_runs impl_1 -to_step write_bitstream
[Mon May 27 12:42:36 2019] Launched synth_1...
Run output will be captured here: F:/repos/a35/NUEVO/mayday/A35/A35.runs/synth_1/runme.log
[Mon May 27 12:42:36 2019] Launched impl_1...
Run output will be captured here: F:/repos/a35/NUEVO/mayday/A35/A35.runs/impl_1/runme.log
reset_run synth_1
launch_runs impl_1 -to_step write_bitstream
[Mon May 27 12:47:00 2019] Launched synth_1...
Run output will be captured here: F:/repos/a35/NUEVO/mayday/A35/A35.runs/synth_1/runme.log
[Mon May 27 12:47:00 2019] Launched impl_1...
Run output will be captured here: F:/repos/a35/NUEVO/mayday/A35/A35.runs/impl_1/runme.log
open_hw
connect_hw_server
INFO: [Labtools 27-2285] Connecting to hw_server url TCP:localhost:3121
INFO: [Labtools 27-2222] Launching hw_server...
INFO: [Labtools 27-2221] Launch Output:

****** Xilinx hw_server v2018.3.1
  **** Build date : Mar 26 2019-05:02:51
    ** Copyright 1986-2018 Xilinx, Inc. All Rights Reserved.


connect_hw_server: Time (s): cpu = 00:00:01 ; elapsed = 00:00:06 . Memory (MB): peak = 762.309 ; gain = 0.000
open_hw_target
INFO: [Labtoolstcl 44-466] Opening hw_target localhost:3121/xilinx_tcf/Xilinx/00000000000000
open_hw_target: Time (s): cpu = 00:00:07 ; elapsed = 00:00:08 . Memory (MB): peak = 1707.004 ; gain = 944.695
set_property PROGRAM.FILE {F:/repos/a35/NUEVO/mayday/A35/A35.runs/impl_1/mayday_top.bit} [get_hw_devices xc7a35t_0]
current_hw_device [get_hw_devices xc7a35t_0]
refresh_hw_device -update_hw_probes false [lindex [get_hw_devices xc7a35t_0] 0]
INFO: [Labtools 27-1434] Device xc7a35t (JTAG device index = 0) is programmed with a design that has no supported debug core(s) in it.
set_property PROBES.FILE {} [get_hw_devices xc7a35t_0]
set_property FULL_PROBES.FILE {} [get_hw_devices xc7a35t_0]
set_property PROGRAM.FILE {F:/repos/a35/NUEVO/mayday/A35/A35.runs/impl_1/mayday_top.bit} [get_hw_devices xc7a35t_0]
program_hw_devices [get_hw_devices xc7a35t_0]
INFO: [Labtools 27-3164] End of startup status: HIGH
refresh_hw_device [lindex [get_hw_devices xc7a35t_0] 0]
INFO: [Labtools 27-1434] Device xc7a35t (JTAG device index = 0) is programmed with a design that has no supported debug core(s) in it.
ERROR: [Labtoolstcl 44-513] HW Target shutdown. Closing target: localhost:3121/xilinx_tcf/Xilinx/00000000000000
reset_run synth_1
launch_runs impl_1 -to_step write_bitstream
[Mon May 27 13:25:08 2019] Launched synth_1...
Run output will be captured here: F:/repos/a35/NUEVO/mayday/A35/A35.runs/synth_1/runme.log
[Mon May 27 13:25:08 2019] Launched impl_1...
Run output will be captured here: F:/repos/a35/NUEVO/mayday/A35/A35.runs/impl_1/runme.log
INFO: [Labtoolstcl 44-466] Opening hw_target localhost:3121/xilinx_tcf/Xilinx/00000000000000
INFO: [Labtools 27-1435] Device xc7a35t (JTAG device index = 0) is not programmed (DONE status = 0).
WARNING: [Labtoolstcl 44-129] No matching hw_ila_data was found.
set_property PROBES.FILE {} [get_hw_devices xc7a35t_0]
set_property FULL_PROBES.FILE {} [get_hw_devices xc7a35t_0]
set_property PROGRAM.FILE {F:/repos/a35/NUEVO/mayday/A35/A35.runs/impl_1/mayday_top.bit} [get_hw_devices xc7a35t_0]
program_hw_devices [get_hw_devices xc7a35t_0]
INFO: [Labtools 27-3164] End of startup status: HIGH
refresh_hw_device [lindex [get_hw_devices xc7a35t_0] 0]
INFO: [Labtools 27-1434] Device xc7a35t (JTAG device index = 0) is programmed with a design that has no supported debug core(s) in it.
ERROR: [Labtoolstcl 44-513] HW Target shutdown. Closing target: localhost:3121/xilinx_tcf/Xilinx/00000000000000
INFO: [Labtoolstcl 44-466] Opening hw_target localhost:3121/xilinx_tcf/Xilinx/00000000000000
INFO: [Labtools 27-1435] Device xc7a35t (JTAG device index = 0) is not programmed (DONE status = 0).
WARNING: [Labtoolstcl 44-129] No matching hw_ila_data was found.
exit
INFO: [Common 17-206] Exiting Vivado at Mon May 27 13:50:25 2019...
