#-----------------------------------------------------------
# Vivado v2018.1 (64-bit)
# SW Build 2188600 on Wed Apr  4 18:40:38 MDT 2018
# IP Build 2185939 on Wed Apr  4 20:55:05 MDT 2018
# Start of session at: Tue Jun 26 10:33:01 2018
# Process ID: 7128
# Current directory: F:/repos/a35/bombjack/A35
# Command line: vivado.exe -gui_launcher_event rodinguilauncherevent6128 F:\repos\a35\bombjack\A35\A35.xpr
# Log file: F:/repos/a35/bombjack/A35/vivado.log
# Journal file: F:/repos/a35/bombjack/A35\vivado.jou
#-----------------------------------------------------------
start_gui
open_project F:/repos/a35/bombjack/A35/A35.xpr
Scanning sources...
Finished scanning sources
INFO: [IP_Flow 19-234] Refreshing IP repositories
INFO: [IP_Flow 19-1704] No user IP repositories specified
INFO: [IP_Flow 19-2313] Loaded Vivado IP repository 'C:/Xilinx/Vivado/2018.1/data/ip'.
open_project: Time (s): cpu = 00:00:24 ; elapsed = 00:00:17 . Memory (MB): peak = 806.969 ; gain = 99.371
export_ip_user_files -of_objects  [get_files F:/repos/a35/bombjack/source/synchro.v] -no_script -reset -force -quiet
remove_files  F:/repos/a35/bombjack/source/synchro.v
export_ip_user_files -of_objects  [get_files F:/repos/a35/bombjack/source/bombjack/p8_palette.vhd] -no_script -reset -force -quiet
remove_files  F:/repos/a35/bombjack/source/bombjack/p8_palette.vhd
