#-----------------------------------------------------------
# Vivado v2018.3 (64-bit)
# SW Build 2405991 on Thu Dec  6 23:38:27 MST 2018
# IP Build 2404404 on Fri Dec  7 01:43:56 MST 2018
# Start of session at: Sat May 25 21:17:26 2019
# Process ID: 9812
# Current directory: D:/repos/jammazx1 - Bigbucket/jammazx1/arcades/defender/joust/A35
# Command line: vivado.exe -gui_launcher_event rodinguilauncherevent1384 D:\repos\jammazx1 - Bigbucket\jammazx1\arcades\defender\joust\A35\A35.xpr
# Log file: D:/repos/jammazx1 - Bigbucket/jammazx1/arcades/defender/joust/A35/vivado.log
# Journal file: D:/repos/jammazx1 - Bigbucket/jammazx1/arcades/defender/joust/A35\vivado.jou
#-----------------------------------------------------------
start_gui
open_project {D:/repos/jammazx1 - Bigbucket/jammazx1/arcades/defender/joust/A35/A35.xpr}
Scanning sources...
Finished scanning sources
WARNING: [filemgmt 56-3] IPUserFilesDir: Could not find the directory 'D:/repos/jammazx1 - Bigbucket/jammazx1/repos/a35/defender/a35t/a35t.ip_user_files'.
INFO: [IP_Flow 19-234] Refreshing IP repositories
INFO: [IP_Flow 19-1704] No user IP repositories specified
INFO: [IP_Flow 19-2313] Loaded Vivado IP repository 'D:/Xilinx/Vivado/2018.3/data/ip'.
open_project: Time (s): cpu = 00:00:12 ; elapsed = 00:00:06 . Memory (MB): peak = 643.043 ; gain = 79.613
exit
INFO: [Common 17-206] Exiting Vivado at Sat May 25 21:18:16 2019...
