Copyright 1986-2019 Xilinx, Inc. All Rights Reserved.
-----------------------------------------------------------------------------------------
| Tool Version : Vivado v.2018.3.1 (win64) Build 2489853 Tue Mar 26 04:20:25 MDT 2019
| Date         : Sat Apr 27 12:49:39 2019
| Host         : W7-PC running 64-bit Service Pack 1  (build 7601)
| Command      : report_control_sets -verbose -file bombjack_top_control_sets_placed.rpt
| Design       : bombjack_top
| Device       : xc7a35t
-----------------------------------------------------------------------------------------

Control Set Information

Table of Contents
-----------------
1. Summary
2. Histogram
3. Flip-Flop Distribution
4. Detailed Control Set Information

1. Summary
----------

+----------------------------------------------------------+-------+
|                          Status                          | Count |
+----------------------------------------------------------+-------+
| Number of unique control sets                            |   182 |
| Unused register locations in slices containing registers |   392 |
+----------------------------------------------------------+-------+


2. Histogram
------------

+--------+--------------+
| Fanout | Control Sets |
+--------+--------------+
|      1 |           23 |
|      2 |            1 |
|      3 |            1 |
|      4 |            8 |
|      5 |            7 |
|      6 |            2 |
|      7 |            3 |
|      8 |           84 |
|      9 |            2 |
|     10 |            8 |
|     11 |            1 |
|     12 |           11 |
|     13 |            1 |
|     14 |            1 |
|     15 |            2 |
|    16+ |           27 |
+--------+--------------+


3. Flip-Flop Distribution
-------------------------

+--------------+-----------------------+------------------------+-----------------+--------------+
| Clock Enable | Synchronous Set/Reset | Asynchronous Set/Reset | Total Registers | Total Slices |
+--------------+-----------------------+------------------------+-----------------+--------------+
| No           | No                    | No                     |             218 |          111 |
| No           | No                    | Yes                    |              46 |           25 |
| No           | Yes                   | No                     |              58 |           22 |
| Yes          | No                    | No                     |             960 |          406 |
| Yes          | No                    | Yes                    |             184 |           91 |
| Yes          | Yes                   | No                     |             286 |           78 |
+--------------+-----------------------+------------------------+-----------------+--------------+


4. Detailed Control Set Information
-----------------------------------

+---------------+-----------------------------------------------+--------------------------------------------------+------------------+----------------+
|  Clock Signal |                 Enable Signal                 |                 Set/Reset Signal                 | Slice Load Count | Bel Load Count |
+---------------+-----------------------------------------------+--------------------------------------------------+------------------+----------------+
|  ena_12_BUFG  |                                               | pm/p9/s_2J8_n_i_2_n_0                            |                1 |              1 |
|  JOY_CLK_OBUF |                                               | p_0_in                                           |                1 |              1 |
|  JOY_CLK_OBUF | joy1[0]                                       |                                                  |                1 |              1 |
|  JOY_CLK_OBUF | joy1[1]                                       |                                                  |                1 |              1 |
|  JOY_CLK_OBUF | joy1[2]                                       |                                                  |                1 |              1 |
|  JOY_CLK_OBUF | joy1[3]                                       |                                                  |                1 |              1 |
|  JOY_CLK_OBUF | joy1[4]                                       |                                                  |                1 |              1 |
|  JOY_CLK_OBUF | joy1[8]                                       |                                                  |                1 |              1 |
|  JOY_CLK_OBUF | joy1[9]                                       |                                                  |                1 |              1 |
|  JOY_CLK_OBUF | joy2[0]                                       |                                                  |                1 |              1 |
|  JOY_CLK_OBUF | joy2[1]                                       |                                                  |                1 |              1 |
|  JOY_CLK_OBUF | joy2[2]                                       |                                                  |                1 |              1 |
|  JOY_CLK_OBUF | joy2[3]                                       |                                                  |                1 |              1 |
|  JOY_CLK_OBUF | joy2[4]                                       |                                                  |                1 |              1 |
|  JOY_CLK_OBUF | joy2[8]                                       |                                                  |                1 |              1 |
|  JOY_CLK_OBUF | joy2[9]                                       |                                                  |                1 |              1 |
|  JOY_CLK_OBUF | joy2[11]                                      |                                                  |                1 |              1 |
|  ena_12_BUFG  | pm/p10/U34A/noise_gen_cnt[4]_i_1__1_n_0       |                                                  |                1 |              1 |
|  ena_12_BUFG  |                                               | pm/p9/s_2J6_n_i_2_n_0                            |                1 |              1 |
|  ena_12_BUFG  | pm/p10/U34C/noise_gen_cnt[4]_i_1__0_n_0       |                                                  |                1 |              1 |
|  ena_12_BUFG  | pm/p10/U34D/noise_gen_cnt[4]_i_1_n_0          |                                                  |                1 |              1 |
| ~ena_12_BUFG  |                                               | pm/p2/O_NMION_reg_0                              |                1 |              1 |
|  ena_12_BUFG  | ena_4                                         | pm/p8/s_vblank_t0                                |                1 |              1 |
|  ena_12_BUFG  |                                               | pm/p3/Q[6]                                       |                1 |              2 |
| ~ena_12_BUFG  | pm/p3/vcount0                                 |                                                  |                2 |              3 |
|  ena_12_BUFG  | pm/cpu_3K/u0/A_reg[10]_0[0]                   |                                                  |                1 |              4 |
|  ena_12_BUFG  | pm/cpu_3K/u0/E[0]                             |                                                  |                1 |              4 |
|  ena_12_BUFG  | pm/p10/U34A/noise_gen_cnt[4]_i_1__1_n_0       | pm/p10/U34A/noise_gen_cnt                        |                2 |              4 |
|  ena_12_BUFG  | pm/p10/U34D/noise_gen_cnt[4]_i_1_n_0          | pm/p10/U34D/noise_gen_cnt                        |                1 |              4 |
|  pclk         | keyb/ps2/bit_count                            |                                                  |                1 |              4 |
|  ena_12_BUFG  | pm/p10/U34C/noise_gen_cnt[4]_i_1__0_n_0       | pm/p10/U34C/noise_gen_cnt                        |                1 |              4 |
|  ena_12_BUFG  | pm/cpu_3K/u0/A_reg[0]_0[0]                    |                                                  |                1 |              4 |
| ~ena_12_BUFG  | pm/p3/s_vblank_n_reg_0[0]                     | pm/cpu_3K/u0/AR[0]                               |                1 |              4 |
|  JOY_CLK_OBUF |                                               | joy_count[4]_i_1_n_0                             |                2 |              5 |
|  ena_12_BUFG  | pm/p10/U34D/env_vol[4]_i_2_n_0                | pm/p10/U34D/env_vol[4]_i_1_n_0                   |                3 |              5 |
|  ena_12_BUFG  | ena_6_BUFG                                    | pm/p3/hcount                                     |                2 |              5 |
|  ena_12_BUFG  | pm/p10/U34C/env_vol[4]_i_2__0_n_0             | pm/p10/U34C/env_vol[4]_i_1__0_n_0                |                2 |              5 |
|  ena_12_BUFG  | pm/p10/U34A/env_vol[4]_i_2__1_n_0             | pm/p10/U34A/env_vol[4]_i_1__1_n_0                |                3 |              5 |
| ~ena_12_BUFG  | pm/p3/s_sload_n_t1_reg[0]                     |                                                  |                1 |              5 |
|  pclk         |                                               | delay_count[4]_i_2_n_0                           |                1 |              5 |
|  ena_12_BUFG  | pm/p3/s_CDL_n_t0_reg_0[0]                     |                                                  |                2 |              6 |
| ~ena_12_BUFG  | pm/p3/vcount0                                 | pm/p3/vcount                                     |                2 |              6 |
|  clk48        |                                               | delay_count[4]_i_2_n_0                           |                2 |              7 |
|  ena_12_BUFG  | pm/cpu_3K/u0/R[6]_i_1_n_0                     | pm/wd_ctr_reg__0[3]                              |                4 |              7 |
|  ena_12_BUFG  | pm/p9/cpu_34F/u0/R[6]_i_1__0_n_0              |                                                  |                3 |              7 |
|  ena_12_BUFG  | pm/p10/U34C/reg[14][7]_i_1_n_0                |                                                  |                3 |              8 |
|  ena_12_BUFG  | pm/p10/U34C/reg[15][7]_i_1_n_0                |                                                  |                5 |              8 |
|  ena_12_BUFG  | pm/p10/U34C/reg[1][7]_i_1_n_0                 |                                                  |                3 |              8 |
|  ena_12_BUFG  | pm/p10/U34C/reg[2][7]_i_1_n_0                 |                                                  |                4 |              8 |
|  ena_12_BUFG  | pm/p10/U34C/reg[3][7]_i_1_n_0                 |                                                  |                4 |              8 |
|  ena_12_BUFG  | pm/p10/U34C/reg[4][7]_i_1_n_0                 |                                                  |                3 |              8 |
|  ena_12_BUFG  | pm/p10/U34C/reg[5][7]_i_1_n_0                 |                                                  |                3 |              8 |
|  ena_12_BUFG  | pm/p10/U34C/reg[6][7]_i_1_n_0                 |                                                  |                3 |              8 |
|  ena_12_BUFG  | pm/p10/U34C/reg[7][7]_i_1_n_0                 |                                                  |                2 |              8 |
|  ena_12_BUFG  | pm/p10/U34C/reg[8][7]_i_1_n_0                 |                                                  |                3 |              8 |
|  ena_12_BUFG  | pm/p10/U34C/reg[9][7]_i_1_n_0                 |                                                  |                3 |              8 |
|  ena_12_BUFG  | pm/p10/U34A/reg[13][7]_i_1__1_n_0             |                                                  |                2 |              8 |
|  ena_12_BUFG  | pm/p10/U34A/reg[12][7]_i_1__1_n_0             |                                                  |                3 |              8 |
|  ena_12_BUFG  | pm/p10/U34A/reg[11][7]_i_1__1_n_0             |                                                  |                4 |              8 |
|  ena_12_BUFG  | pm/p10/U34A/reg[10][7]_i_1__1_n_0             |                                                  |                3 |              8 |
|  ena_12_BUFG  | pm/p10/U34D/audio_final[7]_i_1_n_0            |                                                  |                1 |              8 |
|  ena_12_BUFG  | pm/p10/U34A/reg[0][7]_i_1__1_n_0              |                                                  |                3 |              8 |
|  ena_12_BUFG  | pm/cpu_3K/u0/I                                | pm/wd_ctr_reg__0[3]                              |                2 |              8 |
|  ena_12_BUFG  | pm/cpu_3K/u0/IR                               | pm/wd_ctr_reg__0[3]                              |                3 |              8 |
|  ena_12_BUFG  | pm/cpu_3K/u0/SP[15]_i_1_n_0                   | pm/wd_ctr_reg__0[3]                              |                4 |              8 |
|  ena_12_BUFG  | pm/cpu_3K/u0/SP[7]_i_1_n_0                    | pm/wd_ctr_reg__0[3]                              |                4 |              8 |
|  ena_12_BUFG  | pm/cpu_3K/u0/TmpAddr[15]_i_1_n_0              | pm/wd_ctr_reg__0[3]                              |                3 |              8 |
|  ena_12_BUFG  | pm/cpu_3K/u0/TmpAddr[7]_i_1_n_0               | pm/wd_ctr_reg__0[3]                              |                3 |              8 |
|  ena_12_BUFG  | pm/p10/U34A/reg[9][7]_i_1__1_n_0              |                                                  |                4 |              8 |
|  ena_12_BUFG  | pm/p10/U34A/reg[4][7]_i_1__1_n_0              |                                                  |                3 |              8 |
|  ena_12_BUFG  | pm/p10/U34A/reg[8][7]_i_1__1_n_0              |                                                  |                3 |              8 |
|  ena_12_BUFG  | pm/p10/U34A/reg[7][7]_i_1__1_n_0              |                                                  |                3 |              8 |
|  ena_12_BUFG  | pm/p10/U34A/reg[6][7]_i_1__1_n_0              |                                                  |                4 |              8 |
|  ena_12_BUFG  | pm/cpu_3K/u0/TState_reg[2]_0[0]               | pm/wd_ctr_reg__0[3]                              |                3 |              8 |
|  ena_12_BUFG  | pm/p10/U34A/reg[5][7]_i_1__1_n_0              |                                                  |                4 |              8 |
|  ena_12_BUFG  | pm/p10/U34A/audio_final[7]_i_1__1_n_0         |                                                  |                1 |              8 |
|  ena_12_BUFG  | pm/p9/cpu_34F/u0/BusA[7]_i_1__0_n_0           |                                                  |                8 |              8 |
|  ena_12_BUFG  | pm/p9/cpu_34F/u0/DO[7]_i_1__0_n_0             |                                                  |                8 |              8 |
|  ena_12_BUFG  | pm/p9/cpu_34F/u0/I                            |                                                  |                3 |              8 |
|  ena_12_BUFG  | pm/p9/cpu_34F/u0/IR                           |                                                  |                2 |              8 |
|  ena_12_BUFG  | pm/p9/s_b800_wr_n_re                          | pm/p9/s_2L_bus[7]_i_2_n_0                        |                2 |              8 |
|  ena_12_BUFG  | pm/p10/U34A/reg[3][7]_i_1__1_n_0              |                                                  |                3 |              8 |
|  ena_12_BUFG  | pm/p9/cpu_34F/u0/SP[15]_i_1__0_n_0            |                                                  |                2 |              8 |
|  ena_12_BUFG  | pm/p9/cpu_34F/u0/SP[7]_i_1__0_n_0             |                                                  |                2 |              8 |
|  ena_12_BUFG  | pm/p9/cpu_34F/u0/TState_reg[0]_0              |                                                  |                2 |              8 |
|  ena_12_BUFG  | pm/p9/cpu_34F/u0/TmpAddr[15]_i_1__0_n_0       |                                                  |                3 |              8 |
|  ena_12_BUFG  | pm/p9/cpu_34F/u0/TmpAddr[7]_i_1__0_n_0        |                                                  |                3 |              8 |
|  ena_12_BUFG  | pm/p9/cpu_34F/u0/addr                         |                                                  |                3 |              8 |
|  ena_12_BUFG  | pm/p9/cpu_34F/u0/addr_0                       |                                                  |                3 |              8 |
|  ena_12_BUFG  | pm/p9/cpu_34F/u0/addr_1                       |                                                  |                2 |              8 |
|  ena_12_BUFG  | pm/p9/cpu_34F/u0/ACC                          |                                                  |                4 |              8 |
|  ena_12_BUFG  | pm/p10/U34C/audio_final[7]_i_1__0_n_0         |                                                  |                2 |              8 |
|  ena_12_BUFG  | pm/p10/U34A/reg[2][7]_i_1__1_n_0              |                                                  |                2 |              8 |
|  ena_12_BUFG  | pm/cpu_3K/u0/ACC                              | pm/wd_ctr_reg__0[3]                              |                2 |              8 |
|  ena_12_BUFG  | pm/p10/U34D/reg[0][7]_i_1__0_n_0              |                                                  |                2 |              8 |
|  ena_12_BUFG  | pm/p10/U34D/reg[10][7]_i_1__0_n_0             |                                                  |                4 |              8 |
|  ena_12_BUFG  | pm/p10/U34A/reg[1][7]_i_1__1_n_0              |                                                  |                2 |              8 |
|  ena_12_BUFG  | pm/p10/U34D/reg[12][7]_i_1__0_n_0             |                                                  |                2 |              8 |
|  ena_12_BUFG  | pm/p10/U34D/reg[13][7]_i_1_n_0                |                                                  |                3 |              8 |
|  ena_12_BUFG  | pm/p10/U34D/reg[14][7]_i_1__0_n_0             |                                                  |                5 |              8 |
|  ena_12_BUFG  | pm/p10/U34D/reg[15][7]_i_1__0_n_0             |                                                  |                3 |              8 |
|  ena_12_BUFG  | pm/p10/U34D/reg[1][7]_i_1__0_n_0              |                                                  |                3 |              8 |
|  ena_12_BUFG  | pm/p10/U34D/reg[2][7]_i_1__0_n_0              |                                                  |                2 |              8 |
|  ena_12_BUFG  | pm/p10/U34D/reg[3][7]_i_1__0_n_0              |                                                  |                4 |              8 |
|  ena_12_BUFG  | pm/p10/U34D/reg[4]_14                         |                                                  |                2 |              8 |
|  ena_12_BUFG  | pm/p10/U34D/reg[5]_15                         |                                                  |                3 |              8 |
|  ena_12_BUFG  | pm/p10/U34D/reg[6]_13                         |                                                  |                3 |              8 |
|  ena_12_BUFG  | pm/p10/U34D/reg[7]_12                         |                                                  |                3 |              8 |
|  ena_12_BUFG  | pm/p10/U34D/reg[8][7]_i_1__0_n_0              |                                                  |                2 |              8 |
|  ena_12_BUFG  | pm/p10/U34D/reg[9][7]_i_1__0_n_0              |                                                  |                4 |              8 |
|  ena_12_BUFG  | pm/p10/U34A/reg[15][7]_i_1__1_n_0             |                                                  |                5 |              8 |
|  ena_12_BUFG  | pm/p3/s_MDL_n_t0_reg_0[0]                     |                                                  |                2 |              8 |
|  ena_12_BUFG  | pm/p10/U34D/reg[11][7]_i_1__0_n_0             |                                                  |                4 |              8 |
|  ena_12_BUFG  | pm/p3/s_VPL_n_t0_reg_0[0]                     |                                                  |                2 |              8 |
|  ena_12_BUFG  | pm/cpu_3K/u0/BusA[7]_i_1_n_0                  |                                                  |                7 |              8 |
|  ena_12_BUFG  | ena_6_BUFG                                    | pm/p3/O_CMPBLK_n_r_reg_0                         |                3 |              8 |
|  ena_12_BUFG  | pm/cpu_3K/u0/DO[7]_i_1_n_0                    | pm/wd_ctr_reg__0[3]                              |                6 |              8 |
|  ena_12_BUFG  | pm/p10/U34A/reg[14][7]_i_1__1_n_0             |                                                  |                2 |              8 |
|  ena_12_BUFG  | pm/p10/U34C/reg[0][7]_i_1_n_0                 |                                                  |                3 |              8 |
|  ena_12_BUFG  | pm/p10/U34C/reg[10][7]_i_1_n_0                |                                                  |                3 |              8 |
|  ena_12_BUFG  | pm/p10/U34C/reg[11][7]_i_1_n_0                |                                                  |                3 |              8 |
|  ena_12_BUFG  | pm/p10/U34C/reg[12][7]_i_1_n_0                |                                                  |                2 |              8 |
|  ena_6_BUFG   |                                               | pm/p3/O_256H_r_reg_2                             |                3 |              8 |
|  ena_6_BUFG   |                                               | pm/p3/O_256H_r_reg_3                             |                4 |              8 |
| ~ena_6_BUFG   |                                               | pm/p3/O_256H_r_reg_0[0]                          |                4 |              8 |
| ~ena_6_BUFG   |                                               | pm/p3/O_256H_r_reg_1[0]                          |                3 |              8 |
|  ena_12_BUFG  | pm/p10/U34C/reg[13][7]_i_1__0_n_0             |                                                  |                1 |              8 |
|  pclk         | keyb/ps2/DATA[7]_i_1_n_0                      |                                                  |                1 |              8 |
|  ena_12_BUFG  | pm/p3/s_SL1_n_t0_reg_0[0]                     |                                                  |                2 |              8 |
|  ena_12_BUFG  | el_multiboot/el_multiboot/Q[0]                | keyb/SR[0]                                       |                3 |              9 |
|  pclk         | keyb/ps2/shiftreg                             |                                                  |                2 |              9 |
|  ena_12_BUFG  | pm/p10/U34A/audio_mix                         | pm/p10/U34A/audio_final[7]_i_1__1_n_0            |                3 |             10 |
|  ena_12_BUFG  |                                               | pm/scan_conv/clear                               |                2 |             10 |
|  ena_12_BUFG  | pm/p10/U34D/audio_mix                         | pm/p10/U34D/audio_final[7]_i_1_n_0               |                3 |             10 |
|  ena_12_BUFG  | pm/scan_conv/delay_even_reg[2][0]             | pm/scan_conv/hpos_i[9]_i_1_n_0                   |                3 |             10 |
|  ena_12_BUFG  |                                               | pm/p3/delay_even_reg[2]_1                        |                3 |             10 |
|  ena_12_BUFG  | pm/p3/E[0]                                    | pm/p3/SR[0]                                      |                2 |             10 |
|  ena_12_BUFG  | pm/p10/U34C/audio_mix                         | pm/p10/U34C/audio_final[7]_i_1__0_n_0            |                3 |             10 |
|  ena_12_BUFG  | pm/scan_conv/vcnt[9]_i_1_n_0                  | pm/p3/SR[0]                                      |                3 |             10 |
|  ena_12_BUFG  | el_multiboot/el_multiboot/p_0_in              |                                                  |                2 |             11 |
|  ena_12_BUFG  | pm/p10/U34A/tone_gen_cnt[1]_11                | pm/p10/U34A/tone_gen_cnt[1][0]_i_1__1_n_0        |                3 |             12 |
|  ena_12_BUFG  | ena_6_BUFG                                    | pm/p8/s_vblank_t0                                |                3 |             12 |
|  ena_12_BUFG  | pm/p10/U34C/tone_gen_cnt[1]_10                | pm/p10/U34C/tone_gen_cnt[3][0]_i_1__0_n_0        |                3 |             12 |
|  ena_12_BUFG  | pm/p10/U34C/tone_gen_cnt[1]_10                | pm/p10/U34C/tone_gen_cnt[2][0]_i_1__0_n_0        |                3 |             12 |
|  ena_12_BUFG  | pm/p10/U34C/tone_gen_cnt[1]_10                | pm/p10/U34C/tone_gen_cnt[1][0]_i_1__0_n_0        |                3 |             12 |
|  ena_12_BUFG  | pm/p10/U34D/tone_gen_cnt[1]_9                 | pm/p10/U34D/tone_gen_cnt[1][0]_i_1_n_0           |                3 |             12 |
|  ena_12_BUFG  | pm/p10/U34D/tone_gen_cnt[1]_9                 | pm/p10/U34D/tone_gen_cnt[2][0]_i_1_n_0           |                3 |             12 |
|  ena_12_BUFG  | pm/p10/U34D/tone_gen_cnt[1]_9                 | pm/p10/U34D/tone_gen_cnt[3][0]_i_1_n_0           |                3 |             12 |
|  clk48        |                                               |                                                  |                5 |             12 |
|  ena_12_BUFG  | pm/p10/U34A/tone_gen_cnt[1]_11                | pm/p10/U34A/tone_gen_cnt[2][0]_i_1__1_n_0        |                3 |             12 |
|  ena_12_BUFG  | pm/p10/U34A/tone_gen_cnt[1]_11                | pm/p10/U34A/tone_gen_cnt[3][0]_i_1__1_n_0        |                3 |             12 |
| ~ena_12_BUFG  |                                               |                                                  |                5 |             13 |
|  ena_12_BUFG  | pm/p3/hcount_reg[2]_0                         |                                                  |                5 |             14 |
|  ena_12_BUFG  | pm/p9/cpu_34F/u0/A[14]_i_1__0_n_0             |                                                  |               13 |             15 |
|  ena_12_BUFG  | pm/p3/s_SL2_n_t0_reg_0[0]                     |                                                  |                4 |             15 |
|  ena_12_BUFG  | pm/p10/U34D/tone_gen_cnt[1]_9                 | pm/p10/U34D/env_gen_cnt                          |                4 |             16 |
|  ena_12_BUFG  | pm/p10/U34C/tone_gen_cnt[1]_10                | pm/p10/U34C/env_gen_cnt                          |                4 |             16 |
|  ena_12_BUFG  | pm/p10/U34A/tone_gen_cnt[1]_11                | pm/p10/U34A/env_gen_cnt                          |                4 |             16 |
|  ena_12_BUFG  | pm/cpu_3K/u0/p_0_in0_out                      |                                                  |                4 |             16 |
|  ena_12_BUFG  | pm/cpu_3K/u0/PC                               | pm/wd_ctr_reg__0[3]                              |               12 |             16 |
|  ena_12_BUFG  | pm/cpu_3K/u0/Ap                               | pm/wd_ctr_reg__0[3]                              |                6 |             16 |
|  ena_12_BUFG  | pm/cpu_3K/u0/A[15]_i_1_n_0                    | pm/wd_ctr_reg__0[3]                              |               15 |             16 |
|  ena_12_BUFG  | pm/p9/cpu_34F/u0/PC                           |                                                  |               12 |             16 |
|  ena_12_BUFG  | pm/p9/cpu_34F/u0/Ap                           |                                                  |                9 |             16 |
|  ena_12_BUFG  | pm/p10/U34C/noise_gen_cnt                     |                                                  |                3 |             17 |
|  ena_12_BUFG  | pm/p10/U34A/noise_gen_cnt                     |                                                  |                3 |             17 |
|  ena_12_BUFG  | pm/p10/U34D/noise_gen_cnt                     |                                                  |                4 |             17 |
|  ena_12_BUFG  | el_multiboot/el_multiboot/p_0_in              | el_multiboot/el_multiboot/icap_data0[31]_i_1_n_0 |                3 |             23 |
|  ena_6_BUFG   |                                               |                                                  |               10 |             23 |
|  ena_12_BUFG  | ena_4                                         | pm/wd_ctr_reg__0[3]                              |               14 |             24 |
|  ena_12_BUFG  | pm/p7/s_shifter_7R_7S                         |                                                  |               10 |             24 |
|  ena_12_BUFG  |                                               | pm/wd_ctr_reg__0[3]                              |               18 |             29 |
|  ena_12_BUFG  | ena_4                                         |                                                  |               20 |             30 |
|  ena_12_BUFG  | pm/cpu_3K/u0/p_0_in0_out__0                   |                                                  |                8 |             32 |
|  ena_12_BUFG  | pm/p9/cpu_34F/u0/Regs/WE                      |                                                  |                8 |             32 |
|  ena_12_BUFG  | pm/cpu_3K/u0/Regs/WE                          |                                                  |                8 |             32 |
|  ena_12_BUFG  | pm/cpu_3K/u0/Regs/bG1[0].Reg1L_i_2_n_0        |                                                  |                8 |             32 |
|  ena_12_BUFG  | pm/p9/cpu_34F/u0/Regs/bG1[0].Reg1L_i_2__0_n_0 |                                                  |                8 |             32 |
|  pclk         |                                               |                                                  |               17 |             37 |
|  ena_12_BUFG  | ena_6_BUFG                                    |                                                  |               26 |             66 |
|  ena_12_BUFG  | pm/p3/s_clk_en                                |                                                  |               53 |             86 |
|  ena_12_BUFG  |                                               |                                                  |               74 |            133 |
+---------------+-----------------------------------------------+--------------------------------------------------+------------------+----------------+


