Copyright 1986-2019 Xilinx, Inc. All Rights Reserved.
---------------------------------------------------------------------------------------
| Tool Version : Vivado v.2018.3.1 (win64) Build 2489853 Tue Mar 26 04:20:25 MDT 2019
| Date         : Sat Jun  1 09:51:28 2019
| Host         : W7-PC running 64-bit Service Pack 1  (build 7601)
| Command      : report_control_sets -verbose -file bwidow_top_control_sets_placed.rpt
| Design       : bwidow_top
| Device       : xc7a35t
---------------------------------------------------------------------------------------

Control Set Information

Table of Contents
-----------------
1. Summary
2. Histogram
3. Flip-Flop Distribution
4. Detailed Control Set Information

1. Summary
----------

+----------------------------------------------------------+-------+
|                          Status                          | Count |
+----------------------------------------------------------+-------+
| Number of unique control sets                            |   102 |
| Unused register locations in slices containing registers |   256 |
+----------------------------------------------------------+-------+


2. Histogram
------------

+--------+--------------+
| Fanout | Control Sets |
+--------+--------------+
|      1 |           15 |
|      2 |            2 |
|      3 |            1 |
|      4 |            7 |
|      5 |            4 |
|      8 |           46 |
|      9 |            5 |
|     10 |            1 |
|     11 |            2 |
|     12 |            1 |
|     13 |            1 |
|     14 |            4 |
|     15 |            1 |
|    16+ |           12 |
+--------+--------------+


3. Flip-Flop Distribution
-------------------------

+--------------+-----------------------+------------------------+-----------------+--------------+
| Clock Enable | Synchronous Set/Reset | Asynchronous Set/Reset | Total Registers | Total Slices |
+--------------+-----------------------+------------------------+-----------------+--------------+
| No           | No                    | No                     |             145 |           67 |
| No           | No                    | Yes                    |              55 |           21 |
| No           | Yes                   | No                     |              18 |            7 |
| Yes          | No                    | No                     |             527 |          177 |
| Yes          | No                    | Yes                    |             116 |           57 |
| Yes          | Yes                   | No                     |             243 |           63 |
+--------------+-----------------------+------------------------+-----------------+--------------+


4. Detailed Control Set Information
-----------------------------------

+--------------------------+------------------------------------------------------+--------------------------------------------------+------------------+----------------+
|       Clock Signal       |                     Enable Signal                    |                 Set/Reset Signal                 | Slice Load Count | Bel Load Count |
+--------------------------+------------------------------------------------------+--------------------------------------------------+------------------+----------------+
|  JOY_CLK_OBUF            | joy2[3]                                              |                                                  |                1 |              1 |
|  JOY_CLK_OBUF            |                                                      | joy_renew_i_1_n_0                                |                1 |              1 |
|  JOY_CLK_OBUF            | joy1[0]                                              |                                                  |                1 |              1 |
|  JOY_CLK_OBUF            | joy1[1]                                              |                                                  |                1 |              1 |
|  JOY_CLK_OBUF            | joy1[2]                                              |                                                  |                1 |              1 |
|  JOY_CLK_OBUF            | joy1[3]                                              |                                                  |                1 |              1 |
|  JOY_CLK_OBUF            | joy1[6]                                              |                                                  |                1 |              1 |
|  JOY_CLK_OBUF            | joy1[7]                                              |                                                  |                1 |              1 |
|  JOY_CLK_OBUF            | joy1[11]                                             |                                                  |                1 |              1 |
|  JOY_CLK_OBUF            | joy2[0]                                              |                                                  |                1 |              1 |
|  JOY_CLK_OBUF            | joy2[1]                                              |                                                  |                1 |              1 |
|  JOY_CLK_OBUF            | joy2[2]                                              |                                                  |                1 |              1 |
|  JOY_CLK_OBUF            | joy2[7]                                              |                                                  |                1 |              1 |
|  JOY_CLK_OBUF            | joy2[11]                                             |                                                  |                1 |              1 |
|  clk12                   | keyb/ps2/E[0]                                        |                                                  |                1 |              1 |
|  clk12                   | pm/u_bwidow/beam_ena                                 | pm/u_bwidow/pokeya/cnt_15k                       |                1 |              2 |
|  clk12                   | pm/u_bwidow/beam_ena                                 | pm/u_bwidow/pokeyb/cnt_15k                       |                1 |              2 |
|  clk12                   |                                                      | pm/reset_6_l_reg_inv_n_0                         |                3 |              3 |
|  clk12                   | pm/u_bwidow/myavg/vec_scale0                         | pm/u_bwidow/cpu/ena_1_5M_reg_0                   |                2 |              4 |
|  clk12                   | pm/u_bwidow/myavg/intensity0                         | pm/u_bwidow/cpu/ena_1_5M_reg_0                   |                1 |              4 |
|  clk12                   | pm/u_bwidow/cpu/irqctr                               | pm/u_bwidow/cpu/BAL_reg[6]_0                     |                1 |              4 |
|  clk12                   | pm/u_bwidow/myavg/vectordrawer/state_reg[3][0]       | pm/u_bwidow/cpu/ena_1_5M_reg_0                   |                2 |              4 |
|  clk12                   | pm/u_bwidow/myavg/vectordrawer/normsteps[3]_i_1_n_0  | pm/u_bwidow/myavg/vec_zero                       |                2 |              4 |
|  clk12                   | pm/u_bwidow/myavg/vec_scale0                         | pm/u_bwidow/myavg/vec_scale[11]_i_1_n_0          |                1 |              4 |
|  clk12                   | keyb/ps2/bit_count                                   |                                                  |                2 |              4 |
|  JOY_CLK_OBUF            |                                                      | joy_count[4]_i_1_n_0                             |                1 |              5 |
|  clk12                   |                                                      | delay_count[4]_i_2_n_0                           |                1 |              5 |
|  clk12                   | pm/u_bwidow/pokeya/AUDIO_OUT[7]_i_2_n_0              | pm/u_bwidow/pokeya/AUDIO_OUT[7]_i_1_n_0          |                2 |              5 |
|  clk12                   | pm/u_bwidow/pokeyb/AUDIO_OUT[7]_i_2__0_n_0           | pm/u_bwidow/pokeyb/AUDIO_OUT[7]_i_1__0_n_0       |                2 |              5 |
|  clk12                   | pm/u_bwidow/cpu/R_W_n_i_reg_4[0]                     |                                                  |                3 |              8 |
|  clk12                   | pm/u_bwidow/cpu/R_W_n_i_reg_5[0]                     |                                                  |                3 |              8 |
|  clk12                   | pm/u_bwidow/cpu/R_W_n_i_reg_6[0]                     |                                                  |                3 |              8 |
|  clk12                   | pm/u_bwidow/cpu/R_W_n_i_reg_7[0]                     |                                                  |                3 |              8 |
|  clk12                   | pm/u_bwidow/cpu/R_W_n_i_reg_8[0]                     |                                                  |                3 |              8 |
|  clk12                   | pm/u_bwidow/cpu/R_W_n_i_reg_9[0]                     |                                                  |                4 |              8 |
|  clk12                   | pm/u_bwidow/cpu/X[7]_i_1_n_0                         |                                                  |                4 |              8 |
|  clk12                   | pm/u_bwidow/cpu/Y[7]_i_1_n_0                         |                                                  |                3 |              8 |
|  clk12                   | pm/u_bwidow/cpu/BAL_reg[1]_1[0]                      |                                                  |                2 |              8 |
|  clk12                   | pm/u_bwidow/cpu/p_1_out[6]                           |                                                  |                4 |              8 |
|  clk12                   | pm/u_bwidow/cpu/R_W_n_i_reg_10[0]                    |                                                  |                4 |              8 |
|  clk12                   | pm/u_bwidow/cpu/R_W_n_i_reg_11[0]                    |                                                  |                2 |              8 |
|  clk12                   | pm/u_bwidow/cpu/BAL_reg[1]_0[0]                      |                                                  |                1 |              8 |
|  clk12                   | pm/u_bwidow/cpu/R_W_n_i_reg_12[0]                    |                                                  |                2 |              8 |
|  clk12                   | pm/u_bwidow/cpu/R_W_n_i_reg_13[0]                    |                                                  |                2 |              8 |
|  clk12                   | pm/u_bwidow/cpu/DL                                   | pm/reset_6_l_reg_inv_n_0                         |                2 |              8 |
|  clk12                   | pm/u_bwidow/cpu/Mode_r                               | pm/reset_6_l_reg_inv_n_0                         |                3 |              8 |
|  clk12                   | pm/u_bwidow/cpu/PC[15]_i_1_n_0                       | pm/reset_6_l_reg_inv_n_0                         |                3 |              8 |
|  clk12                   | pm/u_bwidow/cpu/PC[7]_i_1_n_0                        | pm/reset_6_l_reg_inv_n_0                         |                4 |              8 |
|  clk12                   | pm/u_bwidow/cpu/AD                                   | pm/reset_6_l_reg_inv_n_0                         |                2 |              8 |
|  clk12                   | pm/u_bwidow/cpu/BAH[7]_i_1_n_0                       | pm/reset_6_l_reg_inv_n_0                         |                5 |              8 |
|  clk12                   | pm/u_bwidow/cpu/BAL[7]_i_1_n_0                       | pm/reset_6_l_reg_inv_n_0                         |                6 |              8 |
|  clk12                   | pm/u_bwidow/pokeyb/tone_gen_cnt[1]_16                |                                                  |                4 |              8 |
|  clk12                   | pm/u_bwidow/myavg/instruction[15]_i_1_n_0            | pm/u_bwidow/cpu/ena_1_5M_reg_0                   |                2 |              8 |
|  clk12                   | pm/u_bwidow/myavg/instruction[7]_i_1_n_0             | pm/u_bwidow/cpu/ena_1_5M_reg_0                   |                2 |              8 |
|  clk12                   | pm/u_bwidow/myavg/operand[15]_i_1_n_0                |                                                  |                1 |              8 |
|  clk12                   | pm/u_bwidow/myavg/operand[7]_i_1_n_0                 |                                                  |                3 |              8 |
|  clk12                   | pm/u_bwidow/cpu/S[7]_i_1_n_0                         | pm/reset_6_l_reg_inv_n_0                         |                3 |              8 |
|  clk12                   | pm/u_bwidow/cpu/R_W_n_i_reg_14[0]                    |                                                  |                2 |              8 |
|  clk12                   | pm/u_bwidow/pokeya/pot_cnt0                          | pm/u_bwidow/pokeya/potgo                         |                2 |              8 |
|  clk12                   | pm/u_bwidow/pokeya/pot_val_reg[0]0                   |                                                  |                4 |              8 |
|  clk12                   | pm/u_bwidow/pokeya/tone_gen_cnt[1]_5                 |                                                  |                3 |              8 |
|  clk12                   | pm/u_bwidow/pokeya/tone_gen_cnt[2]_4                 |                                                  |                3 |              8 |
|  clk12                   | pm/u_bwidow/pokeya/tone_gen_cnt[3]_3                 |                                                  |                3 |              8 |
|  clk12                   | pm/u_bwidow/pokeya/tone_gen_cnt[4]_2                 |                                                  |                3 |              8 |
|  clk12                   | pm/u_bwidow/cpu/R_W_n_i_reg_15[0]                    |                                                  |                2 |              8 |
|  clk12                   | pm/u_bwidow/pokeyb/pot_cnt0                          | pm/u_bwidow/pokeyb/potgo                         |                2 |              8 |
|  clk12                   | pm/u_bwidow/pokeyb/pot_val_reg[0]0                   |                                                  |                2 |              8 |
|  clk12                   | pm/u_bwidow/cpu/R_W_n_i_reg_16[0]                    |                                                  |                3 |              8 |
|  clk12                   | pm/u_bwidow/pokeyb/tone_gen_cnt[2]_15                |                                                  |                4 |              8 |
|  clk12                   | pm/u_bwidow/pokeyb/tone_gen_cnt[3]_14                |                                                  |                4 |              8 |
|  clk12                   | pm/u_bwidow/pokeyb/tone_gen_cnt[4]_13                |                                                  |                3 |              8 |
|  clk12                   | pm/u_bwidow/cpu/R_W_n_i_reg_17[0]                    |                                                  |                3 |              8 |
|  clk12                   | pm/u_bwidow/cpu/R_W_n_i_reg_2[0]                     |                                                  |                2 |              8 |
|  clk12                   | keyb/ps2/DATA[7]_i_1_n_0                             |                                                  |                1 |              8 |
|  clk12                   | pm/u_bwidow/cpu/R_W_n_i_reg_3[0]                     |                                                  |                2 |              8 |
|  clk12                   | pm/u_bwidow/eqOp5_in                                 |                                                  |                2 |              9 |
|  clk12                   | keyb/ps2/shiftreg                                    |                                                  |                3 |              9 |
|  clk12                   | el_multiboot/el_multiboot/Q[0]                       | keyb/SR[0]                                       |                2 |              9 |
|  clk25                   | pm/u_DW/raster_active010_out                         | pm/u_DW/raster_active0                           |                3 |              9 |
|  clk25                   | pm/u_DW/sel                                          | keyb/clear                                       |                3 |              9 |
|  clk25                   | pm/u_DW/eqOp11_in                                    | keyb/clear                                       |                4 |             10 |
|  clk12                   | el_multiboot/el_multiboot/icap_data0[33]_inv_i_1_n_0 |                                                  |                2 |             11 |
|  clk25                   |                                                      |                                                  |                8 |             11 |
|  clk25                   |                                                      | pm/u_DW/VIDEO_R_OUT[3]_i_1_n_0                   |                5 |             12 |
|  clk12                   | pm/u_bwidow/myavg/pc0                                | pm/u_bwidow/myavg/pc[13]_i_1_n_0                 |                4 |             13 |
|  clk12                   | pm/u_bwidow/myavg/stack_reg[0]0                      |                                                  |                3 |             14 |
|  clk12                   | pm/u_bwidow/myavg/stack_reg[1]0                      |                                                  |                2 |             14 |
|  clk12                   | pm/u_bwidow/myavg/stack_reg[2]0                      |                                                  |                3 |             14 |
|  clk12                   | pm/u_bwidow/myavg/stack_reg[3]0                      |                                                  |                4 |             14 |
|  clk12                   | pm/u_bwidow/myavg/vectordrawer/timer                 | pm/u_bwidow/myavg/vectordrawer/timer[2]_i_1_n_0  |                4 |             15 |
|  clk12                   | pm/u_bwidow/cpu/BAH_reg[7]_3[0]                      |                                                  |                5 |             16 |
|  clk25                   | keyb/E[0]                                            |                                                  |                8 |             19 |
|  delay_count_reg_BUFG[0] |                                                      | keyb/clear                                       |                7 |             21 |
|  clk12                   | el_multiboot/el_multiboot/icap_data0[33]_inv_i_1_n_0 | el_multiboot/el_multiboot/icap_data0[31]_i_1_n_0 |                3 |             23 |
|  clk12                   | pm/u_bwidow/myavg/vec_dy[12]_i_1_n_0                 | pm/u_bwidow/cpu/ena_1_5M_reg_0                   |                6 |             24 |
|  delay_count_reg_BUFG[0] |                                                      |                                                  |                8 |             24 |
|  clk25                   |                                                      | keyb/clear                                       |               10 |             26 |
|  clk12                   | pm/u_bwidow/beam_ena                                 | pm/reset_6_l_reg_inv_n_0                         |               21 |             29 |
|  clk12                   | pm/u_bwidow/myavg/vectordrawer/normscale_0           | pm/u_bwidow/myavg/vec_zero                       |                7 |             38 |
|  clk12                   | pm/u_bwidow/myavg/vectordrawer/timer                 | pm/u_bwidow/myavg/vec_zero                       |               12 |             46 |
|  clk12                   |                                                      |                                                  |               51 |            110 |
|  clk12                   | pm/u_bwidow/beam_ena                                 |                                                  |               34 |            137 |
+--------------------------+------------------------------------------------------+--------------------------------------------------+------------------+----------------+


