#-----------------------------------------------------------
# Vivado v2018.3.1 (64-bit)
# SW Build 2489853 on Tue Mar 26 04:20:25 MDT 2019
# IP Build 2486929 on Tue Mar 26 06:44:21 MDT 2019
# Start of session at: Sat Jun  1 08:55:58 2019
# Process ID: 13128
# Current directory: F:/repos/a35/NUEVO/bwidow/A35
# Command line: vivado.exe -gui_launcher_event rodinguilauncherevent12312 F:\repos\a35\NUEVO\bwidow\A35\A35.xpr
# Log file: F:/repos/a35/NUEVO/bwidow/A35/vivado.log
# Journal file: F:/repos/a35/NUEVO/bwidow/A35\vivado.jou
#-----------------------------------------------------------
start_gui
open_project F:/repos/a35/NUEVO/bwidow/A35/A35.xpr
INFO: [Project 1-313] Project file moved from 'F:/repos/a35/NUEVO/asteroids/A35' since last save.
WARNING: [Project 1-312] File not found as 'F:/repos/a35/NUEVO/bwidow/src/roms/ASTEROIDS_PROG_ROM_1.VHD'; using path 'F:/repos/a35/NUEVO/asteroids/src/roms/ASTEROIDS_PROG_ROM_1.VHD' instead.
WARNING: [Project 1-312] File not found as 'F:/repos/a35/NUEVO/bwidow/src/roms/ASTEROIDS_PROG_ROM_2.VHD'; using path 'F:/repos/a35/NUEVO/asteroids/src/roms/ASTEROIDS_PROG_ROM_2.VHD' instead.
WARNING: [Project 1-312] File not found as 'F:/repos/a35/NUEVO/bwidow/src/roms/ASTEROIDS_PROG_ROM_0.VHD'; using path 'F:/repos/a35/NUEVO/asteroids/src/roms/ASTEROIDS_PROG_ROM_0.VHD' instead.
WARNING: [Project 1-312] File not found as 'F:/repos/a35/NUEVO/bwidow/src/rtl/asteroids_main.vhd'; using path 'F:/repos/a35/NUEVO/asteroids/src/rtl/asteroids_main.vhd' instead.
WARNING: [Project 1-312] File not found as 'F:/repos/a35/NUEVO/bwidow/src/rtl/asteroids_ram.vhd'; using path 'F:/repos/a35/NUEVO/asteroids/src/rtl/asteroids_ram.vhd' instead.
WARNING: [Project 1-312] File not found as 'F:/repos/a35/NUEVO/bwidow/src/rtl/asteroids_vg.vhd'; using path 'F:/repos/a35/NUEVO/asteroids/src/rtl/asteroids_vg.vhd' instead.
WARNING: [Project 1-312] File not found as 'F:/repos/a35/NUEVO/bwidow/src/rtl/asteroids_dw.vhd'; using path 'F:/repos/a35/NUEVO/asteroids/src/rtl/asteroids_dw.vhd' instead.
WARNING: [Project 1-312] File not found as 'F:/repos/a35/NUEVO/bwidow/src/rtl/asteroids.vhd'; using path 'F:/repos/a35/NUEVO/asteroids/src/rtl/asteroids.vhd' instead.
WARNING: [Project 1-312] File not found as 'F:/repos/a35/NUEVO/bwidow/src/roms/ASTEROIDS_VEC_ROM_1.vhd'; using path 'F:/repos/a35/NUEVO/asteroids/src/roms/ASTEROIDS_VEC_ROM_1.vhd' instead.
Scanning sources...
Finished scanning sources
WARNING: [Project 1-312] File not found as 'F:/repos/a35/NUEVO/bwidow/src/roms/ASTEROIDS_PROG_ROM_1.VHD'; using path 'F:/repos/a35/NUEVO/asteroids/src/roms/ASTEROIDS_PROG_ROM_1.VHD' instead.
WARNING: [Project 1-312] File not found as 'F:/repos/a35/NUEVO/bwidow/src/roms/ASTEROIDS_PROG_ROM_2.VHD'; using path 'F:/repos/a35/NUEVO/asteroids/src/roms/ASTEROIDS_PROG_ROM_2.VHD' instead.
WARNING: [Project 1-312] File not found as 'F:/repos/a35/NUEVO/bwidow/src/roms/ASTEROIDS_PROG_ROM_0.VHD'; using path 'F:/repos/a35/NUEVO/asteroids/src/roms/ASTEROIDS_PROG_ROM_0.VHD' instead.
WARNING: [Project 1-312] File not found as 'F:/repos/a35/NUEVO/bwidow/src/rtl/asteroids_main.vhd'; using path 'F:/repos/a35/NUEVO/asteroids/src/rtl/asteroids_main.vhd' instead.
WARNING: [Project 1-312] File not found as 'F:/repos/a35/NUEVO/bwidow/src/rtl/asteroids_ram.vhd'; using path 'F:/repos/a35/NUEVO/asteroids/src/rtl/asteroids_ram.vhd' instead.
WARNING: [Project 1-312] File not found as 'F:/repos/a35/NUEVO/bwidow/src/rtl/asteroids_vg.vhd'; using path 'F:/repos/a35/NUEVO/asteroids/src/rtl/asteroids_vg.vhd' instead.
WARNING: [Project 1-312] File not found as 'F:/repos/a35/NUEVO/bwidow/src/rtl/asteroids_dw.vhd'; using path 'F:/repos/a35/NUEVO/asteroids/src/rtl/asteroids_dw.vhd' instead.
WARNING: [Project 1-312] File not found as 'F:/repos/a35/NUEVO/bwidow/src/rtl/asteroids.vhd'; using path 'F:/repos/a35/NUEVO/asteroids/src/rtl/asteroids.vhd' instead.
WARNING: [Project 1-312] File not found as 'F:/repos/a35/NUEVO/bwidow/src/roms/ASTEROIDS_VEC_ROM_1.vhd'; using path 'F:/repos/a35/NUEVO/asteroids/src/roms/ASTEROIDS_VEC_ROM_1.vhd' instead.
WARNING: [Project 1-312] File not found as 'F:/repos/a35/NUEVO/bwidow/src/roms/ASTEROIDS_PROG_ROM_1.VHD'; using path 'F:/repos/a35/NUEVO/asteroids/src/roms/ASTEROIDS_PROG_ROM_1.VHD' instead.
WARNING: [Project 1-312] File not found as 'F:/repos/a35/NUEVO/bwidow/src/roms/ASTEROIDS_PROG_ROM_2.VHD'; using path 'F:/repos/a35/NUEVO/asteroids/src/roms/ASTEROIDS_PROG_ROM_2.VHD' instead.
WARNING: [Project 1-312] File not found as 'F:/repos/a35/NUEVO/bwidow/src/roms/ASTEROIDS_PROG_ROM_0.VHD'; using path 'F:/repos/a35/NUEVO/asteroids/src/roms/ASTEROIDS_PROG_ROM_0.VHD' instead.
WARNING: [Project 1-312] File not found as 'F:/repos/a35/NUEVO/bwidow/src/rtl/asteroids_main.vhd'; using path 'F:/repos/a35/NUEVO/asteroids/src/rtl/asteroids_main.vhd' instead.
WARNING: [Project 1-312] File not found as 'F:/repos/a35/NUEVO/bwidow/src/rtl/asteroids_ram.vhd'; using path 'F:/repos/a35/NUEVO/asteroids/src/rtl/asteroids_ram.vhd' instead.
WARNING: [Project 1-312] File not found as 'F:/repos/a35/NUEVO/bwidow/src/rtl/asteroids_vg.vhd'; using path 'F:/repos/a35/NUEVO/asteroids/src/rtl/asteroids_vg.vhd' instead.
WARNING: [Project 1-312] File not found as 'F:/repos/a35/NUEVO/bwidow/src/rtl/asteroids_dw.vhd'; using path 'F:/repos/a35/NUEVO/asteroids/src/rtl/asteroids_dw.vhd' instead.
WARNING: [Project 1-312] File not found as 'F:/repos/a35/NUEVO/bwidow/src/rtl/asteroids.vhd'; using path 'F:/repos/a35/NUEVO/asteroids/src/rtl/asteroids.vhd' instead.
WARNING: [Project 1-312] File not found as 'F:/repos/a35/NUEVO/bwidow/src/roms/ASTEROIDS_VEC_ROM_1.vhd'; using path 'F:/repos/a35/NUEVO/asteroids/src/roms/ASTEROIDS_VEC_ROM_1.vhd' instead.
WARNING: [filemgmt 56-2] IP Repository Path: Could not find the directory 'F:/repos/a35/NUEVO/bwidow/ip_repo', nor could it be found using path 'F:/repos/a35/NUEVO/asteroids/ip_repo'.
INFO: [IP_Flow 19-234] Refreshing IP repositories
WARNING: [IP_Flow 19-2248] Failed to load user IP repository 'f:/repos/a35/NUEVO/bwidow/ip_repo'; Can't find the specified path.
If this directory should no longer be in your list of user repositories, go to the IP Settings dialog and remove it.
INFO: [IP_Flow 19-2313] Loaded Vivado IP repository 'F:/Xilinx/Vivado/2018.3/data/ip'.
open_project: Time (s): cpu = 00:00:23 ; elapsed = 00:00:14 . Memory (MB): peak = 665.738 ; gain = 84.355
export_ip_user_files -of_objects  [get_files F:/repos/a35/NUEVO/asteroids/src/roms/ASTEROIDS_PROG_ROM_1.VHD] -no_script -reset -force -quiet
export_ip_user_files -of_objects  [get_files F:/repos/a35/NUEVO/asteroids/src/roms/ASTEROIDS_PROG_ROM_2.VHD] -no_script -reset -force -quiet
export_ip_user_files -of_objects  [get_files F:/repos/a35/NUEVO/asteroids/src/roms/ASTEROIDS_PROG_ROM_0.VHD] -no_script -reset -force -quiet
export_ip_user_files -of_objects  [get_files F:/repos/a35/NUEVO/asteroids/src/rtl/asteroids_main.vhd] -no_script -reset -force -quiet
export_ip_user_files -of_objects  [get_files F:/repos/a35/NUEVO/asteroids/src/rtl/asteroids_ram.vhd] -no_script -reset -force -quiet
export_ip_user_files -of_objects  [get_files F:/repos/a35/NUEVO/asteroids/src/rtl/asteroids_vg.vhd] -no_script -reset -force -quiet
export_ip_user_files -of_objects  [get_files F:/repos/a35/NUEVO/asteroids/src/rtl/asteroids_dw.vhd] -no_script -reset -force -quiet
export_ip_user_files -of_objects  [get_files F:/repos/a35/NUEVO/asteroids/src/rtl/asteroids.vhd] -no_script -reset -force -quiet
remove_files  {F:/repos/a35/NUEVO/asteroids/src/roms/ASTEROIDS_PROG_ROM_1.VHD F:/repos/a35/NUEVO/asteroids/src/roms/ASTEROIDS_PROG_ROM_2.VHD F:/repos/a35/NUEVO/asteroids/src/roms/ASTEROIDS_PROG_ROM_0.VHD F:/repos/a35/NUEVO/asteroids/src/rtl/asteroids_main.vhd F:/repos/a35/NUEVO/asteroids/src/rtl/asteroids_ram.vhd F:/repos/a35/NUEVO/asteroids/src/rtl/asteroids_vg.vhd F:/repos/a35/NUEVO/asteroids/src/rtl/asteroids_dw.vhd F:/repos/a35/NUEVO/asteroids/src/rtl/asteroids.vhd}
export_ip_user_files -of_objects  [get_files F:/repos/a35/NUEVO/asteroids/src/roms/ASTEROIDS_VEC_ROM_1.vhd] -no_script -reset -force -quiet
remove_files  F:/repos/a35/NUEVO/asteroids/src/roms/ASTEROIDS_VEC_ROM_1.vhd
export_ip_user_files -of_objects  [get_files F:/repos/a35/NUEVO/bwidow/src/rtl_mio/ram_1k.vhd] -no_script -reset -force -quiet
remove_files  F:/repos/a35/NUEVO/bwidow/src/rtl_mio/ram_1k.vhd
set_property top bwidow_top [current_fileset]
add_files -norecurse {F:/repos/a35/NUEVO/bwidow/src/roms/rom_pgme.vhd F:/repos/a35/NUEVO/bwidow/src/rtl/pkg_bwidow.vhd F:/repos/a35/NUEVO/bwidow/src/rtl/ram_2k.vhd F:/repos/a35/NUEVO/bwidow/src/rtl/pgmrom.vhd F:/repos/a35/NUEVO/bwidow/src/roms/rom_pgmb.vhd F:/repos/a35/NUEVO/bwidow/src/rtl/vecrom.vhd F:/repos/a35/NUEVO/bwidow/src/roms/rom_vecc.vhd F:/repos/a35/NUEVO/bwidow/src/roms/rom_pgmf.vhd F:/repos/a35/NUEVO/bwidow/src/roms/rom_veca.vhd F:/repos/a35/NUEVO/bwidow/src/roms/rom_pgmd.vhd F:/repos/a35/NUEVO/bwidow/src/rtl/vector_drawer.vhd F:/repos/a35/NUEVO/bwidow/src/rtl/avg.vhd F:/repos/a35/NUEVO/bwidow/src/rtl/ram2k.vhd F:/repos/a35/NUEVO/bwidow/src/roms/rom_pgma.vhd F:/repos/a35/NUEVO/bwidow/src/rtl/pokey.vhd F:/repos/a35/NUEVO/bwidow/src/roms/rom_pgmc.vhd F:/repos/a35/NUEVO/bwidow/src/rtl/bwidow_dw.vhd F:/repos/a35/NUEVO/bwidow/src/roms/rom_vecb.vhd F:/repos/a35/NUEVO/bwidow/src/rtl/bwidow_main.vhd F:/repos/a35/NUEVO/bwidow/src/rtl/earom.vhd F:/repos/a35/NUEVO/bwidow/src/rtl/bwidow.vhd F:/repos/a35/NUEVO/bwidow/src/roms/rom_vecd.vhd}
reset_run synth_1
launch_runs impl_1 -to_step write_bitstream -jobs 2
[Sat Jun  1 09:07:02 2019] Launched synth_1...
Run output will be captured here: F:/repos/a35/NUEVO/bwidow/A35/A35.runs/synth_1/runme.log
[Sat Jun  1 09:07:02 2019] Launched impl_1...
Run output will be captured here: F:/repos/a35/NUEVO/bwidow/A35/A35.runs/impl_1/runme.log
open_hw
connect_hw_server
INFO: [Labtools 27-2285] Connecting to hw_server url TCP:localhost:3121
INFO: [Labtools 27-2222] Launching hw_server...
INFO: [Labtools 27-2221] Launch Output:

****** Xilinx hw_server v2018.3.1
  **** Build date : Mar 26 2019-05:02:51
    ** Copyright 1986-2018 Xilinx, Inc. All Rights Reserved.


open_hw_target
INFO: [Labtoolstcl 44-466] Opening hw_target localhost:3121/xilinx_tcf/Xilinx/00000000000000
open_hw_target: Time (s): cpu = 00:00:09 ; elapsed = 00:00:09 . Memory (MB): peak = 1762.469 ; gain = 937.258
set_property PROGRAM.FILE {F:/repos/a35/NUEVO/bwidow/A35/A35.runs/impl_1/bwidow_top.bit} [get_hw_devices xc7a35t_0]
current_hw_device [get_hw_devices xc7a35t_0]
refresh_hw_device -update_hw_probes false [lindex [get_hw_devices xc7a35t_0] 0]
INFO: [Labtools 27-1434] Device xc7a35t (JTAG device index = 0) is programmed with a design that has no supported debug core(s) in it.
set_property PROBES.FILE {} [get_hw_devices xc7a35t_0]
set_property FULL_PROBES.FILE {} [get_hw_devices xc7a35t_0]
set_property PROGRAM.FILE {F:/repos/a35/NUEVO/bwidow/A35/A35.runs/impl_1/bwidow_top.bit} [get_hw_devices xc7a35t_0]
program_hw_devices [get_hw_devices xc7a35t_0]
INFO: [Labtools 27-3164] End of startup status: HIGH
refresh_hw_device [lindex [get_hw_devices xc7a35t_0] 0]
INFO: [Labtools 27-1434] Device xc7a35t (JTAG device index = 0) is programmed with a design that has no supported debug core(s) in it.
ERROR: [Labtoolstcl 44-513] HW Target shutdown. Closing target: localhost:3121/xilinx_tcf/Xilinx/00000000000000
INFO: [Labtoolstcl 44-466] Opening hw_target localhost:3121/xilinx_tcf/Xilinx/00000000000000
INFO: [Labtools 27-1435] Device xc7a35t (JTAG device index = 0) is not programmed (DONE status = 0).
WARNING: [Labtoolstcl 44-129] No matching hw_ila_data was found.
set_property PROBES.FILE {} [get_hw_devices xc7a35t_0]
set_property FULL_PROBES.FILE {} [get_hw_devices xc7a35t_0]
set_property PROGRAM.FILE {F:/repos/a35/NUEVO/bwidow/A35/A35.runs/impl_1/bwidow_top.bit} [get_hw_devices xc7a35t_0]
program_hw_devices [get_hw_devices xc7a35t_0]
INFO: [Labtools 27-3164] End of startup status: HIGH
refresh_hw_device [lindex [get_hw_devices xc7a35t_0] 0]
INFO: [Labtools 27-1434] Device xc7a35t (JTAG device index = 0) is programmed with a design that has no supported debug core(s) in it.
ERROR: [Labtoolstcl 44-513] HW Target shutdown. Closing target: localhost:3121/xilinx_tcf/Xilinx/00000000000000
INFO: [Labtoolstcl 44-466] Opening hw_target localhost:3121/xilinx_tcf/Xilinx/00000000000000
INFO: [Labtools 27-1435] Device xc7a35t (JTAG device index = 0) is not programmed (DONE status = 0).
WARNING: [Labtoolstcl 44-129] No matching hw_ila_data was found.
set_property PROBES.FILE {} [get_hw_devices xc7a35t_0]
set_property FULL_PROBES.FILE {} [get_hw_devices xc7a35t_0]
set_property PROGRAM.FILE {F:/repos/a35/NUEVO/bwidow/A35/A35.runs/impl_1/bwidow_top.bit} [get_hw_devices xc7a35t_0]
program_hw_devices [get_hw_devices xc7a35t_0]
INFO: [Labtools 27-3164] End of startup status: HIGH
refresh_hw_device [lindex [get_hw_devices xc7a35t_0] 0]
INFO: [Labtools 27-1434] Device xc7a35t (JTAG device index = 0) is programmed with a design that has no supported debug core(s) in it.
ERROR: [Labtoolstcl 44-513] HW Target shutdown. Closing target: localhost:3121/xilinx_tcf/Xilinx/00000000000000
INFO: [Labtoolstcl 44-466] Opening hw_target localhost:3121/xilinx_tcf/Xilinx/00000000000000
INFO: [Labtools 27-1435] Device xc7a35t (JTAG device index = 0) is not programmed (DONE status = 0).
WARNING: [Labtoolstcl 44-129] No matching hw_ila_data was found.
reset_run synth_1
launch_runs impl_1 -to_step write_bitstream -jobs 2
[Sat Jun  1 09:34:34 2019] Launched synth_1...
Run output will be captured here: F:/repos/a35/NUEVO/bwidow/A35/A35.runs/synth_1/runme.log
[Sat Jun  1 09:34:34 2019] Launched impl_1...
Run output will be captured here: F:/repos/a35/NUEVO/bwidow/A35/A35.runs/impl_1/runme.log
reset_run synth_1
launch_runs impl_1 -to_step write_bitstream -jobs 2
[Sat Jun  1 09:36:07 2019] Launched synth_1...
Run output will be captured here: F:/repos/a35/NUEVO/bwidow/A35/A35.runs/synth_1/runme.log
[Sat Jun  1 09:36:07 2019] Launched impl_1...
Run output will be captured here: F:/repos/a35/NUEVO/bwidow/A35/A35.runs/impl_1/runme.log
set_property PROBES.FILE {} [get_hw_devices xc7a35t_0]
set_property FULL_PROBES.FILE {} [get_hw_devices xc7a35t_0]
set_property PROGRAM.FILE {F:/repos/a35/NUEVO/bwidow/A35/A35.runs/impl_1/bwidow_top.bit} [get_hw_devices xc7a35t_0]
program_hw_devices [get_hw_devices xc7a35t_0]
INFO: [Labtools 27-3164] End of startup status: HIGH
refresh_hw_device [lindex [get_hw_devices xc7a35t_0] 0]
INFO: [Labtools 27-1434] Device xc7a35t (JTAG device index = 0) is programmed with a design that has no supported debug core(s) in it.
set_property PROBES.FILE {} [get_hw_devices xc7a35t_0]
set_property FULL_PROBES.FILE {} [get_hw_devices xc7a35t_0]
set_property PROGRAM.FILE {F:/repos/a35/NUEVO/bwidow/A35/A35.runs/impl_1/bwidow_top.bit} [get_hw_devices xc7a35t_0]
program_hw_devices [get_hw_devices xc7a35t_0]
INFO: [Labtools 27-3164] End of startup status: HIGH
refresh_hw_device [lindex [get_hw_devices xc7a35t_0] 0]
INFO: [Labtools 27-1434] Device xc7a35t (JTAG device index = 0) is programmed with a design that has no supported debug core(s) in it.
export_ip_user_files -of_objects  [get_files F:/repos/a35/NUEVO/bwidow/src/rtl_mio/keyb/keyboard.vhd] -no_script -reset -force -quiet
remove_files  F:/repos/a35/NUEVO/bwidow/src/rtl_mio/keyb/keyboard.vhd
add_files -norecurse F:/repos/a35/NUEVO/bwidow/src/rtl_mio/keyb/keyboard_wasd.vhd
reset_run synth_1
launch_runs impl_1 -to_step write_bitstream -jobs 2
[Sat Jun  1 09:47:49 2019] Launched synth_1...
Run output will be captured here: F:/repos/a35/NUEVO/bwidow/A35/A35.runs/synth_1/runme.log
[Sat Jun  1 09:47:49 2019] Launched impl_1...
Run output will be captured here: F:/repos/a35/NUEVO/bwidow/A35/A35.runs/impl_1/runme.log
ERROR: [Labtoolstcl 44-513] HW Target shutdown. Closing target: localhost:3121/xilinx_tcf/Xilinx/00000000000000
INFO: [Labtoolstcl 44-466] Opening hw_target localhost:3121/xilinx_tcf/Xilinx/00000000000000
INFO: [Labtools 27-1435] Device xc7a35t (JTAG device index = 0) is not programmed (DONE status = 0).
WARNING: [Labtoolstcl 44-129] No matching hw_ila_data was found.
set_property PROBES.FILE {} [get_hw_devices xc7a35t_0]
set_property FULL_PROBES.FILE {} [get_hw_devices xc7a35t_0]
set_property PROGRAM.FILE {F:/repos/a35/NUEVO/bwidow/A35/A35.runs/impl_1/bwidow_top.bit} [get_hw_devices xc7a35t_0]
program_hw_devices [get_hw_devices xc7a35t_0]
INFO: [Labtools 27-3164] End of startup status: HIGH
program_hw_devices: Time (s): cpu = 00:00:08 ; elapsed = 00:00:07 . Memory (MB): peak = 1806.848 ; gain = 0.000
refresh_hw_device [lindex [get_hw_devices xc7a35t_0] 0]
INFO: [Labtools 27-1434] Device xc7a35t (JTAG device index = 0) is programmed with a design that has no supported debug core(s) in it.
ERROR: [Labtoolstcl 44-513] HW Target shutdown. Closing target: localhost:3121/xilinx_tcf/Xilinx/00000000000000
INFO: [Labtoolstcl 44-466] Opening hw_target localhost:3121/xilinx_tcf/Xilinx/00000000000000
INFO: [Labtools 27-1435] Device xc7a35t (JTAG device index = 0) is not programmed (DONE status = 0).
WARNING: [Labtoolstcl 44-129] No matching hw_ila_data was found.
exit
INFO: [Common 17-206] Exiting Vivado at Sat Jun  1 10:05:57 2019...
