Copyright 1986-2019 Xilinx, Inc. All Rights Reserved.
------------------------------------------------------------------------------------------
| Tool Version : Vivado v.2018.3.1 (win64) Build 2489853 Tue Mar 26 04:20:25 MDT 2019
| Date         : Mon Jun 17 15:12:30 2019
| Host         : W7-PC running 64-bit Service Pack 1  (build 7601)
| Command      : report_clock_utilization -file arkanoid_top_clock_utilization_routed.rpt
| Design       : arkanoid_top
| Device       : 7a35t-ftg256
| Speed File   : -1  PRODUCTION 1.23 2018-06-13
------------------------------------------------------------------------------------------

Clock Utilization Report

Table of Contents
-----------------
1. Clock Primitive Utilization
2. Global Clock Resources
3. Global Clock Source Details
4. Local Clock Details
5. Clock Regions: Key Resource Utilization
6. Clock Regions : Global Clock Summary
7. Device Cell Placement Summary for Global Clock g0
8. Device Cell Placement Summary for Global Clock g1
9. Device Cell Placement Summary for Global Clock g2
10. Device Cell Placement Summary for Global Clock g3
11. Device Cell Placement Summary for Global Clock g4
12. Device Cell Placement Summary for Global Clock g5
13. Device Cell Placement Summary for Global Clock g6
14. Device Cell Placement Summary for Global Clock g7
15. Clock Region Cell Placement per Global Clock: Region X0Y0
16. Clock Region Cell Placement per Global Clock: Region X1Y0
17. Clock Region Cell Placement per Global Clock: Region X0Y1
18. Clock Region Cell Placement per Global Clock: Region X1Y1
19. Clock Region Cell Placement per Global Clock: Region X0Y2

1. Clock Primitive Utilization
------------------------------

+----------+------+-----------+-----+--------------+--------+
| Type     | Used | Available | LOC | Clock Region | Pblock |
+----------+------+-----------+-----+--------------+--------+
| BUFGCTRL |    8 |        32 |   0 |            0 |      0 |
| BUFH     |    0 |        72 |   0 |            0 |      0 |
| BUFIO    |    0 |        20 |   0 |            0 |      0 |
| BUFMR    |    0 |        10 |   0 |            0 |      0 |
| BUFR     |    0 |        20 |   0 |            0 |      0 |
| MMCM     |    1 |         5 |   0 |            0 |      0 |
| PLL      |    0 |         5 |   0 |            0 |      0 |
+----------+------+-----------+-----+--------------+--------+


2. Global Clock Resources
-------------------------

+-----------+-----------+-----------------+------------+---------------+--------------+-------------------+-------------+-----------------+--------------+-------+--------------------------+------------------+
| Global Id | Source Id | Driver Type/Pin | Constraint | Site          | Clock Region | Load Clock Region | Clock Loads | Non-Clock Loads | Clock Period | Clock | Driver Pin               | Net              |
+-----------+-----------+-----------------+------------+---------------+--------------+-------------------+-------------+-----------------+--------------+-------+--------------------------+------------------+
| g0        | src0      | BUFG/O          | None       | BUFGCTRL_X0Y0 | n/a          |                 4 |         473 |               5 |              |       | pm/IC76/CLK_BUFG_inst/O  | pm/IC76/CLK_BUFG |
| g1        | src1      | BUFG/O          | None       | BUFGCTRL_X0Y1 | n/a          |                 5 |         233 |               0 |              |       | pclkbufg/O               | clk12            |
| g2        | src2      | BUFG/O          | None       | BUFGCTRL_X0Y2 | n/a          |                 3 |         132 |               4 |              |       | vol_table_in_reg_0_i_1/O | clk_3m           |
| g3        | src3      | BUFG/O          | None       | BUFGCTRL_X0Y3 | n/a          |                 1 |         100 |               0 |              |       | reg_reg[7][7]_i_2/O      | IC2/busctrl_we   |
| g4        | src1      | BUFG/O          | None       | BUFGCTRL_X0Y4 | n/a          |                 3 |          89 |               0 |              |       | pclkbufg1/O              | clk24            |
| g5        | src1      | BUFG/O          | None       | BUFGCTRL_X0Y5 | n/a          |                 2 |          51 |              37 |              |       | pclkbufg2/O              | clk9p6           |
| g6        | src4      | BUFG/O          | None       | BUFGCTRL_X0Y6 | n/a          |                 2 |          22 |               0 |              |       | q_internal_reg[7]_i_1/O  | h_cnt[1]         |
| g7        | src5      | BUFG/O          | None       | BUFGCTRL_X0Y7 | n/a          |                 1 |           9 |               2 |              |       | q1_reg_i_1/O             | h_cnt[7]         |
+-----------+-----------+-----------------+------------+---------------+--------------+-------------------+-------------+-----------------+--------------+-------+--------------------------+------------------+
* Clock Loads column represents the clock pin loads (pin count)
** Non-Clock Loads column represents the non-clock pin loads (pin count)


3. Global Clock Source Details
------------------------------

+-----------+-----------+--------------------+------------+-----------------+--------------+-------------+-----------------+---------------------+--------------+----------------------------+-----------------------+
| Source Id | Global Id | Driver Type/Pin    | Constraint | Site            | Clock Region | Clock Loads | Non-Clock Loads | Source Clock Period | Source Clock | Driver Pin                 | Net                   |
+-----------+-----------+--------------------+------------+-----------------+--------------+-------------+-----------------+---------------------+--------------+----------------------------+-----------------------+
| src0      | g0        | FDRE/Q             | None       | SLICE_X36Y46    | X1Y0         |           1 |               0 |                     |              | pm/IC76/q2_reg/Q           | pm/IC76/CLK           |
| src1      | g1        | MMCME2_ADV/CLKOUT0 | None       | MMCME2_ADV_X0Y0 | X0Y0         |           1 |               0 |                     |              | PLL_OSERDES/CLKOUT0        | pllclk0               |
| src1      | g4        | MMCME2_ADV/CLKOUT1 | None       | MMCME2_ADV_X0Y0 | X0Y0         |           1 |               0 |                     |              | PLL_OSERDES/CLKOUT1        | pllclk1               |
| src1      | g5        | MMCME2_ADV/CLKOUT2 | None       | MMCME2_ADV_X0Y0 | X0Y0         |           1 |               0 |                     |              | PLL_OSERDES/CLKOUT2        | pllclk2               |
| src2      | g2        | FDRE/Q             | None       | SLICE_X32Y89    | X0Y1         |           1 |              70 |                     |              | pm/IC81/q2_reg/Q           | pm/IC81/q2_reg_0      |
| src3      | g3        | LUT6/O             | None       | SLICE_X42Y54    | X1Y1         |           1 |               3 |                     |              | pm/IC12/u0/reg[7][7]_i_3/O | pm/IC12/u0/A_reg[0]_0 |
| src4      | g6        | FDRE/Q             | None       | SLICE_X32Y58    | X0Y1         |           1 |              56 |                     |              | pm/IC68/data_reg[1]/Q      | pm/IC68/Q[0]          |
| src5      | g7        | FDRE/Q             | None       | SLICE_X39Y60    | X1Y1         |           1 |              37 |                     |              | pm/IC67/data_reg[3]/Q      | pm/IC67/Q[0]          |
+-----------+-----------+--------------------+------------+-----------------+--------------+-------------+-----------------+---------------------+--------------+----------------------------+-----------------------+
* Clock Loads column represents the clock pin loads (pin count)
** Non-Clock Loads column represents the non-clock pin loads (pin count)


4. Local Clock Details
----------------------

+----------+-----------------+------------+-------------------+--------------+-------------+-----------------+--------------+-------+--------------------------+-----------------------------+
| Local Id | Driver Type/Pin | Constraint | Site/BEL          | Clock Region | Clock Loads | Non-Clock Loads | Clock Period | Clock | Driver Pin               | Net                         |
+----------+-----------------+------------+-------------------+--------------+-------------+-----------------+--------------+-------+--------------------------+-----------------------------||
| 0        | FDCE/Q          | None       | SLICE_X39Y43/CFF  | X1Y0         |          14 |               2 |              |       | delay_count_reg[2]/Q     | JOY_CLK_OBUF                - Static -
| 1        | FDRE/Q          | None       | SLICE_X41Y50/AFF  | X1Y1         |           8 |               2 |              |       | spinner_encoder_reg[0]/Q | spinner_encoder_reg_n_0_[0] - Static -
| 2        | FDRE/Q          | None       | SLICE_X39Y62/AFF  | X1Y1         |           5 |              13 |              |       | pm/IC87/q2_reg/Q         | pm/IC87/n_vblank            - Static -
| 3        | FDCE/Q          | None       | SLICE_X40Y50/B5FF | X1Y1         |           4 |               1 |              |       | pm/IC21/count1_reg[3]/Q  | pm/IC21/clk_26              - Static -
| 4        | FDRE/Q          | None       | SLICE_X37Y60/AFF  | X1Y1         |           1 |               6 |              |       | pm/IC68/data_reg[2]/Q    | pm/IC68/Q[1]                - Static -
| 5        | FDRE/Q          | None       | SLICE_X37Y60/A5FF | X1Y1         |           1 |               5 |              |       | pm/IC68/data_reg[3]/Q    | pm/IC68/Q[2]                - Static -
| 6        | FDRE/Q          | None       | SLICE_X39Y63/C5FF | X1Y1         |           1 |               5 |              |       | pm/IC73/data_reg[3]/Q    | pm/IC73/Q[3]                - Static -
+----------+-----------------+------------+-------------------+--------------+-------------+-----------------+--------------+-------+--------------------------+-----------------------------||
* Local Clocks in this context represents only clocks driven by non-global buffers
** Clock Loads column represents the clock pin loads (pin count)
*** Non-Clock Loads column represents the non-clock pin loads (pin count)


5. Clock Regions: Key Resource Utilization
------------------------------------------

+-------------------+--------------+--------------+--------------+--------------+--------------+--------------+--------------+--------------+--------------+--------------+--------------+--------------+--------------+--------------+--------------+
|                   | Global Clock |     BUFRs    |    BUFMRs    |    BUFIOs    |     MMCM     |      PLL     |      GT      |      PCI     |    ILOGIC    |    OLOGIC    |      FF      |     LUTM     |    RAMB18    |    RAMB36    |    DSP48E2   |
+-------------------+------+-------+------+-------+------+-------+------+-------+------+-------+------+-------+------+-------+------+-------+------+-------+------+-------+------+-------+------+-------+------+-------+------+-------+------+-------+
| Clock Region Name | Used | Avail | Used | Avail | Used | Avail | Used | Avail | Used | Avail | Used | Avail | Used | Avail | Used | Avail | Used | Avail | Used | Avail | Used | Avail | Used | Avail | Used | Avail | Used | Avail | Used | Avail |
+-------------------+------+-------+------+-------+------+-------+------+-------+------+-------+------+-------+------+-------+------+-------+------+-------+------+-------+------+-------+------+-------+------+-------+------+-------+------+-------+
| X0Y0              |    3 |    12 |    0 |     4 |    0 |     2 |    0 |     4 |    0 |     1 |    0 |     1 |    0 |     0 |    0 |     0 |    0 |    50 |    0 |    50 |  100 |  1200 |    6 |   400 |    0 |    20 |    4 |    10 |    0 |    20 |
| X1Y0              |    5 |    12 |    0 |     4 |    0 |     2 |    0 |     4 |    0 |     1 |    0 |     1 |    0 |     0 |    0 |     0 |    0 |    50 |    0 |    50 |  193 |  1500 |   40 |   450 |    0 |    40 |    8 |    20 |    0 |    20 |
| X0Y1              |    5 |    12 |    0 |     4 |    0 |     2 |    0 |     4 |    0 |     1 |    0 |     1 |    0 |     0 |    0 |     0 |    0 |    50 |    0 |    50 |  112 |  1200 |   46 |   400 |    0 |    20 |   10 |    10 |    0 |    20 |
| X1Y1              |    7 |    12 |    0 |     4 |    0 |     2 |    0 |     4 |    0 |     1 |    0 |     1 |    0 |     0 |    0 |     0 |    0 |    50 |    0 |    50 |  627 |  1500 |  190 |   450 |    2 |    40 |   18 |    20 |    0 |    20 |
| X0Y2              |    1 |    12 |    0 |     4 |    0 |     2 |    0 |     4 |    0 |     1 |    0 |     1 |    0 |     0 |    0 |     0 |    0 |    50 |    0 |    50 |    0 |  1800 |    0 |   400 |    0 |    20 |    1 |    10 |    0 |    20 |
| X1Y2              |    0 |    12 |    0 |     0 |    0 |     0 |    0 |     0 |    0 |     0 |    0 |     0 |    0 |     4 |    0 |     1 |    0 |     0 |    0 |     0 |    0 |   950 |    0 |   300 |    0 |    10 |    0 |     5 |    0 |    20 |
+-------------------+------+-------+------+-------+------+-------+------+-------+------+-------+------+-------+------+-------+------+-------+------+-------+------+-------+------+-------+------+-------+------+-------+------+-------+------+-------+
* Global Clock column represents track count; while other columns represents cell counts


6. Clock Regions : Global Clock Summary
---------------------------------------

All Modules
+----+----+----+
|    | X0 | X1 |
+----+----+----+
| Y2 |  1 |  0 |
| Y1 |  5 |  7 |
| Y0 |  3 |  5 |
+----+----+----+


7. Device Cell Placement Summary for Global Clock g0
----------------------------------------------------

+-----------+-----------------+-------------------+-------+-------------+---------------+-------------+----------+----------------+----------+------------------+
| Global Id | Driver Type/Pin | Driver Region (D) | Clock | Period (ns) | Waveform (ns) | Slice Loads | IO Loads | Clocking Loads | GT Loads | Net              |
+-----------+-----------------+-------------------+-------+-------------+---------------+-------------+----------+----------------+----------+------------------+
| g0        | BUFG/O          | n/a               |       |             |               |         478 |        0 |              0 |        0 | pm/IC76/CLK_BUFG |
+-----------+-----------------+-------------------+-------+-------------+---------------+-------------+----------+----------------+----------+------------------+
* Logic Loads column represents load cell count of all cell types other than IO, GT and clock resources
** IO Loads column represents load cell count of IO types
*** Clocking Loads column represents load cell count that are clock resources (global clock buffer, MMCM, PLL, etc)
**** GT Loads column represents load cell count of GT types


+----+-----+------+
|    | X0  | X1   |
+----+-----+------+
| Y2 |   0 |    0 |
| Y1 |  82 |  372 |
| Y0 |  16 |    8 |
+----+-----+------+


8. Device Cell Placement Summary for Global Clock g1
----------------------------------------------------

+-----------+-----------------+-------------------+-------+-------------+---------------+-------------+----------+----------------+----------+-------+
| Global Id | Driver Type/Pin | Driver Region (D) | Clock | Period (ns) | Waveform (ns) | Slice Loads | IO Loads | Clocking Loads | GT Loads | Net   |
+-----------+-----------------+-------------------+-------+-------------+---------------+-------------+----------+----------------+----------+-------+
| g1        | BUFG/O          | n/a               |       |             |               |         169 |        0 |              0 |        0 | clk12 |
+-----------+-----------------+-------------------+-------+-------------+---------------+-------------+----------+----------------+----------+-------+
* Logic Loads column represents load cell count of all cell types other than IO, GT and clock resources
** IO Loads column represents load cell count of IO types
*** Clocking Loads column represents load cell count that are clock resources (global clock buffer, MMCM, PLL, etc)
**** GT Loads column represents load cell count of GT types


+----+-----+-----+
|    | X0  | X1  |
+----+-----+-----+
| Y2 |   1 |   0 |
| Y1 |   9 |  16 |
| Y0 |  87 |  56 |
+----+-----+-----+


9. Device Cell Placement Summary for Global Clock g2
----------------------------------------------------

+-----------+-----------------+-------------------+-------+-------------+---------------+-------------+----------+----------------+----------+--------+
| Global Id | Driver Type/Pin | Driver Region (D) | Clock | Period (ns) | Waveform (ns) | Slice Loads | IO Loads | Clocking Loads | GT Loads | Net    |
+-----------+-----------------+-------------------+-------+-------------+---------------+-------------+----------+----------------+----------+--------+
| g2        | BUFG/O          | n/a               |       |             |               |         136 |        0 |              0 |        0 | clk_3m |
+-----------+-----------------+-------------------+-------+-------------+---------------+-------------+----------+----------------+----------+--------+
* Logic Loads column represents load cell count of all cell types other than IO, GT and clock resources
** IO Loads column represents load cell count of IO types
*** Clocking Loads column represents load cell count that are clock resources (global clock buffer, MMCM, PLL, etc)
**** GT Loads column represents load cell count of GT types


+----+-----+------+
|    | X0  | X1   |
+----+-----+------+
| Y2 |   0 |    0 |
| Y1 |  20 |  106 |
| Y0 |   0 |   10 |
+----+-----+------+


10. Device Cell Placement Summary for Global Clock g3
-----------------------------------------------------

+-----------+-----------------+-------------------+-------+-------------+---------------+-------------+----------+----------------+----------+----------------+
| Global Id | Driver Type/Pin | Driver Region (D) | Clock | Period (ns) | Waveform (ns) | Slice Loads | IO Loads | Clocking Loads | GT Loads | Net            |
+-----------+-----------------+-------------------+-------+-------------+---------------+-------------+----------+----------------+----------+----------------+
| g3        | BUFG/O          | n/a               |       |             |               |         100 |        0 |              0 |        0 | IC2/busctrl_we |
+-----------+-----------------+-------------------+-------+-------------+---------------+-------------+----------+----------------+----------+----------------+
* Logic Loads column represents load cell count of all cell types other than IO, GT and clock resources
** IO Loads column represents load cell count of IO types
*** Clocking Loads column represents load cell count that are clock resources (global clock buffer, MMCM, PLL, etc)
**** GT Loads column represents load cell count of GT types


+----+----+------+
|    | X0 | X1   |
+----+----+------+
| Y2 |  0 |    0 |
| Y1 |  0 |  100 |
| Y0 |  0 |    0 |
+----+----+------+


11. Device Cell Placement Summary for Global Clock g4
-----------------------------------------------------

+-----------+-----------------+-------------------+-------+-------------+---------------+-------------+----------+----------------+----------+-------+
| Global Id | Driver Type/Pin | Driver Region (D) | Clock | Period (ns) | Waveform (ns) | Slice Loads | IO Loads | Clocking Loads | GT Loads | Net   |
+-----------+-----------------+-------------------+-------+-------------+---------------+-------------+----------+----------------+----------+-------+
| g4        | BUFG/O          | n/a               |       |             |               |          89 |        0 |              0 |        0 | clk24 |
+-----------+-----------------+-------------------+-------+-------------+---------------+-------------+----------+----------------+----------+-------+
* Logic Loads column represents load cell count of all cell types other than IO, GT and clock resources
** IO Loads column represents load cell count of IO types
*** Clocking Loads column represents load cell count that are clock resources (global clock buffer, MMCM, PLL, etc)
**** GT Loads column represents load cell count of GT types


+----+-----+-----+
|    | X0  | X1  |
+----+-----+-----+
| Y2 |   0 |   0 |
| Y1 |  12 |   0 |
| Y0 |   2 |  75 |
+----+-----+-----+


12. Device Cell Placement Summary for Global Clock g5
-----------------------------------------------------

+-----------+-----------------+-------------------+-------+-------------+---------------+-------------+----------+----------------+----------+--------+
| Global Id | Driver Type/Pin | Driver Region (D) | Clock | Period (ns) | Waveform (ns) | Slice Loads | IO Loads | Clocking Loads | GT Loads | Net    |
+-----------+-----------------+-------------------+-------+-------------+---------------+-------------+----------+----------------+----------+--------+
| g5        | BUFG/O          | n/a               |       |             |               |          88 |        0 |              0 |        0 | clk9p6 |
+-----------+-----------------+-------------------+-------+-------------+---------------+-------------+----------+----------------+----------+--------+
* Logic Loads column represents load cell count of all cell types other than IO, GT and clock resources
** IO Loads column represents load cell count of IO types
*** Clocking Loads column represents load cell count that are clock resources (global clock buffer, MMCM, PLL, etc)
**** GT Loads column represents load cell count of GT types


+----+----+-----+
|    | X0 | X1  |
+----+----+-----+
| Y2 |  0 |   0 |
| Y1 |  0 |  15 |
| Y0 |  0 |  73 |
+----+----+-----+


13. Device Cell Placement Summary for Global Clock g6
-----------------------------------------------------

+-----------+-----------------+-------------------+-------+-------------+---------------+-------------+----------+----------------+----------+----------+
| Global Id | Driver Type/Pin | Driver Region (D) | Clock | Period (ns) | Waveform (ns) | Slice Loads | IO Loads | Clocking Loads | GT Loads | Net      |
+-----------+-----------------+-------------------+-------+-------------+---------------+-------------+----------+----------------+----------+----------+
| g6        | BUFG/O          | n/a               |       |             |               |          22 |        0 |              0 |        0 | h_cnt[1] |
+-----------+-----------------+-------------------+-------+-------------+---------------+-------------+----------+----------------+----------+----------+
* Logic Loads column represents load cell count of all cell types other than IO, GT and clock resources
** IO Loads column represents load cell count of IO types
*** Clocking Loads column represents load cell count that are clock resources (global clock buffer, MMCM, PLL, etc)
**** GT Loads column represents load cell count of GT types


+----+----+-----+
|    | X0 | X1  |
+----+----+-----+
| Y2 |  0 |   0 |
| Y1 |  1 |  21 |
| Y0 |  0 |   0 |
+----+----+-----+


14. Device Cell Placement Summary for Global Clock g7
-----------------------------------------------------

+-----------+-----------------+-------------------+-------+-------------+---------------+-------------+----------+----------------+----------+----------+
| Global Id | Driver Type/Pin | Driver Region (D) | Clock | Period (ns) | Waveform (ns) | Slice Loads | IO Loads | Clocking Loads | GT Loads | Net      |
+-----------+-----------------+-------------------+-------+-------------+---------------+-------------+----------+----------------+----------+----------+
| g7        | BUFG/O          | n/a               |       |             |               |          11 |        0 |              0 |        0 | h_cnt[7] |
+-----------+-----------------+-------------------+-------+-------------+---------------+-------------+----------+----------------+----------+----------+
* Logic Loads column represents load cell count of all cell types other than IO, GT and clock resources
** IO Loads column represents load cell count of IO types
*** Clocking Loads column represents load cell count that are clock resources (global clock buffer, MMCM, PLL, etc)
**** GT Loads column represents load cell count of GT types


+----+----+-----+
|    | X0 | X1  |
+----+----+-----+
| Y2 |  0 |   0 |
| Y1 |  0 |  11 |
| Y0 |  0 |   0 |
+----+----+-----+


15. Clock Region Cell Placement per Global Clock: Region X0Y0
-------------------------------------------------------------

+-----------+-------+-----------------+------------+-------------+-----------------+----+--------+------+-----+----+------+-----+---------+------------------+
| Global Id | Track | Driver Type/Pin | Constraint | Clock Loads | Non-Clock Loads | FF | LUTRAM | RAMB | DSP | GT | MMCM | PLL | Hard IP | Net              |
+-----------+-------+-----------------+------------+-------------+-----------------+----+--------+------+-----+----+------+-----+---------+------------------+
| g0        | n/a   | BUFG/O          | None       |          16 |               0 | 13 |      0 |    3 |   0 |  0 |    0 |   0 |       0 | pm/IC76/CLK_BUFG |
| g1        | n/a   | BUFG/O          | None       |          87 |               0 | 85 |      0 |    1 |   0 |  0 |    0 |   0 |       0 | clk12            |
| g4        | n/a   | BUFG/O          | None       |           2 |               0 |  2 |      0 |    0 |   0 |  0 |    0 |   0 |       0 | clk24            |
+-----------+-------+-----------------+------------+-------------+-----------------+----+--------+------+-----+----+------+-----+---------+------------------+
* Clock Loads column represents the clock pin loads (pin count)
** Non-Clock Loads column represents the non-clock pin loads (pin count)
*** Columns FF, LUTRAM, RAMB through 'Hard IP' represents load cell counts


16. Clock Region Cell Placement per Global Clock: Region X1Y0
-------------------------------------------------------------

+-----------+-------+-----------------+------------+-------------+-----------------+----+--------+------+-----+----+------+-----+---------+------------------+
| Global Id | Track | Driver Type/Pin | Constraint | Clock Loads | Non-Clock Loads | FF | LUTRAM | RAMB | DSP | GT | MMCM | PLL | Hard IP | Net              |
+-----------+-------+-----------------+------------+-------------+-----------------+----+--------+------+-----+----+------+-----+---------+------------------+
| g0        | n/a   | BUFG/O          | None       |           7 |               1 |  0 |      0 |    7 |   0 |  0 |    0 |   0 |       0 | pm/IC76/CLK_BUFG |
| g1        | n/a   | BUFG/O          | None       |          56 |               0 | 56 |      0 |    0 |   0 |  0 |    0 |   0 |       0 | clk12            |
| g2        | n/a   | BUFG/O          | None       |          10 |               0 |  8 |      0 |    1 |   0 |  0 |    0 |   0 |       0 | clk_3m           |
| g4        | n/a   | BUFG/O          | None       |          75 |               0 | 75 |      0 |    0 |   0 |  0 |    0 |   0 |       0 | clk24            |
| g5        | n/a   | BUFG/O          | None       |          36 |              37 | 64 |      0 |    0 |   0 |  0 |    0 |   0 |       0 | clk9p6           |
+-----------+-------+-----------------+------------+-------------+-----------------+----+--------+------+-----+----+------+-----+---------+------------------+
* Clock Loads column represents the clock pin loads (pin count)
** Non-Clock Loads column represents the non-clock pin loads (pin count)
*** Columns FF, LUTRAM, RAMB through 'Hard IP' represents load cell counts


17. Clock Region Cell Placement per Global Clock: Region X0Y1
-------------------------------------------------------------

+-----------+-------+-----------------+------------+-------------+-----------------+----+--------+------+-----+----+------+-----+---------+------------------+
| Global Id | Track | Driver Type/Pin | Constraint | Clock Loads | Non-Clock Loads | FF | LUTRAM | RAMB | DSP | GT | MMCM | PLL | Hard IP | Net              |
+-----------+-------+-----------------+------------+-------------+-----------------+----+--------+------+-----+----+------+-----+---------+------------------+
| g0        | n/a   | BUFG/O          | None       |          82 |               0 | 81 |      0 |    1 |   0 |  0 |    0 |   0 |       0 | pm/IC76/CLK_BUFG |
| g1        | n/a   | BUFG/O          | None       |           9 |               0 |  0 |      0 |    9 |   0 |  0 |    0 |   0 |       0 | clk12            |
| g2        | n/a   | BUFG/O          | None       |          18 |               2 | 20 |      0 |    0 |   0 |  0 |    0 |   0 |       0 | clk_3m           |
| g4        | n/a   | BUFG/O          | None       |          12 |               0 | 12 |      0 |    0 |   0 |  0 |    0 |   0 |       0 | clk24            |
| g6        | n/a   | BUFG/O          | None       |           1 |               0 |  1 |      0 |    0 |   0 |  0 |    0 |   0 |       0 | h_cnt[1]         |
+-----------+-------+-----------------+------------+-------------+-----------------+----+--------+------+-----+----+------+-----+---------+------------------+
* Clock Loads column represents the clock pin loads (pin count)
** Non-Clock Loads column represents the non-clock pin loads (pin count)
*** Columns FF, LUTRAM, RAMB through 'Hard IP' represents load cell counts


18. Clock Region Cell Placement per Global Clock: Region X1Y1
-------------------------------------------------------------

+-----------+-------+-----------------+------------+-------------+-----------------+-----+--------+------+-----+----+------+-----+---------+------------------+
| Global Id | Track | Driver Type/Pin | Constraint | Clock Loads | Non-Clock Loads | FF  | LUTRAM | RAMB | DSP | GT | MMCM | PLL | Hard IP | Net              |
+-----------+-------+-----------------+------------+-------------+-----------------+-----+--------+------+-----+----+------+-----+---------+------------------+
| g0        | n/a   | BUFG/O          | None       |         368 |               4 | 362 |      0 |    6 |   0 |  0 |    0 |   0 |       0 | pm/IC76/CLK_BUFG |
| g1        | n/a   | BUFG/O          | None       |          16 |               0 |   0 |      0 |   15 |   0 |  0 |    0 |   0 |       0 | clk12            |
| g2        | n/a   | BUFG/O          | None       |         104 |               2 | 106 |      0 |    0 |   0 |  0 |    0 |   0 |       0 | clk_3m           |
| g3        | n/a   | BUFG/O          | None       |         100 |               0 | 100 |      0 |    0 |   0 |  0 |    0 |   0 |       0 | IC2/busctrl_we   |
| g5        | n/a   | BUFG/O          | None       |          15 |               0 |  15 |      0 |    0 |   0 |  0 |    0 |   0 |       0 | clk9p6           |
| g6        | n/a   | BUFG/O          | None       |          21 |               0 |  21 |      0 |    0 |   0 |  0 |    0 |   0 |       0 | h_cnt[1]         |
| g7        | n/a   | BUFG/O          | None       |           9 |               2 |  11 |      0 |    0 |   0 |  0 |    0 |   0 |       0 | h_cnt[7]         |
+-----------+-------+-----------------+------------+-------------+-----------------+-----+--------+------+-----+----+------+-----+---------+------------------+
* Clock Loads column represents the clock pin loads (pin count)
** Non-Clock Loads column represents the non-clock pin loads (pin count)
*** Columns FF, LUTRAM, RAMB through 'Hard IP' represents load cell counts


19. Clock Region Cell Placement per Global Clock: Region X0Y2
-------------------------------------------------------------

+-----------+-------+-----------------+------------+-------------+-----------------+----+--------+------+-----+----+------+-----+---------+-------+
| Global Id | Track | Driver Type/Pin | Constraint | Clock Loads | Non-Clock Loads | FF | LUTRAM | RAMB | DSP | GT | MMCM | PLL | Hard IP | Net   |
+-----------+-------+-----------------+------------+-------------+-----------------+----+--------+------+-----+----+------+-----+---------+-------+
| g1        | n/a   | BUFG/O          | None       |           1 |               0 |  0 |      0 |    1 |   0 |  0 |    0 |   0 |       0 | clk12 |
+-----------+-------+-----------------+------------+-------------+-----------------+----+--------+------+-----+----+------+-----+---------+-------+
* Clock Loads column represents the clock pin loads (pin count)
** Non-Clock Loads column represents the non-clock pin loads (pin count)
*** Columns FF, LUTRAM, RAMB through 'Hard IP' represents load cell counts



# Location of BUFG Primitives 
set_property LOC BUFGCTRL_X0Y0 [get_cells pm/IC76/CLK_BUFG_inst]
set_property LOC BUFGCTRL_X0Y7 [get_cells q1_reg_i_1]
set_property LOC BUFGCTRL_X0Y6 [get_cells q_internal_reg[7]_i_1]
set_property LOC BUFGCTRL_X0Y2 [get_cells vol_table_in_reg_0_i_1]
set_property LOC BUFGCTRL_X0Y5 [get_cells pclkbufg2]
set_property LOC BUFGCTRL_X0Y4 [get_cells pclkbufg1]
set_property LOC BUFGCTRL_X0Y1 [get_cells pclkbufg]
set_property LOC BUFGCTRL_X0Y3 [get_cells reg_reg[7][7]_i_2]

# Location of IO Primitives which is load of clock spine

# Location of clock ports
set_property LOC IOB_X0Y24 [get_ports clk50mhz]

# Clock net "pm/IC76/CLK_BUFG" driven by instance "pm/IC76/CLK_BUFG_inst" located at site "BUFGCTRL_X0Y0"
#startgroup
create_pblock {CLKAG_pm/IC76/CLK_BUFG}
add_cells_to_pblock [get_pblocks  {CLKAG_pm/IC76/CLK_BUFG}] [get_cells -filter { PRIMITIVE_GROUP != I/O && IS_PRIMITIVE==1 && PRIMITIVE_LEVEL !=INTERNAL } -of_object [get_pins -filter {DIRECTION==IN} -of_objects [get_nets -hierarchical -filter {PARENT=="pm/IC76/CLK_BUFG"}]]]
resize_pblock [get_pblocks {CLKAG_pm/IC76/CLK_BUFG}] -add {CLOCKREGION_X0Y0:CLOCKREGION_X0Y0 CLOCKREGION_X0Y1:CLOCKREGION_X0Y1 CLOCKREGION_X1Y0:CLOCKREGION_X1Y0 CLOCKREGION_X1Y1:CLOCKREGION_X1Y1}
#endgroup

# Clock net "h_cnt[7]" driven by instance "q1_reg_i_1" located at site "BUFGCTRL_X0Y7"
#startgroup
create_pblock {CLKAG_h_cnt[7]}
add_cells_to_pblock [get_pblocks  {CLKAG_h_cnt[7]}] [get_cells -filter { PRIMITIVE_GROUP != I/O && IS_PRIMITIVE==1 && PRIMITIVE_LEVEL !=INTERNAL } -of_object [get_pins -filter {DIRECTION==IN} -of_objects [get_nets -hierarchical -filter {PARENT=="h_cnt[7]"}]]]
resize_pblock [get_pblocks {CLKAG_h_cnt[7]}] -add {CLOCKREGION_X1Y1:CLOCKREGION_X1Y1}
#endgroup

# Clock net "h_cnt[1]" driven by instance "q_internal_reg[7]_i_1" located at site "BUFGCTRL_X0Y6"
#startgroup
create_pblock {CLKAG_h_cnt[1]}
add_cells_to_pblock [get_pblocks  {CLKAG_h_cnt[1]}] [get_cells -filter { PRIMITIVE_GROUP != I/O && IS_PRIMITIVE==1 && PRIMITIVE_LEVEL !=INTERNAL } -of_object [get_pins -filter {DIRECTION==IN} -of_objects [get_nets -hierarchical -filter {PARENT=="h_cnt[1]"}]]]
resize_pblock [get_pblocks {CLKAG_h_cnt[1]}] -add {CLOCKREGION_X0Y1:CLOCKREGION_X0Y1 CLOCKREGION_X1Y1:CLOCKREGION_X1Y1}
#endgroup

# Clock net "clk_3m" driven by instance "vol_table_in_reg_0_i_1" located at site "BUFGCTRL_X0Y2"
#startgroup
create_pblock {CLKAG_clk_3m}
add_cells_to_pblock [get_pblocks  {CLKAG_clk_3m}] [get_cells -filter { PRIMITIVE_GROUP != I/O && IS_PRIMITIVE==1 && PRIMITIVE_LEVEL !=INTERNAL } -of_object [get_pins -filter {DIRECTION==IN} -of_objects [get_nets -hierarchical -filter {PARENT=="clk_3m"}]]]
resize_pblock [get_pblocks {CLKAG_clk_3m}] -add {CLOCKREGION_X0Y1:CLOCKREGION_X0Y1 CLOCKREGION_X1Y0:CLOCKREGION_X1Y0 CLOCKREGION_X1Y1:CLOCKREGION_X1Y1}
#endgroup

# Clock net "clk9p6" driven by instance "pclkbufg2" located at site "BUFGCTRL_X0Y5"
#startgroup
create_pblock {CLKAG_clk9p6}
add_cells_to_pblock [get_pblocks  {CLKAG_clk9p6}] [get_cells -filter { PRIMITIVE_GROUP != I/O && IS_PRIMITIVE==1 && PRIMITIVE_LEVEL !=INTERNAL } -of_object [get_pins -filter {DIRECTION==IN} -of_objects [get_nets -hierarchical -filter {PARENT=="clk9p6"}]]]
resize_pblock [get_pblocks {CLKAG_clk9p6}] -add {CLOCKREGION_X1Y0:CLOCKREGION_X1Y0 CLOCKREGION_X1Y1:CLOCKREGION_X1Y1}
#endgroup

# Clock net "clk24" driven by instance "pclkbufg1" located at site "BUFGCTRL_X0Y4"
#startgroup
create_pblock {CLKAG_clk24}
add_cells_to_pblock [get_pblocks  {CLKAG_clk24}] [get_cells -filter { PRIMITIVE_GROUP != I/O && IS_PRIMITIVE==1 && PRIMITIVE_LEVEL !=INTERNAL } -of_object [get_pins -filter {DIRECTION==IN} -of_objects [get_nets -hierarchical -filter {PARENT=="clk24"}]]]
resize_pblock [get_pblocks {CLKAG_clk24}] -add {CLOCKREGION_X0Y0:CLOCKREGION_X0Y0 CLOCKREGION_X0Y1:CLOCKREGION_X0Y1 CLOCKREGION_X1Y0:CLOCKREGION_X1Y0}
#endgroup

# Clock net "clk12" driven by instance "pclkbufg" located at site "BUFGCTRL_X0Y1"
#startgroup
create_pblock {CLKAG_clk12}
add_cells_to_pblock [get_pblocks  {CLKAG_clk12}] [get_cells -filter { PRIMITIVE_GROUP != I/O && IS_PRIMITIVE==1 && PRIMITIVE_LEVEL !=INTERNAL } -of_object [get_pins -filter {DIRECTION==IN} -of_objects [get_nets -hierarchical -filter {PARENT=="clk12"}]]]
resize_pblock [get_pblocks {CLKAG_clk12}] -add {CLOCKREGION_X0Y0:CLOCKREGION_X0Y0 CLOCKREGION_X0Y1:CLOCKREGION_X0Y1 CLOCKREGION_X0Y2:CLOCKREGION_X0Y2 CLOCKREGION_X1Y0:CLOCKREGION_X1Y0 CLOCKREGION_X1Y1:CLOCKREGION_X1Y1}
#endgroup

# Clock net "IC2/busctrl_we" driven by instance "reg_reg[7][7]_i_2" located at site "BUFGCTRL_X0Y3"
#startgroup
create_pblock {CLKAG_IC2/busctrl_we}
add_cells_to_pblock [get_pblocks  {CLKAG_IC2/busctrl_we}] [get_cells -filter { PRIMITIVE_GROUP != I/O && IS_PRIMITIVE==1 && PRIMITIVE_LEVEL !=INTERNAL } -of_object [get_pins -filter {DIRECTION==IN} -of_objects [get_nets -hierarchical -filter {PARENT=="IC2/busctrl_we"}]]]
resize_pblock [get_pblocks {CLKAG_IC2/busctrl_we}] -add {CLOCKREGION_X1Y1:CLOCKREGION_X1Y1}
#endgroup
