Copyright 1986-2019 Xilinx, Inc. All Rights Reserved.
-----------------------------------------------------------------------------------------------------------------------------------------------------------------------------------------------------------
| Tool Version : Vivado v.2018.3.1 (win64) Build 2489853 Tue Mar 26 04:20:25 MDT 2019
| Date         : Mon Jun 17 15:12:30 2019
| Host         : W7-PC running 64-bit Service Pack 1  (build 7601)
| Command      : report_timing_summary -max_paths 10 -file arkanoid_top_timing_summary_routed.rpt -pb arkanoid_top_timing_summary_routed.pb -rpx arkanoid_top_timing_summary_routed.rpx -warn_on_violation
| Design       : arkanoid_top
| Device       : 7a35t-ftg256
| Speed File   : -1  PRODUCTION 1.23 2018-06-13
-----------------------------------------------------------------------------------------------------------------------------------------------------------------------------------------------------------

Timing Summary Report

------------------------------------------------------------------------------------------------
| Timer Settings
| --------------
------------------------------------------------------------------------------------------------

  Enable Multi Corner Analysis               :  Yes
  Enable Pessimism Removal                   :  Yes
  Pessimism Removal Resolution               :  Nearest Common Node
  Enable Input Delay Default Clock           :  No
  Enable Preset / Clear Arcs                 :  No
  Disable Flight Delays                      :  No
  Ignore I/O Paths                           :  No
  Timing Early Launch at Borrowing Latches   :  false

  Corner  Analyze    Analyze    
  Name    Max Paths  Min Paths  
  ------  ---------  ---------  
  Slow    Yes        Yes        
  Fast    Yes        Yes        



check_timing report

Table of Contents
-----------------
1. checking no_clock
2. checking constant_clock
3. checking pulse_width_clock
4. checking unconstrained_internal_endpoints
5. checking no_input_delay
6. checking no_output_delay
7. checking multiple_clock
8. checking generated_clocks
9. checking loops
10. checking partial_input_delay
11. checking partial_output_delay
12. checking latch_loops

1. checking no_clock
--------------------
 There are 565 register/latch pins with no clock driven by root clock pin: clk50mhz (HIGH)

 There are 14 register/latch pins with no clock driven by root clock pin: delay_count_reg[2]/Q (HIGH)

 There are 110 register/latch pins with no clock driven by root clock pin: pm/IC12/RD_n_reg/Q (HIGH)

 There are 115 register/latch pins with no clock driven by root clock pin: pm/IC12/WR_n_reg/Q (HIGH)

 There are 110 register/latch pins with no clock driven by root clock pin: pm/IC12/u0/A_reg[0]/Q (HIGH)

 There are 115 register/latch pins with no clock driven by root clock pin: pm/IC12/u0/A_reg[12]/Q (HIGH)

 There are 115 register/latch pins with no clock driven by root clock pin: pm/IC12/u0/A_reg[13]/Q (HIGH)

 There are 115 register/latch pins with no clock driven by root clock pin: pm/IC12/u0/A_reg[14]/Q (HIGH)

 There are 115 register/latch pins with no clock driven by root clock pin: pm/IC12/u0/A_reg[15]/Q (HIGH)

 There are 115 register/latch pins with no clock driven by root clock pin: pm/IC12/u0/A_reg[3]/Q (HIGH)

 There are 115 register/latch pins with no clock driven by root clock pin: pm/IC12/u0/A_reg[4]/Q (HIGH)

 There are 2 register/latch pins with no clock driven by root clock pin: pm/IC2/addr_reg[0]/Q (HIGH)

 There are 2 register/latch pins with no clock driven by root clock pin: pm/IC2/addr_reg[1]/Q (HIGH)

 There are 2 register/latch pins with no clock driven by root clock pin: pm/IC2/addr_reg[2]/Q (HIGH)

 There are 2 register/latch pins with no clock driven by root clock pin: pm/IC2/addr_reg[3]/Q (HIGH)

 There are 102 register/latch pins with no clock driven by root clock pin: pm/IC2/addr_reg[4]/Q (HIGH)

 There are 102 register/latch pins with no clock driven by root clock pin: pm/IC2/addr_reg[5]/Q (HIGH)

 There are 102 register/latch pins with no clock driven by root clock pin: pm/IC2/addr_reg[6]/Q (HIGH)

 There are 102 register/latch pins with no clock driven by root clock pin: pm/IC2/addr_reg[7]/Q (HIGH)

 There are 2 register/latch pins with no clock driven by root clock pin: pm/IC2/reg_reg[13][2]/Q (HIGH)

 There are 4 register/latch pins with no clock driven by root clock pin: pm/IC21/count1_reg[3]/Q (HIGH)

 There are 9 register/latch pins with no clock driven by root clock pin: pm/IC67/data_reg[3]/Q (HIGH)

 There are 22 register/latch pins with no clock driven by root clock pin: pm/IC68/data_reg[1]/Q (HIGH)

 There is 1 register/latch pin with no clock driven by root clock pin: pm/IC68/data_reg[2]/Q (HIGH)

 There is 1 register/latch pin with no clock driven by root clock pin: pm/IC68/data_reg[3]/Q (HIGH)

 There is 1 register/latch pin with no clock driven by root clock pin: pm/IC73/data_reg[3]/Q (HIGH)

 There are 473 register/latch pins with no clock driven by root clock pin: pm/IC76/q2_reg/Q (HIGH)

 There are 132 register/latch pins with no clock driven by root clock pin: pm/IC81/q2_reg/Q (HIGH)

 There are 5 register/latch pins with no clock driven by root clock pin: pm/IC87/q2_reg/Q (HIGH)

 There are 8 register/latch pins with no clock driven by root clock pin: spinner_encoder_reg[0]/Q (HIGH)


2. checking constant_clock
--------------------------
 There are 0 register/latch pins with constant_clock.


3. checking pulse_width_clock
-----------------------------
 There are 0 register/latch pins which need pulse_width check


4. checking unconstrained_internal_endpoints
--------------------------------------------
 There are 4954 pins that are not constrained for maximum delay. (HIGH)

 There are 0 pins that are not constrained for maximum delay due to constant clock.


5. checking no_input_delay
--------------------------
 There are 6 input ports with no input delay specified. (HIGH)

 There are 0 input ports with no input delay but user has a false path constraint.


6. checking no_output_delay
---------------------------
 There are 17 ports with no output delay specified. (HIGH)

 There are 0 ports with no output delay but user has a false path constraint

 There are 0 ports with no output delay but with a timing clock defined on it or propagating through it


7. checking multiple_clock
--------------------------
 There are 0 register/latch pins with multiple clocks.


8. checking generated_clocks
----------------------------
 There are 0 generated clocks that are not connected to a clock source.


9. checking loops
-----------------
 There are 0 combinational loops in the design.


10. checking partial_input_delay
--------------------------------
 There are 0 input ports with partial input delay specified.


11. checking partial_output_delay
---------------------------------
 There are 0 ports with partial output delay specified.


12. checking latch_loops
------------------------
 There are 0 combinational latch loops in the design through latch input



------------------------------------------------------------------------------------------------
| Design Timing Summary
| ---------------------
------------------------------------------------------------------------------------------------

    WNS(ns)      TNS(ns)  TNS Failing Endpoints  TNS Total Endpoints      WHS(ns)      THS(ns)  THS Failing Endpoints  THS Total Endpoints     WPWS(ns)     TPWS(ns)  TPWS Failing Endpoints  TPWS Total Endpoints  
    -------      -------  ---------------------  -------------------      -------      -------  ---------------------  -------------------     --------     --------  ----------------------  --------------------  
         NA           NA                     NA                   NA           NA           NA                     NA                   NA           NA           NA                      NA                    NA  


There are no user specified timing constraints.


------------------------------------------------------------------------------------------------
| Clock Summary
| -------------
------------------------------------------------------------------------------------------------


------------------------------------------------------------------------------------------------
| Intra Clock Table
| -----------------
------------------------------------------------------------------------------------------------

Clock             WNS(ns)      TNS(ns)  TNS Failing Endpoints  TNS Total Endpoints      WHS(ns)      THS(ns)  THS Failing Endpoints  THS Total Endpoints     WPWS(ns)     TPWS(ns)  TPWS Failing Endpoints  TPWS Total Endpoints  
-----             -------      -------  ---------------------  -------------------      -------      -------  ---------------------  -------------------     --------     --------  ----------------------  --------------------  


------------------------------------------------------------------------------------------------
| Inter Clock Table
| -----------------
------------------------------------------------------------------------------------------------

From Clock    To Clock          WNS(ns)      TNS(ns)  TNS Failing Endpoints  TNS Total Endpoints      WHS(ns)      THS(ns)  THS Failing Endpoints  THS Total Endpoints  
----------    --------          -------      -------  ---------------------  -------------------      -------      -------  ---------------------  -------------------  


------------------------------------------------------------------------------------------------
| Other Path Groups Table
| -----------------------
------------------------------------------------------------------------------------------------

Path Group    From Clock    To Clock          WNS(ns)      TNS(ns)  TNS Failing Endpoints  TNS Total Endpoints      WHS(ns)      THS(ns)  THS Failing Endpoints  THS Total Endpoints  
----------    ----------    --------          -------      -------  ---------------------  -------------------      -------      -------  ---------------------  -------------------  


------------------------------------------------------------------------------------------------
| Timing Details
| --------------
------------------------------------------------------------------------------------------------


