Copyright 1986-2018 Xilinx, Inc. All Rights Reserved.
-------------------------------------------------------------------------------------------------------------------------------------------------
| Tool Version     : Vivado v.2018.3 (win64) Build 2405991 Thu Dec  6 23:38:27 MST 2018
| Date             : Sun May 26 14:11:03 2019
| Host             : DESKTOP-QDU895T running 64-bit major release  (build 9200)
| Command          : report_power -file joust_top_power_routed.rpt -pb joust_top_power_summary_routed.pb -rpx joust_top_power_routed.rpx
| Design           : joust_top
| Device           : xc7a35tftg256-1
| Design State     : routed
| Grade            : commercial
| Process          : typical
| Characterization : Production
-------------------------------------------------------------------------------------------------------------------------------------------------

Power Report

Table of Contents
-----------------
1. Summary
1.1 On-Chip Components
1.2 Power Supply Summary
1.3 Confidence Level
2. Settings
2.1 Environment
2.2 Clock Constraints
3. Detailed Reports
3.1 By Hierarchy

1. Summary
----------

+--------------------------+----------------------------------+
| Total On-Chip Power (W)  | 48.068 (Junction temp exceeded!) |
| Design Power Budget (W)  | Unspecified*                     |
| Power Budget Margin (W)  | NA                               |
| Dynamic (W)              | 47.559                           |
| Device Static (W)        | 0.508                            |
| Effective TJA (C/W)      | 4.9                              |
| Max Ambient (C)          | 0.0                              |
| Junction Temperature (C) | 125.0                            |
| Confidence Level         | Low                              |
| Setting File             | ---                              |
| Simulation Activity File | ---                              |
| Design Nets Matched      | NA                               |
+--------------------------+----------------------------------+
* Specify Design Power Budget using, set_operating_conditions -design_power_budget <value in Watts>


1.1 On-Chip Components
----------------------

+--------------------------+-----------+----------+-----------+-----------------+
| On-Chip                  | Power (W) | Used     | Available | Utilization (%) |
+--------------------------+-----------+----------+-----------+-----------------+
| Slice Logic              |    15.400 |     4314 |       --- |             --- |
|   LUT as Logic           |    14.835 |     2733 |     20800 |           13.14 |
|   CARRY4                 |     0.244 |       62 |      8150 |            0.76 |
|   Register               |     0.208 |      908 |     41600 |            2.18 |
|   BUFG                   |     0.052 |        5 |        32 |           15.63 |
|   F7/F8 Muxes            |     0.041 |       65 |     32600 |            0.20 |
|   LUT as Distributed RAM |     0.020 |       16 |      9600 |            0.17 |
|   Others                 |     0.000 |       43 |       --- |             --- |
| Signals                  |    17.398 |     3723 |       --- |             --- |
| Block RAM                |     3.706 |       35 |        50 |           70.00 |
| MMCM                     |     4.108 |        1 |         5 |           20.00 |
| I/O                      |     6.947 |       42 |       170 |           24.71 |
| Static Power             |     0.508 |          |           |                 |
| Total                    |    48.068 |          |           |                 |
+--------------------------+-----------+----------+-----------+-----------------+


1.2 Power Supply Summary
------------------------

+-----------+-------------+-----------+-------------+------------+
| Source    | Voltage (V) | Total (A) | Dynamic (A) | Static (A) |
+-----------+-------------+-----------+-------------+------------+
| Vccint    |       1.000 |    36.609 |      36.257 |      0.352 |
| Vccaux    |       1.800 |     2.568 |       2.514 |      0.053 |
| Vcco33    |       3.300 |     1.960 |       1.959 |      0.001 |
| Vcco25    |       2.500 |     0.000 |       0.000 |      0.000 |
| Vcco18    |       1.800 |     0.000 |       0.000 |      0.000 |
| Vcco15    |       1.500 |     0.000 |       0.000 |      0.000 |
| Vcco135   |       1.350 |     0.000 |       0.000 |      0.000 |
| Vcco12    |       1.200 |     0.000 |       0.000 |      0.000 |
| Vccaux_io |       1.800 |     0.000 |       0.000 |      0.000 |
| Vccbram   |       1.000 |     0.331 |       0.310 |      0.021 |
| MGTAVcc   |       1.000 |     0.000 |       0.000 |      0.000 |
| MGTAVtt   |       1.200 |     0.000 |       0.000 |      0.000 |
| Vccadc    |       1.800 |     0.020 |       0.000 |      0.020 |
+-----------+-------------+-----------+-------------+------------+


1.3 Confidence Level
--------------------

+-----------------------------+------------+--------------------------------------------------------+--------------------------------------------------------------------------------------------------------------------+
| User Input Data             | Confidence | Details                                                | Action                                                                                                             |
+-----------------------------+------------+--------------------------------------------------------+--------------------------------------------------------------------------------------------------------------------+
| Design implementation state | High       | Design is routed                                       |                                                                                                                    |
| Clock nodes activity        | Low        | User specified less than 75% of clocks                 | Provide missing clock activity with a constraint file, simulation results or by editing the "By Clock Domain" view |
| I/O nodes activity          | Low        | More than 75% of inputs are missing user specification | Provide missing input activity with simulation results or by editing the "By Resource Type -> I/Os" view           |
| Internal nodes activity     | Medium     | User specified less than 25% of internal nodes         | Provide missing internal nodes activity with simulation results or by editing the "By Resource Type" views         |
| Device models               | High       | Device models are Production                           |                                                                                                                    |
|                             |            |                                                        |                                                                                                                    |
| Overall confidence level    | Low        |                                                        |                                                                                                                    |
+-----------------------------+------------+--------------------------------------------------------+--------------------------------------------------------------------------------------------------------------------+


2. Settings
-----------

2.1 Environment
---------------

+-----------------------+--------------------------+
| Ambient Temp (C)      | 25.0                     |
| ThetaJA (C/W)         | 4.9                      |
| Airflow (LFM)         | 250                      |
| Heat Sink             | medium (Medium Profile)  |
| ThetaSA (C/W)         | 4.6                      |
| Board Selection       | medium (10"x10")         |
| # of Board Layers     | 12to15 (12 to 15 Layers) |
| Board Temperature (C) | 25.0                     |
+-----------------------+--------------------------+


2.2 Clock Constraints
---------------------

+-------+--------+-----------------+
| Clock | Domain | Constraint (ns) |
+-------+--------+-----------------+


3. Detailed Reports
-------------------

3.1 By Hierarchy
----------------

+---------------------------------+-----------+
| Name                            | Power (W) |
+---------------------------------+-----------+
| joust_top                       |    47.559 |
|   el_multiboot                  |     0.379 |
|     el_multiboot                |     0.379 |
|   keyb                          |     0.058 |
|     ps2                         |     0.044 |
|   pm                            |    35.297 |
|     audio                       |     8.211 |
|       cpu_prog_rom              |     0.558 |
|       cpu_ram                   |     0.303 |
|       main_cpu                  |     7.249 |
|       pia                       |     0.101 |
|     color_table_reg_r1_0_15_0_5 |     0.008 |
|     color_table_reg_r1_0_15_6_7 |     0.002 |
|     color_table_reg_r2_0_15_0_5 |     0.008 |
|     color_table_reg_r2_0_15_6_7 |     0.002 |
|     cpu_video_addr_decoder      |     0.430 |
|     dac                         |     0.049 |
|     debounce                    |     0.336 |
|     inst_RAM                    |     1.788 |
|       cmos_ram                  |     0.254 |
|       cpu_video_high            |     0.767 |
|       cpu_video_low             |     0.767 |
|     inst_ROM                    |     2.335 |
|       cpu_prog_rom              |     2.335 |
|     inst_blitter                |     2.400 |
|     inst_cpu09                  |    16.783 |
|     inst_pia_rom                |     0.096 |
|     inst_pia_widget             |     0.055 |
|     video_scan_addr_decoder     |     0.116 |
+---------------------------------+-----------+


