#-----------------------------------------------------------
# Vivado v2018.3.1 (64-bit)
# SW Build 2489853 on Tue Mar 26 04:20:25 MDT 2019
# IP Build 2486929 on Tue Mar 26 06:44:21 MDT 2019
# Start of session at: Tue Apr 30 13:55:33 2019
# Process ID: 5480
# Current directory: F:/repos/a35/NUEVO/xevious/A35
# Command line: vivado.exe -gui_launcher_event rodinguilauncherevent6640 F:\repos\a35\NUEVO\xevious\A35\A35.xpr
# Log file: F:/repos/a35/NUEVO/xevious/A35/vivado.log
# Journal file: F:/repos/a35/NUEVO/xevious/A35\vivado.jou
#-----------------------------------------------------------
start_gui
open_project F:/repos/a35/NUEVO/xevious/A35/A35.xpr
Scanning sources...
Finished scanning sources
INFO: [IP_Flow 19-234] Refreshing IP repositories
INFO: [IP_Flow 19-1704] No user IP repositories specified
INFO: [IP_Flow 19-2313] Loaded Vivado IP repository 'F:/Xilinx/Vivado/2018.3/data/ip'.
open_project: Time (s): cpu = 00:00:28 ; elapsed = 00:00:24 . Memory (MB): peak = 659.945 ; gain = 84.961
add_files -norecurse F:/repos/a35/NUEVO/xevious/src/scandoubler.v
reset_run synth_1
launch_runs impl_1 -to_step write_bitstream
[Tue Apr 30 14:24:04 2019] Launched synth_1...
Run output will be captured here: F:/repos/a35/NUEVO/xevious/A35/A35.runs/synth_1/runme.log
[Tue Apr 30 14:24:04 2019] Launched impl_1...
Run output will be captured here: F:/repos/a35/NUEVO/xevious/A35/A35.runs/impl_1/runme.log
reset_run synth_1
launch_runs impl_1 -to_step write_bitstream
[Tue Apr 30 14:25:42 2019] Launched synth_1...
Run output will be captured here: F:/repos/a35/NUEVO/xevious/A35/A35.runs/synth_1/runme.log
[Tue Apr 30 14:25:42 2019] Launched impl_1...
Run output will be captured here: F:/repos/a35/NUEVO/xevious/A35/A35.runs/impl_1/runme.log
open_hw
connect_hw_server
INFO: [Labtools 27-2285] Connecting to hw_server url TCP:localhost:3121
INFO: [Labtools 27-2222] Launching hw_server...
INFO: [Labtools 27-2221] Launch Output:

****** Xilinx hw_server v2018.3.1
  **** Build date : Mar 26 2019-05:02:51
    ** Copyright 1986-2018 Xilinx, Inc. All Rights Reserved.


open_hw_target
INFO: [Labtoolstcl 44-466] Opening hw_target localhost:3121/xilinx_tcf/Xilinx/00000000000000
open_hw_target: Time (s): cpu = 00:00:08 ; elapsed = 00:00:08 . Memory (MB): peak = 1713.277 ; gain = 926.406
set_property PROGRAM.FILE {F:/repos/a35/NUEVO/xevious/A35/A35.runs/impl_1/xevious_top.bit} [get_hw_devices xc7a35t_0]
current_hw_device [get_hw_devices xc7a35t_0]
refresh_hw_device -update_hw_probes false [lindex [get_hw_devices xc7a35t_0] 0]
INFO: [Labtools 27-1434] Device xc7a35t (JTAG device index = 0) is programmed with a design that has no supported debug core(s) in it.
set_property PROBES.FILE {} [get_hw_devices xc7a35t_0]
set_property FULL_PROBES.FILE {} [get_hw_devices xc7a35t_0]
set_property PROGRAM.FILE {F:/repos/a35/NUEVO/xevious/A35/A35.runs/impl_1/xevious_top.bit} [get_hw_devices xc7a35t_0]
program_hw_devices [get_hw_devices xc7a35t_0]
INFO: [Labtools 27-3164] End of startup status: HIGH
program_hw_devices: Time (s): cpu = 00:00:27 ; elapsed = 00:00:27 . Memory (MB): peak = 1729.051 ; gain = 0.168
refresh_hw_device [lindex [get_hw_devices xc7a35t_0] 0]
INFO: [Labtools 27-1434] Device xc7a35t (JTAG device index = 0) is programmed with a design that has no supported debug core(s) in it.
ERROR: [Labtoolstcl 44-513] HW Target shutdown. Closing target: localhost:3121/xilinx_tcf/Xilinx/00000000000000
INFO: [Labtoolstcl 44-466] Opening hw_target localhost:3121/xilinx_tcf/Xilinx/00000000000000
INFO: [Labtools 27-1434] Device xc7a35t (JTAG device index = 0) is programmed with a design that has no supported debug core(s) in it.
WARNING: [Labtoolstcl 44-129] No matching hw_ila_data was found.
set_property PROBES.FILE {} [get_hw_devices xc7a35t_0]
set_property FULL_PROBES.FILE {} [get_hw_devices xc7a35t_0]
set_property PROGRAM.FILE {F:/repos/a35/NUEVO/xevious/A35/A35.runs/impl_1/xevious_top.bit} [get_hw_devices xc7a35t_0]
program_hw_devices [get_hw_devices xc7a35t_0]
INFO: [Labtools 27-3164] End of startup status: HIGH
program_hw_devices: Time (s): cpu = 00:00:26 ; elapsed = 00:00:27 . Memory (MB): peak = 1736.266 ; gain = 0.000
refresh_hw_device [lindex [get_hw_devices xc7a35t_0] 0]
INFO: [Labtools 27-1434] Device xc7a35t (JTAG device index = 0) is programmed with a design that has no supported debug core(s) in it.
ERROR: [Labtoolstcl 44-513] HW Target shutdown. Closing target: localhost:3121/xilinx_tcf/Xilinx/00000000000000
export_ip_user_files -of_objects  [get_files F:/repos/a35/NUEVO/xevious/src/rtl_mio/line_doubler.vhd] -no_script -reset -force -quiet
remove_files  F:/repos/a35/NUEVO/xevious/src/rtl_mio/line_doubler.vhd
exit
INFO: [Common 17-206] Exiting Vivado at Tue Apr 30 14:40:29 2019...
