#-----------------------------------------------------------
# Vivado v2018.3.1 (64-bit)
# SW Build 2489853 on Tue Mar 26 04:20:25 MDT 2019
# IP Build 2486929 on Tue Mar 26 06:44:21 MDT 2019
# Start of session at: Sat Apr 27 13:29:47 2019
# Process ID: 5904
# Current directory: F:/repos/a35/NUEVO/xevious/A35
# Command line: vivado.exe -gui_launcher_event rodinguilauncherevent6584 F:\repos\a35\NUEVO\xevious\A35\A35.xpr
# Log file: F:/repos/a35/NUEVO/xevious/A35/vivado.log
# Journal file: F:/repos/a35/NUEVO/xevious/A35\vivado.jou
#-----------------------------------------------------------
start_gui
open_project F:/repos/a35/NUEVO/xevious/A35/A35.xpr
INFO: [Project 1-313] Project file moved from 'D:/repos/a35t/xevious/A35' since last save.
Scanning sources...
Finished scanning sources
INFO: [Project 1-230] Project 'A35.xpr' upgraded for this version of Vivado.
INFO: [IP_Flow 19-234] Refreshing IP repositories
INFO: [IP_Flow 19-1704] No user IP repositories specified
INFO: [IP_Flow 19-2313] Loaded Vivado IP repository 'F:/Xilinx/Vivado/2018.3/data/ip'.
open_project: Time (s): cpu = 00:00:21 ; elapsed = 00:00:17 . Memory (MB): peak = 692.074 ; gain = 113.715
export_ip_user_files -of_objects  [get_files F:/repos/a35/NUEVO/xevious/src/multiboot.v] -no_script -reset -force -quiet
remove_files  F:/repos/a35/NUEVO/xevious/src/multiboot.v
add_files -norecurse F:/repos/a35/NUEVO/xevious/src/multiboot_artix7.v
reset_run synth_1
launch_runs impl_1 -to_step write_bitstream
[Sat Apr 27 13:35:46 2019] Launched synth_1...
Run output will be captured here: F:/repos/a35/NUEVO/xevious/A35/A35.runs/synth_1/runme.log
[Sat Apr 27 13:35:46 2019] Launched impl_1...
Run output will be captured here: F:/repos/a35/NUEVO/xevious/A35/A35.runs/impl_1/runme.log
reset_run synth_1
reset_runs: Time (s): cpu = 00:00:02 ; elapsed = 00:00:56 . Memory (MB): peak = 777.719 ; gain = 0.000
set_property STEPS.SYNTH_DESIGN.ARGS.DIRECTIVE RuntimeOptimized [get_runs synth_1]
launch_runs impl_1 -to_step write_bitstream
[Sat Apr 27 14:18:22 2019] Launched synth_1...
Run output will be captured here: F:/repos/a35/NUEVO/xevious/A35/A35.runs/synth_1/runme.log
[Sat Apr 27 14:18:23 2019] Launched impl_1...
Run output will be captured here: F:/repos/a35/NUEVO/xevious/A35/A35.runs/impl_1/runme.log
open_hw
connect_hw_server
INFO: [Labtools 27-2285] Connecting to hw_server url TCP:localhost:3121
INFO: [Labtools 27-2222] Launching hw_server...
INFO: [Labtools 27-2221] Launch Output:

****** Xilinx hw_server v2018.3.1
  **** Build date : Mar 26 2019-05:02:51
    ** Copyright 1986-2018 Xilinx, Inc. All Rights Reserved.


open_hw_target
INFO: [Labtoolstcl 44-466] Opening hw_target localhost:3121/xilinx_tcf/Xilinx/00000000000000
open_hw_target: Time (s): cpu = 00:00:08 ; elapsed = 00:00:08 . Memory (MB): peak = 1735.457 ; gain = 944.715
set_property PROGRAM.FILE {F:/repos/a35/NUEVO/xevious/A35/A35.runs/impl_1/xevious_top.bit} [get_hw_devices xc7a35t_0]
current_hw_device [get_hw_devices xc7a35t_0]
refresh_hw_device -update_hw_probes false [lindex [get_hw_devices xc7a35t_0] 0]
INFO: [Labtools 27-1434] Device xc7a35t (JTAG device index = 0) is programmed with a design that has no supported debug core(s) in it.
set_property PROBES.FILE {} [get_hw_devices xc7a35t_0]
set_property FULL_PROBES.FILE {} [get_hw_devices xc7a35t_0]
set_property PROGRAM.FILE {F:/repos/a35/NUEVO/xevious/A35/A35.runs/impl_1/xevious_top.bit} [get_hw_devices xc7a35t_0]
program_hw_devices [get_hw_devices xc7a35t_0]
INFO: [Labtools 27-3164] End of startup status: HIGH
program_hw_devices: Time (s): cpu = 00:00:08 ; elapsed = 00:00:09 . Memory (MB): peak = 1760.570 ; gain = 0.000
refresh_hw_device [lindex [get_hw_devices xc7a35t_0] 0]
INFO: [Labtools 27-1434] Device xc7a35t (JTAG device index = 0) is programmed with a design that has no supported debug core(s) in it.
ERROR: [Labtoolstcl 44-513] HW Target shutdown. Closing target: localhost:3121/xilinx_tcf/Xilinx/00000000000000
INFO: [Labtoolstcl 44-466] Opening hw_target localhost:3121/xilinx_tcf/Xilinx/00000000000000
INFO: [Labtools 27-1435] Device xc7a35t (JTAG device index = 0) is not programmed (DONE status = 0).
WARNING: [Labtoolstcl 44-129] No matching hw_ila_data was found.
set_property PROBES.FILE {} [get_hw_devices xc7a35t_0]
set_property FULL_PROBES.FILE {} [get_hw_devices xc7a35t_0]
set_property PROGRAM.FILE {F:/repos/a35/NUEVO/xevious/A35/A35.runs/impl_1/xevious_top.bit} [get_hw_devices xc7a35t_0]
program_hw_devices [get_hw_devices xc7a35t_0]
INFO: [Labtools 27-3164] End of startup status: HIGH
program_hw_devices: Time (s): cpu = 00:00:10 ; elapsed = 00:00:10 . Memory (MB): peak = 1760.570 ; gain = 0.000
refresh_hw_device [lindex [get_hw_devices xc7a35t_0] 0]
INFO: [Labtools 27-1434] Device xc7a35t (JTAG device index = 0) is programmed with a design that has no supported debug core(s) in it.
ERROR: [Labtoolstcl 44-513] HW Target shutdown. Closing target: localhost:3121/xilinx_tcf/Xilinx/00000000000000
exit
INFO: [Common 17-206] Exiting Vivado at Tue Apr 30 09:05:02 2019...
