INFO:sim:172 - Generating IP...
Applying current project options...
Finished applying current project options.
Resolving generics for 'relojes'...
WARNING:sim - A core named 'relojes' already exists in the project. Output
   products for this core may be overwritten.
Applying external generics to 'relojes'...
Delivering associated files for 'relojes'...
WARNING:sim - Component clk_wiz_v3_6 does not have a valid model name for
   Verilog synthesis
Delivering EJava files for 'relojes'...
Delivered 3 files into directory
F:/repos/lx16/centipede/centipede/ipcore_dir/tmp/_cg/relojes
Delivered 1 file into directory
F:/repos/lx16/centipede/centipede/ipcore_dir/tmp/_cg/relojes
Generating ASY schematic symbol...
Loading device for application Rf_Device from file '6slx9.nph' in environment
F:\Xilinx\14.7\ISE_DS\ISE\.
INFO:sim:949 - Finished generation of ASY schematic symbol.
Generating SYM schematic symbol for 'relojes'...
Generating ISE project...
XCO file found: relojes.xco
XMDF file found: relojes_xmdf.tcl
Adding F:/repos/lx16/centipede/centipede/ipcore_dir/tmp/_cg/relojes.asy -view
all -origin_type imported
Adding F:/repos/lx16/centipede/centipede/ipcore_dir/tmp/_cg/relojes.ucf -view
all -origin_type created
Adding F:/repos/lx16/centipede/centipede/ipcore_dir/tmp/_cg/relojes.v -view all
-origin_type created
INFO:HDLCompiler:1845 - Analyzing Verilog file
   "F:/repos/lx16/centipede/centipede/ipcore_dir/tmp/_cg/relojes.v" into library
   work
INFO:ProjectMgmt - Parsing design hierarchy completed successfully.
Adding F:/repos/lx16/centipede/centipede/ipcore_dir/tmp/_cg/relojes.veo -view
all -origin_type imported
INFO:TclTasksC:2116 - The automatic calculation of top has been turned-off.
   Please set the new top explicitly by running the "project set top" command.
   To re-calculate the new top automatically, set the "Auto Implementation Top"
   property to true.
Top level has been set to "/relojes"
Generating README file...
Generating FLIST file...
INFO:sim:948 - Finished FLIST file generation.
Moving files to output directory...
Finished moving files to output directory
Wrote CGP file for project 'relojes'.
