#-----------------------------------------------------------
# Vivado v2018.3.1 (64-bit)
# SW Build 2489853 on Tue Mar 26 04:20:25 MDT 2019
# IP Build 2486929 on Tue Mar 26 06:44:21 MDT 2019
# Start of session at: Sat May 25 15:09:07 2019
# Process ID: 3060
# Current directory: F:/repos/a35/NUEVO/joust/A35
# Command line: vivado.exe -gui_launcher_event rodinguilauncherevent8284 F:\repos\a35\NUEVO\joust\A35\A35.xpr
# Log file: F:/repos/a35/NUEVO/joust/A35/vivado.log
# Journal file: F:/repos/a35/NUEVO/joust/A35\vivado.jou
#-----------------------------------------------------------
start_gui
open_project F:/repos/a35/NUEVO/joust/A35/A35.xpr
INFO: [Project 1-313] Project file moved from 'F:/repos/a35/NUEVO/robotron/A35' since last save.
Scanning sources...
Finished scanning sources
INFO: [IP_Flow 19-234] Refreshing IP repositories
INFO: [IP_Flow 19-1704] No user IP repositories specified
INFO: [IP_Flow 19-2313] Loaded Vivado IP repository 'F:/Xilinx/Vivado/2018.3/data/ip'.
open_project: Time (s): cpu = 00:00:26 ; elapsed = 00:00:16 . Memory (MB): peak = 694.059 ; gain = 116.379
set_property top joust_top [current_fileset]
export_ip_user_files -of_objects  [get_files F:/repos/a35/NUEVO/joust/src/roms/robotron_decoder_6.vhd] -no_script -reset -force -quiet
export_ip_user_files -of_objects  [get_files F:/repos/a35/NUEVO/joust/src/roms/robotron_decoder_4.vhd] -no_script -reset -force -quiet
export_ip_user_files -of_objects  [get_files F:/repos/a35/NUEVO/joust/src/roms/robotron_sound.vhd] -no_script -reset -force -quiet
export_ip_user_files -of_objects  [get_files F:/repos/a35/NUEVO/joust/src/roms/robotron_prog.vhd] -no_script -reset -force -quiet
remove_files  {F:/repos/a35/NUEVO/joust/src/roms/robotron_decoder_6.vhd F:/repos/a35/NUEVO/joust/src/roms/robotron_decoder_4.vhd F:/repos/a35/NUEVO/joust/src/roms/robotron_sound.vhd F:/repos/a35/NUEVO/joust/src/roms/robotron_prog.vhd}
add_files -norecurse {F:/repos/a35/NUEVO/joust/src/roms/joust_sound.vhd F:/repos/a35/NUEVO/joust/src/roms/joust_prog.vhd F:/repos/a35/NUEVO/joust/src/roms/joust_decoder_6.vhd F:/repos/a35/NUEVO/joust/src/roms/joust_decoder_4.vhd}
