#-----------------------------------------------------------
# Vivado v2018.3.1 (64-bit)
# SW Build 2489853 on Tue Mar 26 04:20:25 MDT 2019
# IP Build 2486929 on Tue Mar 26 06:44:21 MDT 2019
# Start of session at: Sat May 25 11:04:52 2019
# Process ID: 2900
# Current directory: F:/repos/a35/NUEVO/robotron/A35
# Command line: vivado.exe -gui_launcher_event rodinguilauncherevent10092 F:\repos\a35\NUEVO\robotron\A35\A35.xpr
# Log file: F:/repos/a35/NUEVO/robotron/A35/vivado.log
# Journal file: F:/repos/a35/NUEVO/robotron/A35\vivado.jou
#-----------------------------------------------------------
start_gui
open_project F:/repos/a35/NUEVO/robotron/A35/A35.xpr
INFO: [Project 1-313] Project file moved from 'F:/repos/a35/NUEVO/defender/A35' since last save.
Scanning sources...
Finished scanning sources
WARNING: [filemgmt 56-3] IP Output Repository Path: Could not find the directory 'F:/repos/a35/defender/a35t/a35t.cache/ip'.
WARNING: [filemgmt 56-3] IPUserFilesDir: Could not find the directory 'F:/repos/repos/a35/defender/a35t/a35t.ip_user_files'.
INFO: [IP_Flow 19-234] Refreshing IP repositories
INFO: [IP_Flow 19-1704] No user IP repositories specified
INFO: [IP_Flow 19-2313] Loaded Vivado IP repository 'F:/Xilinx/Vivado/2018.3/data/ip'.
open_project: Time (s): cpu = 00:00:26 ; elapsed = 00:00:20 . Memory (MB): peak = 644.047 ; gain = 89.160
export_ip_user_files -of_objects  [get_files F:/repos/a35/NUEVO/robotron/src/synchro.v] -no_script -reset -force -quiet
remove_files  F:/repos/a35/NUEVO/robotron/src/synchro.v
export_ip_user_files -of_objects  [get_files F:/repos/a35/NUEVO/robotron/src/rtl_pace/pia6821.vhd] -no_script -reset -force -quiet
export_ip_user_files -of_objects  [get_files F:/repos/a35/NUEVO/robotron/src/rtl_jkent/cpu68.vhd] -no_script -reset -force -quiet
export_ip_user_files -of_objects  [get_files F:/repos/a35/NUEVO/robotron/src/rtl_dar/gen_ram.vhd] -no_script -reset -force -quiet
export_ip_user_files -of_objects  [get_files F:/repos/a35/NUEVO/robotron/src/roms/defender_sound.vhd] -no_script -reset -force -quiet
export_ip_user_files -of_objects  [get_files F:/repos/a35/NUEVO/robotron/src/rtl_mio/dac.vhd] -no_script -reset -force -quiet
export_ip_user_files -of_objects  [get_files F:/repos/a35/NUEVO/robotron/src/rtl_jkent/cpu09l_128.vhd] -no_script -reset -force -quiet
export_ip_user_files -of_objects  [get_files F:/repos/a35/NUEVO/robotron/src/rtl_dar/defender_sound_board.vhd] -no_script -reset -force -quiet
export_ip_user_files -of_objects  [get_files F:/repos/a35/NUEVO/robotron/src/rtl_dar/defender_cmos_ram.vhd] -no_script -reset -force -quiet
export_ip_user_files -of_objects  [get_files F:/repos/a35/NUEVO/robotron/src/roms/defender_prog.vhd] -no_script -reset -force -quiet
export_ip_user_files -of_objects  [get_files F:/repos/a35/NUEVO/robotron/src/roms/defender_decoder_3.vhd] -no_script -reset -force -quiet
export_ip_user_files -of_objects  [get_files F:/repos/a35/NUEVO/robotron/src/roms/defender_decoder_2.vhd] -no_script -reset -force -quiet
export_ip_user_files -of_objects  [get_files F:/repos/a35/NUEVO/robotron/src/rtl_dar/defender.vhd] -no_script -reset -force -quiet
remove_files  {F:/repos/a35/NUEVO/robotron/src/rtl_pace/pia6821.vhd F:/repos/a35/NUEVO/robotron/src/rtl_jkent/cpu68.vhd F:/repos/a35/NUEVO/robotron/src/rtl_dar/gen_ram.vhd F:/repos/a35/NUEVO/robotron/src/roms/defender_sound.vhd F:/repos/a35/NUEVO/robotron/src/rtl_mio/dac.vhd F:/repos/a35/NUEVO/robotron/src/rtl_jkent/cpu09l_128.vhd F:/repos/a35/NUEVO/robotron/src/rtl_dar/defender_sound_board.vhd F:/repos/a35/NUEVO/robotron/src/rtl_dar/defender_cmos_ram.vhd F:/repos/a35/NUEVO/robotron/src/roms/defender_prog.vhd F:/repos/a35/NUEVO/robotron/src/roms/defender_decoder_3.vhd F:/repos/a35/NUEVO/robotron/src/roms/defender_decoder_2.vhd F:/repos/a35/NUEVO/robotron/src/rtl_dar/defender.vhd}
add_files -norecurse {F:/repos/a35/NUEVO/robotron/src/rtl/gen_ram.vhd F:/repos/a35/NUEVO/robotron/src/rtl/williams_cpu.vhd F:/repos/a35/NUEVO/robotron/src/rtl/williams_rom.vhd F:/repos/a35/NUEVO/robotron/src/rtl/cpu09new.vhd F:/repos/a35/NUEVO/robotron/src/rtl/sc1.vhd F:/repos/a35/NUEVO/robotron/src/rtl/Williams_sound_board.vhd F:/repos/a35/NUEVO/robotron/src/rtl/robotron_cmos_ram.vhd F:/repos/a35/NUEVO/robotron/src/rtl/cpu68.vhd F:/repos/a35/NUEVO/robotron/src/rtl/pia6821.vhd F:/repos/a35/NUEVO/robotron/src/rtl/williams_ram.vhd}
add_files -norecurse {F:/repos/a35/NUEVO/robotron/src/roms/robotron_prog.vhd F:/repos/a35/NUEVO/robotron/src/roms/robotron_sound.vhd F:/repos/a35/NUEVO/robotron/src/roms/robotron_decoder_4.vhd F:/repos/a35/NUEVO/robotron/src/roms/robotron_decoder_6.vhd}
add_files -norecurse F:/repos/a35/NUEVO/robotron/src/rtl_mio/dac.vhd
reset_run synth_1
launch_runs impl_1 -to_step write_bitstream
[Sat May 25 11:21:54 2019] Launched synth_1...
Run output will be captured here: F:/repos/a35/NUEVO/robotron/A35/A35.runs/synth_1/runme.log
[Sat May 25 11:21:54 2019] Launched impl_1...
Run output will be captured here: F:/repos/a35/NUEVO/robotron/A35/A35.runs/impl_1/runme.log
set_property top robotron_top [current_fileset]
reset_run synth_1
launch_runs impl_1 -to_step write_bitstream
[Sat May 25 11:22:55 2019] Launched synth_1...
Run output will be captured here: F:/repos/a35/NUEVO/robotron/A35/A35.runs/synth_1/runme.log
[Sat May 25 11:22:55 2019] Launched impl_1...
Run output will be captured here: F:/repos/a35/NUEVO/robotron/A35/A35.runs/impl_1/runme.log
reset_run synth_1
launch_runs impl_1 -to_step write_bitstream
[Sat May 25 11:23:58 2019] Launched synth_1...
Run output will be captured here: F:/repos/a35/NUEVO/robotron/A35/A35.runs/synth_1/runme.log
[Sat May 25 11:23:58 2019] Launched impl_1...
Run output will be captured here: F:/repos/a35/NUEVO/robotron/A35/A35.runs/impl_1/runme.log
reset_run synth_1
launch_runs impl_1 -to_step write_bitstream
[Sat May 25 11:25:01 2019] Launched synth_1...
Run output will be captured here: F:/repos/a35/NUEVO/robotron/A35/A35.runs/synth_1/runme.log
[Sat May 25 11:25:01 2019] Launched impl_1...
Run output will be captured here: F:/repos/a35/NUEVO/robotron/A35/A35.runs/impl_1/runme.log
open_hw
connect_hw_server
INFO: [Labtools 27-2285] Connecting to hw_server url TCP:localhost:3121
INFO: [Labtools 27-2222] Launching hw_server...
INFO: [Labtools 27-2221] Launch Output:

****** Xilinx hw_server v2018.3.1
  **** Build date : Mar 26 2019-05:02:51
    ** Copyright 1986-2018 Xilinx, Inc. All Rights Reserved.


open_hw_target
INFO: [Labtoolstcl 44-466] Opening hw_target localhost:3121/xilinx_tcf/Xilinx/00000000000000
open_hw_target: Time (s): cpu = 00:00:08 ; elapsed = 00:00:08 . Memory (MB): peak = 1756.746 ; gain = 934.621
set_property PROGRAM.FILE {F:/repos/a35/NUEVO/robotron/A35/A35.runs/impl_1/robotron_top.bit} [get_hw_devices xc7a35t_0]
current_hw_device [get_hw_devices xc7a35t_0]
refresh_hw_device -update_hw_probes false [lindex [get_hw_devices xc7a35t_0] 0]
INFO: [Labtools 27-1434] Device xc7a35t (JTAG device index = 0) is programmed with a design that has no supported debug core(s) in it.
set_property PROBES.FILE {} [get_hw_devices xc7a35t_0]
set_property FULL_PROBES.FILE {} [get_hw_devices xc7a35t_0]
set_property PROGRAM.FILE {F:/repos/a35/NUEVO/robotron/A35/A35.runs/impl_1/robotron_top.bit} [get_hw_devices xc7a35t_0]
program_hw_devices [get_hw_devices xc7a35t_0]
INFO: [Labtools 27-3164] End of startup status: HIGH
refresh_hw_device [lindex [get_hw_devices xc7a35t_0] 0]
INFO: [Labtools 27-1434] Device xc7a35t (JTAG device index = 0) is programmed with a design that has no supported debug core(s) in it.
ERROR: [Labtoolstcl 44-513] HW Target shutdown. Closing target: localhost:3121/xilinx_tcf/Xilinx/00000000000000
set_property STEPS.SYNTH_DESIGN.ARGS.DIRECTIVE RuntimeOptimized [get_runs synth_1]
reset_run synth_1
launch_runs impl_1 -to_step write_bitstream
[Sat May 25 12:24:25 2019] Launched synth_1...
Run output will be captured here: F:/repos/a35/NUEVO/robotron/A35/A35.runs/synth_1/runme.log
[Sat May 25 12:24:25 2019] Launched impl_1...
Run output will be captured here: F:/repos/a35/NUEVO/robotron/A35/A35.runs/impl_1/runme.log
INFO: [Labtoolstcl 44-466] Opening hw_target localhost:3121/xilinx_tcf/Xilinx/00000000000000
INFO: [Labtools 27-1435] Device xc7a35t (JTAG device index = 0) is not programmed (DONE status = 0).
WARNING: [Labtoolstcl 44-129] No matching hw_ila_data was found.
set_property PROBES.FILE {} [get_hw_devices xc7a35t_0]
set_property FULL_PROBES.FILE {} [get_hw_devices xc7a35t_0]
set_property PROGRAM.FILE {F:/repos/a35/NUEVO/robotron/A35/A35.runs/impl_1/robotron_top.bit} [get_hw_devices xc7a35t_0]
program_hw_devices [get_hw_devices xc7a35t_0]
INFO: [Labtools 27-3164] End of startup status: HIGH
refresh_hw_device [lindex [get_hw_devices xc7a35t_0] 0]
INFO: [Labtools 27-1434] Device xc7a35t (JTAG device index = 0) is programmed with a design that has no supported debug core(s) in it.
ERROR: [Labtoolstcl 44-513] HW Target shutdown. Closing target: localhost:3121/xilinx_tcf/Xilinx/00000000000000
INFO: [Labtoolstcl 44-466] Opening hw_target localhost:3121/xilinx_tcf/Xilinx/00000000000000
INFO: [Labtools 27-1435] Device xc7a35t (JTAG device index = 0) is not programmed (DONE status = 0).
WARNING: [Labtoolstcl 44-129] No matching hw_ila_data was found.
set_property PROBES.FILE {} [get_hw_devices xc7a35t_0]
set_property FULL_PROBES.FILE {} [get_hw_devices xc7a35t_0]
set_property PROGRAM.FILE {F:/repos/a35/NUEVO/robotron/A35/A35.runs/impl_1/robotron_top.bit} [get_hw_devices xc7a35t_0]
program_hw_devices [get_hw_devices xc7a35t_0]
INFO: [Labtools 27-3164] End of startup status: HIGH
refresh_hw_device [lindex [get_hw_devices xc7a35t_0] 0]
INFO: [Labtools 27-1434] Device xc7a35t (JTAG device index = 0) is programmed with a design that has no supported debug core(s) in it.
set_property PROBES.FILE {} [get_hw_devices xc7a35t_0]
set_property FULL_PROBES.FILE {} [get_hw_devices xc7a35t_0]
set_property PROGRAM.FILE {F:/repos/a35/NUEVO/robotron/A35/A35.runs/impl_1/robotron_top.bit} [get_hw_devices xc7a35t_0]
program_hw_devices [get_hw_devices xc7a35t_0]
INFO: [Labtools 27-3164] End of startup status: HIGH
refresh_hw_device [lindex [get_hw_devices xc7a35t_0] 0]
INFO: [Labtools 27-1434] Device xc7a35t (JTAG device index = 0) is programmed with a design that has no supported debug core(s) in it.
reset_run synth_1
launch_runs impl_1 -to_step write_bitstream
[Sat May 25 12:44:23 2019] Launched synth_1...
Run output will be captured here: F:/repos/a35/NUEVO/robotron/A35/A35.runs/synth_1/runme.log
[Sat May 25 12:44:23 2019] Launched impl_1...
Run output will be captured here: F:/repos/a35/NUEVO/robotron/A35/A35.runs/impl_1/runme.log
ERROR: [Labtoolstcl 44-513] HW Target shutdown. Closing target: localhost:3121/xilinx_tcf/Xilinx/00000000000000
INFO: [Labtoolstcl 44-466] Opening hw_target localhost:3121/xilinx_tcf/Xilinx/00000000000000
INFO: [Labtools 27-1435] Device xc7a35t (JTAG device index = 0) is not programmed (DONE status = 0).
WARNING: [Labtoolstcl 44-129] No matching hw_ila_data was found.
set_property PROBES.FILE {} [get_hw_devices xc7a35t_0]
set_property FULL_PROBES.FILE {} [get_hw_devices xc7a35t_0]
set_property PROGRAM.FILE {F:/repos/a35/NUEVO/robotron/A35/A35.runs/impl_1/robotron_top.bit} [get_hw_devices xc7a35t_0]
program_hw_devices [get_hw_devices xc7a35t_0]
INFO: [Labtools 27-3164] End of startup status: HIGH
refresh_hw_device [lindex [get_hw_devices xc7a35t_0] 0]
INFO: [Labtools 27-1434] Device xc7a35t (JTAG device index = 0) is programmed with a design that has no supported debug core(s) in it.
ERROR: [Labtoolstcl 44-513] HW Target shutdown. Closing target: localhost:3121/xilinx_tcf/Xilinx/00000000000000
INFO: [Labtoolstcl 44-466] Opening hw_target localhost:3121/xilinx_tcf/Xilinx/00000000000000
INFO: [Labtools 27-1435] Device xc7a35t (JTAG device index = 0) is not programmed (DONE status = 0).
WARNING: [Labtoolstcl 44-129] No matching hw_ila_data was found.
reset_run synth_1
launch_runs impl_1 -to_step write_bitstream
[Sat May 25 12:59:08 2019] Launched synth_1...
Run output will be captured here: F:/repos/a35/NUEVO/robotron/A35/A35.runs/synth_1/runme.log
[Sat May 25 12:59:08 2019] Launched impl_1...
Run output will be captured here: F:/repos/a35/NUEVO/robotron/A35/A35.runs/impl_1/runme.log
ERROR: [Labtoolstcl 44-513] HW Target shutdown. Closing target: localhost:3121/xilinx_tcf/Xilinx/00000000000000
INFO: [Labtoolstcl 44-466] Opening hw_target localhost:3121/xilinx_tcf/Xilinx/00000000000000
INFO: [Labtools 27-1435] Device xc7a35t (JTAG device index = 0) is not programmed (DONE status = 0).
WARNING: [Labtoolstcl 44-129] No matching hw_ila_data was found.
reset_run synth_1
launch_runs impl_1 -to_step write_bitstream
[Sat May 25 13:00:00 2019] Launched synth_1...
Run output will be captured here: F:/repos/a35/NUEVO/robotron/A35/A35.runs/synth_1/runme.log
[Sat May 25 13:00:00 2019] Launched impl_1...
Run output will be captured here: F:/repos/a35/NUEVO/robotron/A35/A35.runs/impl_1/runme.log
ERROR: [Labtoolstcl 44-513] HW Target shutdown. Closing target: localhost:3121/xilinx_tcf/Xilinx/00000000000000
INFO: [Labtoolstcl 44-466] Opening hw_target localhost:3121/xilinx_tcf/Xilinx/00000000000000
INFO: [Labtools 27-1435] Device xc7a35t (JTAG device index = 0) is not programmed (DONE status = 0).
WARNING: [Labtoolstcl 44-129] No matching hw_ila_data was found.
set_property PROBES.FILE {} [get_hw_devices xc7a35t_0]
set_property FULL_PROBES.FILE {} [get_hw_devices xc7a35t_0]
set_property PROGRAM.FILE {F:/repos/a35/NUEVO/robotron/A35/A35.runs/impl_1/robotron_top.bit} [get_hw_devices xc7a35t_0]
program_hw_devices [get_hw_devices xc7a35t_0]
INFO: [Labtools 27-3164] End of startup status: HIGH
refresh_hw_device [lindex [get_hw_devices xc7a35t_0] 0]
INFO: [Labtools 27-1434] Device xc7a35t (JTAG device index = 0) is programmed with a design that has no supported debug core(s) in it.
ERROR: [Labtoolstcl 44-513] HW Target shutdown. Closing target: localhost:3121/xilinx_tcf/Xilinx/00000000000000
reset_run synth_1
launch_runs impl_1 -to_step write_bitstream
[Sat May 25 13:17:14 2019] Launched synth_1...
Run output will be captured here: F:/repos/a35/NUEVO/robotron/A35/A35.runs/synth_1/runme.log
[Sat May 25 13:17:14 2019] Launched impl_1...
Run output will be captured here: F:/repos/a35/NUEVO/robotron/A35/A35.runs/impl_1/runme.log
INFO: [Labtoolstcl 44-466] Opening hw_target localhost:3121/xilinx_tcf/Xilinx/00000000000000
INFO: [Labtools 27-1435] Device xc7a35t (JTAG device index = 0) is not programmed (DONE status = 0).
WARNING: [Labtoolstcl 44-129] No matching hw_ila_data was found.
set_property PROBES.FILE {} [get_hw_devices xc7a35t_0]
set_property FULL_PROBES.FILE {} [get_hw_devices xc7a35t_0]
set_property PROGRAM.FILE {F:/repos/a35/NUEVO/robotron/A35/A35.runs/impl_1/robotron_top.bit} [get_hw_devices xc7a35t_0]
program_hw_devices [get_hw_devices xc7a35t_0]
INFO: [Labtools 27-3164] End of startup status: HIGH
refresh_hw_device [lindex [get_hw_devices xc7a35t_0] 0]
INFO: [Labtools 27-1434] Device xc7a35t (JTAG device index = 0) is programmed with a design that has no supported debug core(s) in it.
ERROR: [Labtoolstcl 44-513] HW Target shutdown. Closing target: localhost:3121/xilinx_tcf/Xilinx/00000000000000
reset_run synth_1
launch_runs impl_1 -to_step write_bitstream
[Sat May 25 13:33:11 2019] Launched synth_1...
Run output will be captured here: F:/repos/a35/NUEVO/robotron/A35/A35.runs/synth_1/runme.log
[Sat May 25 13:33:11 2019] Launched impl_1...
Run output will be captured here: F:/repos/a35/NUEVO/robotron/A35/A35.runs/impl_1/runme.log
INFO: [Labtoolstcl 44-466] Opening hw_target localhost:3121/xilinx_tcf/Xilinx/00000000000000
INFO: [Labtools 27-1435] Device xc7a35t (JTAG device index = 0) is not programmed (DONE status = 0).
WARNING: [Labtoolstcl 44-129] No matching hw_ila_data was found.
set_property PROBES.FILE {} [get_hw_devices xc7a35t_0]
set_property FULL_PROBES.FILE {} [get_hw_devices xc7a35t_0]
set_property PROGRAM.FILE {F:/repos/a35/NUEVO/robotron/A35/A35.runs/impl_1/robotron_top.bit} [get_hw_devices xc7a35t_0]
program_hw_devices [get_hw_devices xc7a35t_0]
INFO: [Labtools 27-3164] End of startup status: HIGH
refresh_hw_device [lindex [get_hw_devices xc7a35t_0] 0]
INFO: [Labtools 27-1434] Device xc7a35t (JTAG device index = 0) is programmed with a design that has no supported debug core(s) in it.
ERROR: [Labtoolstcl 44-513] HW Target shutdown. Closing target: localhost:3121/xilinx_tcf/Xilinx/00000000000000
reset_run synth_1
launch_runs impl_1 -to_step write_bitstream
[Sat May 25 13:57:51 2019] Launched synth_1...
Run output will be captured here: F:/repos/a35/NUEVO/robotron/A35/A35.runs/synth_1/runme.log
[Sat May 25 13:57:51 2019] Launched impl_1...
Run output will be captured here: F:/repos/a35/NUEVO/robotron/A35/A35.runs/impl_1/runme.log
INFO: [Labtoolstcl 44-466] Opening hw_target localhost:3121/xilinx_tcf/Xilinx/00000000000000
INFO: [Labtools 27-1435] Device xc7a35t (JTAG device index = 0) is not programmed (DONE status = 0).
WARNING: [Labtoolstcl 44-129] No matching hw_ila_data was found.
set_property PROBES.FILE {} [get_hw_devices xc7a35t_0]
set_property FULL_PROBES.FILE {} [get_hw_devices xc7a35t_0]
set_property PROGRAM.FILE {F:/repos/a35/NUEVO/robotron/A35/A35.runs/impl_1/robotron_top.bit} [get_hw_devices xc7a35t_0]
program_hw_devices [get_hw_devices xc7a35t_0]
INFO: [Labtools 27-3164] End of startup status: HIGH
refresh_hw_device [lindex [get_hw_devices xc7a35t_0] 0]
INFO: [Labtools 27-1434] Device xc7a35t (JTAG device index = 0) is programmed with a design that has no supported debug core(s) in it.
ERROR: [Labtoolstcl 44-513] HW Target shutdown. Closing target: localhost:3121/xilinx_tcf/Xilinx/00000000000000
exit
INFO: [Common 17-206] Exiting Vivado at Sat May 25 14:15:31 2019...
