Release 14.7 Map P.20131013 (nt64)
Xilinx Mapping Report File for Design 'amidar_top'

Design Information
------------------
Command Line   : map -intstyle ise -w -ol high -mt 2 -p xc6slx9-tqg144-2
-logic_opt off -t 1 -xt 0 -register_duplication off -r 4 -global_opt off -ir off
-pr off -lc off -power off -o amidar_top_map.ncd amidar_top.ngd amidar_top.pcf 
Target Device  : xc6slx9
Target Package : tqg144
Target Speed   : -2
Mapper Version : spartan6 -- $Revision: 1.55 $
Mapped Date    : Tue Jul 03 00:06:45 2018

Design Summary
--------------
Number of errors:      0
Number of warnings:    5
Slice Logic Utilization:
  Number of Slice Registers:                 1,645 out of  11,440   14%
    Number used as Flip Flops:               1,641
    Number used as Latches:                      4
    Number used as Latch-thrus:                  0
    Number used as AND/OR logics:                0
  Number of Slice LUTs:                      4,042 out of   5,720   70%
    Number used as logic:                    3,903 out of   5,720   68%
      Number using O6 output only:           2,975
      Number using O5 output only:             206
      Number using O5 and O6:                  722
      Number used as ROM:                        0
    Number used as Memory:                      98 out of   1,440    6%
      Number used as Dual Port RAM:             84
        Number using O6 output only:            28
        Number using O5 output only:            12
        Number using O5 and O6:                 44
      Number used as Single Port RAM:            0
      Number used as Shift Register:            14
        Number using O6 output only:             6
        Number using O5 output only:             0
        Number using O5 and O6:                  8
    Number used exclusively as route-thrus:     41
      Number with same-slice register load:     22
      Number with same-slice carry load:        19
      Number with other load:                    0

Slice Logic Distribution:
  Number of occupied Slices:                 1,335 out of   1,430   93%
  Number of MUXCYs used:                       748 out of   2,860   26%
  Number of LUT Flip Flop pairs used:        4,237
    Number with an unused Flip Flop:         2,697 out of   4,237   63%
    Number with an unused LUT:                 195 out of   4,237    4%
    Number of fully used LUT-FF pairs:       1,345 out of   4,237   31%
    Number of unique control sets:             208
    Number of slice register sites lost
      to control set restrictions:             869 out of  11,440    7%

  A LUT Flip Flop pair for this architecture represents one LUT paired with
  one Flip Flop within a slice.  A control set is a unique combination of
  clock, reset, set, and enable signals for a registered element.
  The Slice Logic Distribution report is not meaningful if the design is
  over-mapped for a non-slice resource or if Placement fails.

IO Utilization:
  Number of bonded IOBs:                        77 out of     102   75%
    Number of LOCed IOBs:                       77 out of      77  100%

Specific Feature Utilization:
  Number of RAMB16BWERs:                        20 out of      32   62%
  Number of RAMB8BWERs:                          0 out of      64    0%
  Number of BUFIO2/BUFIO2_2CLKs:                 1 out of      32    3%
    Number used as BUFIO2s:                      1
    Number used as BUFIO2_2CLKs:                 0
  Number of BUFIO2FB/BUFIO2FB_2CLKs:             1 out of      32    3%
    Number used as BUFIO2FBs:                    1
    Number used as BUFIO2FB_2CLKs:               0
  Number of BUFG/BUFGMUXs:                       3 out of      16   18%
    Number used as BUFGs:                        3
    Number used as BUFGMUX:                      0
  Number of DCM/DCM_CLKGENs:                     1 out of       4   25%
    Number used as DCMs:                         1
    Number used as DCM_CLKGENs:                  0
  Number of ILOGIC2/ISERDES2s:                   0 out of     200    0%
  Number of IODELAY2/IODRP2/IODRP2_MCBs:         0 out of     200    0%
  Number of OLOGIC2/OSERDES2s:                   0 out of     200    0%
  Number of BSCANs:                              0 out of       4    0%
  Number of BUFHs:                               0 out of     128    0%
  Number of BUFPLLs:                             0 out of       8    0%
  Number of BUFPLL_MCBs:                         0 out of       4    0%
  Number of DSP48A1s:                            2 out of      16   12%
  Number of ICAPs:                               1 out of       1  100%
  Number of MCBs:                                0 out of       2    0%
  Number of PCILOGICSEs:                         0 out of       2    0%
  Number of PLL_ADVs:                            0 out of       2    0%
  Number of PMVs:                                0 out of       1    0%
  Number of STARTUPs:                            0 out of       1    0%
  Number of SUSPEND_SYNCs:                       0 out of       1    0%

Average Fanout of Non-Clock Nets:                4.22

Peak Memory Usage:  441 MB
Total REAL time to MAP completion:  3 mins 15 secs 
Total CPU time to MAP completion (all processors):   3 mins 23 secs 

Table of Contents
-----------------
Section 1 - Errors
Section 2 - Warnings
Section 3 - Informational
Section 4 - Removed Logic Summary
Section 5 - Removed Logic
Section 6 - IOB Properties
Section 7 - RPMs
Section 8 - Guide Report
Section 9 - Area Group and Partition Summary
Section 10 - Timing Report
Section 11 - Configuration String Information
Section 12 - Control Set Information
Section 13 - Utilization by Hierarchy

Section 1 - Errors
------------------

Section 2 - Warnings
--------------------
WARNING:Pack:1653 - At least one timing constraint is impossible to meet because component delays alone exceed the constraint. A timing
   constraint summary below shows the failing constraints (preceded with an Asterisk (*)). Please use the Timing Analyzer (GUI) or TRCE
   (command line) with the Mapped NCD and PCF files to identify which constraints and paths are failing because of the component delays
   alone. If the failing path(s) is mapped to Xilinx components as expected, consider relaxing the constraint. If it is not mapped to
   components as expected, re-evaluate your HDL and how synthesis is optimizing the path. To allow the tools to bypass this error, set the
   environment variable XIL_TIMING_ALLOW_IMPOSSIBLE to 1.


   For more information about the Timing Analyzer, consult the Xilinx Timing Analyzer Reference manual; for more information on TRCE,
   consult the Xilinx Command Line Tools User Guide "TRACE" chapter.
WARNING:PhysDesignRules:372 - Gated clock. Clock net
   pm/u_audio/u_ym2149_3D/env_reset_GND_217_o_AND_272_o is sourced by a
   combinatorial pin. This is not good design practice. Use the CE pin to
   control the loading of data into the flip-flop.
WARNING:PhysDesignRules:372 - Gated clock. Clock net
   pm/u_audio/u_ym2149_3D/env_reset_GND_217_o_AND_271_o is sourced by a
   combinatorial pin. This is not good design practice. Use the CE pin to
   control the loading of data into the flip-flop.
WARNING:PhysDesignRules:372 - Gated clock. Clock net
   pm/u_audio/u_ym2149_3C/env_reset_GND_217_o_AND_271_o is sourced by a
   combinatorial pin. This is not good design practice. Use the CE pin to
   control the loading of data into the flip-flop.
WARNING:PhysDesignRules:372 - Gated clock. Clock net
   pm/u_audio/u_ym2149_3C/env_reset_GND_217_o_AND_272_o is sourced by a
   combinatorial pin. This is not good design practice. Use the CE pin to
   control the loading of data into the flip-flop.

Section 3 - Informational
-------------------------
INFO:Map:284 - Map is running with the multi-threading option on. Map currently
   supports the use of up to 2 processors. Based on the the user options and
   machine load, Map will use 2 processors during this run.
INFO:LIT:243 - Logical network JJOY<6>_IBUF has no load.
INFO:LIT:395 - The above info message is repeated 32 more times for the
   following (max. 5 shown):
   pm/u_scramble/u_cpu/u0/Regs/bG1[7].Reg2L/SPO,
   pm/u_scramble/u_cpu/u0/Regs/bG1[7].Reg2H/SPO,
   pm/u_scramble/u_cpu/u0/Regs/bG1[6].Reg2L/SPO,
   pm/u_scramble/u_cpu/u0/Regs/bG1[6].Reg2H/SPO,
   pm/u_scramble/u_cpu/u0/Regs/bG1[5].Reg2L/SPO
   To see the details of these info messages, please use the -detail switch.
INFO:MapLib:562 - No environment variables are currently set.
INFO:MapLib:159 - Net Timing constraints on signal CLK are pushed forward
   through input buffer.
INFO:LIT:244 - All of the single ended outputs in this design are using slew
   rate limited output drivers. The delay on speed critical single ended outputs
   can be dramatically reduced by designating them as fast outputs.
INFO:Pack:1716 - Initializing temperature to 85.000 Celsius. (default - Range:
   0.000 to 85.000 Celsius)
INFO:Pack:1720 - Initializing voltage to 1.140 Volts. (default - Range: 1.140 to
   1.260 Volts)
INFO:Map:215 - The Interim Design Summary has been generated in the MAP Report
   (.mrp).
INFO:Pack:1650 - Map created a placed design.
INFO:PhysDesignRules:1861 - To achieve optimal frequency synthesis performance
   with the CLKFX and CLKFX180 outputs of the DCM comp pm/u_clocks/dcm_inst,
   consult the device Data Sheet.

Section 4 - Removed Logic Summary
---------------------------------
   2 block(s) optimized away

Section 5 - Removed Logic
-------------------------

Optimized Block(s):
TYPE 		BLOCK
GND 		XST_GND
VCC 		XST_VCC

To enable printing of redundant blocks removed and signals merged, set the
detailed map report option and rerun map.

Section 11 - Timing Report
--------------------------
INFO:Timing:3284 - This timing report was generated using estimated delay 
   information.  For accurate numbers, please refer to the post Place and Route 
   timing report.
Number of Timing Constraints that were not applied: 1

Asterisk (*) preceding a constraint indicates it was not met.
   This may be due to a setup or hold violation.

----------------------------------------------------------------------------------------------------------
  Constraint                                |    Check    | Worst Case |  Best Case | Timing |   Timing   
                                            |             |    Slack   | Achievable | Errors |    Score   
----------------------------------------------------------------------------------------------------------
* PERIOD analysis for net "pm/u_clocks/clk_ | SETUP       |    -0.493ns|    25.914ns|      35|        7629
  dcm_op_0" derived from  NET "pm/u_clocks/ | HOLD        |     0.259ns|            |       0|           0
  clk_ref_ibuf" PERIOD = 20 ns HIGH 50%  du |             |            |            |        |            
  ty cycle corrected to 20 nS  HIGH 10 nS   |             |            |            |        |            
----------------------------------------------------------------------------------------------------------
  NET "pm/u_clocks/clk_ref_ibuf" PERIOD = 2 | MINLOWPULSE |    12.000ns|     8.000ns|       0|           0
  0 ns HIGH 50%                             |             |            |            |        |            
----------------------------------------------------------------------------------------------------------
  PERIOD analysis for net "pm/u_clocks/clk_ | SETUP       |    35.317ns|     6.349ns|       0|           0
  dcm_op_dv" derived from  NET "pm/u_clocks | HOLD        |     0.013ns|            |       0|           0
  /clk_ref_ibuf" PERIOD = 20 ns HIGH 50%  m |             |            |            |        |            
  ultiplied by 2.08 to 41.667 nS and duty c |             |            |            |        |            
  ycle corrected to HIGH 20.833 nS          |             |            |            |        |            
----------------------------------------------------------------------------------------------------------


Derived Constraint Report
Review Timing Report for more details on the following derived constraints.
To create a Timing Report, run "trce -v 12 -fastpaths -o design_timing_report design.ncd design.pcf"
or "Run Timing Analysis" from Timing Analyzer (timingan).
Derived Constraints for pm/u_clocks/clk_ref_ibuf
+-------------------------------+-------------+-------------+-------------+-------------+-------------+-------------+-------------+
|                               |   Period    |       Actual Period       |      Timing Errors        |      Paths Analyzed       |
|           Constraint          | Requirement |-------------+-------------|-------------+-------------|-------------+-------------|
|                               |             |   Direct    | Derivative  |   Direct    | Derivative  |   Direct    | Derivative  |
+-------------------------------+-------------+-------------+-------------+-------------+-------------+-------------+-------------+
|pm/u_clocks/clk_ref_ibuf       |     20.000ns|      8.000ns|     25.914ns|            0|           35|            0|      4429493|
| pm/u_clocks/clk_dcm_op_0      |     20.000ns|     25.914ns|          N/A|           35|            0|          221|            0|
| pm/u_clocks/clk_dcm_op_dv     |     41.667ns|      6.349ns|          N/A|            0|            0|      4429272|            0|
+-------------------------------+-------------+-------------+-------------+-------------+-------------+-------------+-------------+

1 constraint not met.



Section 6 - IOB Properties
--------------------------

+---------------------------------------------------------------------------------------------------------------------------------------------------------+
| IOB Name                           | Type             | Direction | IO Standard          | Diff  | Drive    | Slew | Reg (s)      | Resistor | IOB      |
|                                    |                  |           |                      | Term  | Strength | Rate |              |          | Delay    |
+---------------------------------------------------------------------------------------------------------------------------------------------------------+
| CLK                                | IOB              | INPUT     | LVCMOS33             |       |          |      |              |          |          |
| JAUDIO                             | IOB              | OUTPUT    | LVCMOS33             |       | 12       | SLOW |              |          |          |
| JB<0>                              | IOB              | OUTPUT    | LVCMOS33             |       | 12       | SLOW |              |          |          |
| JB<1>                              | IOB              | OUTPUT    | LVCMOS33             |       | 12       | SLOW |              |          |          |
| JB<2>                              | IOB              | OUTPUT    | LVCMOS33             |       | 12       | SLOW |              |          |          |
| JB<3>                              | IOB              | OUTPUT    | LVCMOS33             |       | 12       | SLOW |              |          |          |
| JCOIN<0>                           | IOB              | INPUT     | LVCMOS33             |       |          |      |              | PULLUP   |          |
| JCOIN<1>                           | IOB              | INPUT     | LVCMOS33             |       |          |      |              | PULLUP   |          |
| JG<0>                              | IOB              | OUTPUT    | LVCMOS33             |       | 12       | SLOW |              |          |          |
| JG<1>                              | IOB              | OUTPUT    | LVCMOS33             |       | 12       | SLOW |              |          |          |
| JG<2>                              | IOB              | OUTPUT    | LVCMOS33             |       | 12       | SLOW |              |          |          |
| JG<3>                              | IOB              | OUTPUT    | LVCMOS33             |       | 12       | SLOW |              |          |          |
| JHSYNC                             | IOB              | OUTPUT    | LVCMOS33             |       | 12       | SLOW |              |          |          |
| JJOY<0>                            | IOB              | INPUT     | LVCMOS33             |       |          |      |              | PULLUP   |          |
| JJOY<1>                            | IOB              | INPUT     | LVCMOS33             |       |          |      |              | PULLUP   |          |
| JJOY<2>                            | IOB              | INPUT     | LVCMOS33             |       |          |      |              | PULLUP   |          |
| JJOY<3>                            | IOB              | INPUT     | LVCMOS33             |       |          |      |              | PULLUP   |          |
| JJOY<4>                            | IOB              | INPUT     | LVCMOS33             |       |          |      |              | PULLUP   |          |
| JJOY<5>                            | IOB              | INPUT     | LVCMOS33             |       |          |      |              | PULLUP   |          |
| JJOY<6>                            | IOB              | INPUT     | LVCMOS33             |       |          |      |              | PULLUP   |          |
| JJOY<7>                            | IOB              | INPUT     | LVCMOS33             |       |          |      |              | PULLUP   |          |
| JOYSTICK<0>                        | IOB              | INPUT     | LVCMOS33             |       |          |      |              | PULLUP   |          |
| JOYSTICK<1>                        | IOB              | INPUT     | LVCMOS33             |       |          |      |              | PULLUP   |          |
| JOYSTICK<2>                        | IOB              | INPUT     | LVCMOS33             |       |          |      |              | PULLUP   |          |
| JOYSTICK<3>                        | IOB              | INPUT     | LVCMOS33             |       |          |      |              | PULLUP   |          |
| JOYSTICK<4>                        | IOB              | INPUT     | LVCMOS33             |       |          |      |              | PULLUP   |          |
| JOYSTICK<5>                        | IOB              | INPUT     | LVCMOS33             |       |          |      |              | PULLUP   |          |
| JR<0>                              | IOB              | OUTPUT    | LVCMOS33             |       | 12       | SLOW |              |          |          |
| JR<1>                              | IOB              | OUTPUT    | LVCMOS33             |       | 12       | SLOW |              |          |          |
| JR<2>                              | IOB              | OUTPUT    | LVCMOS33             |       | 12       | SLOW |              |          |          |
| JR<3>                              | IOB              | OUTPUT    | LVCMOS33             |       | 12       | SLOW |              |          |          |
| JSELECT                            | IOB              | OUTPUT    | LVCMOS33             |       | 12       | SLOW |              |          |          |
| JSERVICE                           | IOB              | INPUT     | LVCMOS33             |       |          |      |              | PULLUP   |          |
| JTEST                              | IOB              | INPUT     | LVCMOS33             |       |          |      |              | PULLUP   |          |
| JVSYNC                             | IOB              | OUTPUT    | LVCMOS33             |       | 12       | SLOW |              |          |          |
| LED                                | IOB              | OUTPUT    | LVCMOS33             |       | 12       | SLOW |              |          |          |
| O_AUDIO_L                          | IOB              | OUTPUT    | LVCMOS33             |       | 8        | SLOW |              |          |          |
| O_AUDIO_R                          | IOB              | OUTPUT    | LVCMOS33             |       | 8        | SLOW |              |          |          |
| O_HSYNC                            | IOB              | OUTPUT    | LVCMOS33             |       | 12       | SLOW |              |          |          |
| O_NTSC                             | IOB              | OUTPUT    | LVCMOS33             |       | 12       | SLOW |              |          |          |
| O_PAL                              | IOB              | OUTPUT    | LVCMOS33             |       | 12       | SLOW |              |          |          |
| O_VIDEO_B<0>                       | IOB              | OUTPUT    | LVCMOS33             |       | 12       | SLOW |              |          |          |
| O_VIDEO_B<1>                       | IOB              | OUTPUT    | LVCMOS33             |       | 12       | SLOW |              |          |          |
| O_VIDEO_B<2>                       | IOB              | OUTPUT    | LVCMOS33             |       | 12       | SLOW |              |          |          |
| O_VIDEO_G<0>                       | IOB              | OUTPUT    | LVCMOS33             |       | 12       | SLOW |              |          |          |
| O_VIDEO_G<1>                       | IOB              | OUTPUT    | LVCMOS33             |       | 12       | SLOW |              |          |          |
| O_VIDEO_G<2>                       | IOB              | OUTPUT    | LVCMOS33             |       | 12       | SLOW |              |          |          |
| O_VIDEO_R<0>                       | IOB              | OUTPUT    | LVCMOS33             |       | 12       | SLOW |              |          |          |
| O_VIDEO_R<1>                       | IOB              | OUTPUT    | LVCMOS33             |       | 12       | SLOW |              |          |          |
| O_VIDEO_R<2>                       | IOB              | OUTPUT    | LVCMOS33             |       | 12       | SLOW |              |          |          |
| O_VSYNC                            | IOB              | OUTPUT    | LVCMOS33             |       | 12       | SLOW |              |          |          |
| ps2_clk                            | IOB              | INPUT     | LVCMOS33             |       |          |      |              | PULLUP   |          |
| ps2_data                           | IOB              | INPUT     | LVCMOS33             |       |          |      |              | PULLUP   |          |
| sram_addr<0>                       | IOB              | OUTPUT    | LVCMOS33             |       | 12       | SLOW |              |          |          |
| sram_addr<1>                       | IOB              | OUTPUT    | LVCMOS33             |       | 12       | SLOW |              |          |          |
| sram_addr<2>                       | IOB              | OUTPUT    | LVCMOS33             |       | 12       | SLOW |              |          |          |
| sram_addr<3>                       | IOB              | OUTPUT    | LVCMOS33             |       | 12       | SLOW |              |          |          |
| sram_addr<4>                       | IOB              | OUTPUT    | LVCMOS33             |       | 12       | SLOW |              |          |          |
| sram_addr<5>                       | IOB              | OUTPUT    | LVCMOS33             |       | 12       | SLOW |              |          |          |
| sram_addr<6>                       | IOB              | OUTPUT    | LVCMOS33             |       | 12       | SLOW |              |          |          |
| sram_addr<7>                       | IOB              | OUTPUT    | LVCMOS33             |       | 12       | SLOW |              |          |          |
| sram_addr<8>                       | IOB              | OUTPUT    | LVCMOS33             |       | 12       | SLOW |              |          |          |
| sram_addr<9>                       | IOB              | OUTPUT    | LVCMOS33             |       | 12       | SLOW |              |          |          |
| sram_addr<10>                      | IOB              | OUTPUT    | LVCMOS33             |       | 12       | SLOW |              |          |          |
| sram_addr<11>                      | IOB              | OUTPUT    | LVCMOS33             |       | 12       | SLOW |              |          |          |
| sram_addr<12>                      | IOB              | OUTPUT    | LVCMOS33             |       | 12       | SLOW |              |          |          |
| sram_addr<13>                      | IOB              | OUTPUT    | LVCMOS33             |       | 12       | SLOW |              |          |          |
| sram_addr<14>                      | IOB              | OUTPUT    | LVCMOS33             |       | 12       | SLOW |              |          |          |
| sram_addr<15>                      | IOB              | OUTPUT    | LVCMOS33             |       | 12       | SLOW |              |          |          |
| sram_addr<16>                      | IOB              | OUTPUT    | LVCMOS33             |       | 12       | SLOW |              |          |          |
| sram_addr<17>                      | IOB              | OUTPUT    | LVCMOS33             |       | 12       | SLOW |              |          |          |
| sram_addr<18>                      | IOB              | OUTPUT    | LVCMOS33             |       | 12       | SLOW |              |          |          |
| sram_addr<19>                      | IOB              | OUTPUT    | LVCMOS33             |       | 12       | SLOW |              |          |          |
| sram_addr<20>                      | IOB              | OUTPUT    | LVCMOS33             |       | 12       | SLOW |              |          |          |
| sram_dq<0>                         | IOB              | INPUT     | LVCMOS33             |       |          |      |              |          |          |
| sram_dq<1>                         | IOB              | INPUT     | LVCMOS33             |       |          |      |              |          |          |
| sram_we_n                          | IOB              | OUTPUT    | LVCMOS33             |       | 12       | SLOW |              |          |          |
+---------------------------------------------------------------------------------------------------------------------------------------------------------+

Section 7 - RPMs
----------------

Section 8 - Guide Report
------------------------
Guide not run on this design.

Section 9 - Area Group and Partition Summary
--------------------------------------------

Partition Implementation Status
-------------------------------

  No Partitions were found in this design.

-------------------------------

Area Group Information
----------------------

  No area groups were found in this design.

----------------------

Section 10 - Timing Report
--------------------------
A logic-level (pre-route) timing report can be generated by using Xilinx static
timing analysis tools, Timing Analyzer (GUI) or TRCE (command line), with the
mapped NCD and PCF files. Please note that this timing report will be generated
using estimated delay information. For accurate numbers, please generate a
timing report with the post Place and Route NCD file.

For more information about the Timing Analyzer, consult the Xilinx Timing
Analyzer Reference Manual; for more information about TRCE, consult the Xilinx
Command Line Tools User Guide "TRACE" chapter.

Section 11 - Configuration String Details
-----------------------------------------
Use the "-detail" map option to print out Configuration Strings

Section 12 - Control Set Information
------------------------------------
Use the "-detail" map option to print out Control Set Information.

Section 13 - Utilization by Hierarchy
-------------------------------------
Use the "-detail" map option to print out the Utilization by Hierarchy section.
