#-----------------------------------------------------------
# Vivado v2018.3.1 (64-bit)
# SW Build 2489853 on Tue Mar 26 04:20:25 MDT 2019
# IP Build 2486929 on Tue Mar 26 06:44:21 MDT 2019
# Start of session at: Tue May 28 12:50:59 2019
# Process ID: 8452
# Current directory: F:/jammaZX1/arcades/defender/sinistar/A35
# Command line: vivado.exe -gui_launcher_event rodinguilauncherevent9724 F:\jammaZX1\arcades\defender\sinistar\A35\A35.xpr
# Log file: F:/jammaZX1/arcades/defender/sinistar/A35/vivado.log
# Journal file: F:/jammaZX1/arcades/defender/sinistar/A35\vivado.jou
#-----------------------------------------------------------
start_gui
open_project F:/jammaZX1/arcades/defender/sinistar/A35/A35.xpr
Scanning sources...
Finished scanning sources
INFO: [IP_Flow 19-234] Refreshing IP repositories
INFO: [IP_Flow 19-1704] No user IP repositories specified
INFO: [IP_Flow 19-2313] Loaded Vivado IP repository 'F:/Xilinx/Vivado/2018.3/data/ip'.
open_project: Time (s): cpu = 00:00:25 ; elapsed = 00:00:15 . Memory (MB): peak = 710.188 ; gain = 130.852
export_ip_user_files -of_objects  [get_files F:/jammaZX1/arcades/defender/sinistar/src/rtl/cmos_ram.v] -no_script -reset -force -quiet
remove_files  F:/jammaZX1/arcades/defender/sinistar/src/rtl/cmos_ram.v
add_files -norecurse F:/jammaZX1/arcades/defender/sinistar/src/roms/sinistar_cmos_ram.vhd
reset_run synth_1
launch_runs impl_1 -to_step write_bitstream
[Tue May 28 12:53:01 2019] Launched synth_1...
Run output will be captured here: F:/jammaZX1/arcades/defender/sinistar/A35/A35.runs/synth_1/runme.log
[Tue May 28 12:53:01 2019] Launched impl_1...
Run output will be captured here: F:/jammaZX1/arcades/defender/sinistar/A35/A35.runs/impl_1/runme.log
reset_run synth_1
launch_runs impl_1 -to_step write_bitstream
[Tue May 28 12:59:31 2019] Launched synth_1...
Run output will be captured here: F:/jammaZX1/arcades/defender/sinistar/A35/A35.runs/synth_1/runme.log
[Tue May 28 12:59:31 2019] Launched impl_1...
Run output will be captured here: F:/jammaZX1/arcades/defender/sinistar/A35/A35.runs/impl_1/runme.log
open_hw
connect_hw_server
INFO: [Labtools 27-2285] Connecting to hw_server url TCP:localhost:3121
INFO: [Labtools 27-2222] Launching hw_server...
INFO: [Labtools 27-2221] Launch Output:

****** Xilinx hw_server v2018.3.1
  **** Build date : Mar 26 2019-05:02:51
    ** Copyright 1986-2018 Xilinx, Inc. All Rights Reserved.


open_hw_target
INFO: [Labtoolstcl 44-466] Opening hw_target localhost:3121/xilinx_tcf/Xilinx/00000000000000
open_hw_target: Time (s): cpu = 00:00:08 ; elapsed = 00:00:08 . Memory (MB): peak = 1696.645 ; gain = 865.445
set_property PROGRAM.FILE {F:/jammaZX1/arcades/defender/sinistar/A35/A35.runs/impl_1/sinistar_top.bit} [get_hw_devices xc7a35t_0]
current_hw_device [get_hw_devices xc7a35t_0]
refresh_hw_device -update_hw_probes false [lindex [get_hw_devices xc7a35t_0] 0]
INFO: [Labtools 27-1435] Device xc7a35t (JTAG device index = 0) is not programmed (DONE status = 0).
set_property PROBES.FILE {} [get_hw_devices xc7a35t_0]
set_property FULL_PROBES.FILE {} [get_hw_devices xc7a35t_0]
set_property PROGRAM.FILE {F:/jammaZX1/arcades/defender/sinistar/A35/A35.runs/impl_1/sinistar_top.bit} [get_hw_devices xc7a35t_0]
program_hw_devices [get_hw_devices xc7a35t_0]
INFO: [Labtools 27-3164] End of startup status: HIGH
refresh_hw_device [lindex [get_hw_devices xc7a35t_0] 0]
INFO: [Labtools 27-1434] Device xc7a35t (JTAG device index = 0) is programmed with a design that has no supported debug core(s) in it.
ERROR: [Labtoolstcl 44-513] HW Target shutdown. Closing target: localhost:3121/xilinx_tcf/Xilinx/00000000000000
INFO: [Labtoolstcl 44-466] Opening hw_target localhost:3121/xilinx_tcf/Xilinx/00000000000000
INFO: [Labtools 27-1435] Device xc7a35t (JTAG device index = 0) is not programmed (DONE status = 0).
WARNING: [Labtoolstcl 44-129] No matching hw_ila_data was found.
exit
INFO: [Common 17-206] Exiting Vivado at Tue May 28 13:12:21 2019...
