Release 14.7 Map P.20131013 (nt64)
Xilinx Mapping Report File for Design 'alibaba_top'

Design Information
------------------
Command Line   : map -intstyle ise -w -ol high -mt 2 -p xc6slx9-tqg144-2
-logic_opt off -t 1 -xt 0 -register_duplication off -r 4 -global_opt off -ir off
-pr off -lc off -power off -o alibaba_top_map.ncd alibaba_top.ngd
alibaba_top.pcf 
Target Device  : xc6slx9
Target Package : tqg144
Target Speed   : -2
Mapper Version : spartan6 -- $Revision: 1.55 $
Mapped Date    : Mon Jul 02 23:57:47 2018

Design Summary
--------------
Number of errors:      0
Number of warnings:    2
Slice Logic Utilization:
  Number of Slice Registers:                   619 out of  11,440    5%
    Number used as Flip Flops:                 619
    Number used as Latches:                      0
    Number used as Latch-thrus:                  0
    Number used as AND/OR logics:                0
  Number of Slice LUTs:                      1,896 out of   5,720   33%
    Number used as logic:                    1,825 out of   5,720   31%
      Number using O6 output only:           1,519
      Number using O5 output only:              73
      Number using O5 and O6:                  233
      Number used as ROM:                        0
    Number used as Memory:                      59 out of   1,440    4%
      Number used as Dual Port RAM:             58
        Number using O6 output only:            10
        Number using O5 output only:            10
        Number using O5 and O6:                 38
      Number used as Single Port RAM:            0
      Number used as Shift Register:             1
        Number using O6 output only:             1
        Number using O5 output only:             0
        Number using O5 and O6:                  0
    Number used exclusively as route-thrus:     12
      Number with same-slice register load:      4
      Number with same-slice carry load:         8
      Number with other load:                    0

Slice Logic Distribution:
  Number of occupied Slices:                   632 out of   1,430   44%
  Number of MUXCYs used:                       228 out of   2,860    7%
  Number of LUT Flip Flop pairs used:        1,969
    Number with an unused Flip Flop:         1,376 out of   1,969   69%
    Number with an unused LUT:                  73 out of   1,969    3%
    Number of fully used LUT-FF pairs:         520 out of   1,969   26%
    Number of unique control sets:              73
    Number of slice register sites lost
      to control set restrictions:             308 out of  11,440    2%

  A LUT Flip Flop pair for this architecture represents one LUT paired with
  one Flip Flop within a slice.  A control set is a unique combination of
  clock, reset, set, and enable signals for a registered element.
  The Slice Logic Distribution report is not meaningful if the design is
  over-mapped for a non-slice resource or if Placement fails.

IO Utilization:
  Number of bonded IOBs:                        77 out of     102   75%
    Number of LOCed IOBs:                       77 out of      77  100%

Specific Feature Utilization:
  Number of RAMB16BWERs:                        25 out of      32   78%
  Number of RAMB8BWERs:                          1 out of      64    1%
  Number of BUFIO2/BUFIO2_2CLKs:                 1 out of      32    3%
    Number used as BUFIO2s:                      1
    Number used as BUFIO2_2CLKs:                 0
  Number of BUFIO2FB/BUFIO2FB_2CLKs:             0 out of      32    0%
  Number of BUFG/BUFGMUXs:                       4 out of      16   25%
    Number used as BUFGs:                        4
    Number used as BUFGMUX:                      0
  Number of DCM/DCM_CLKGENs:                     0 out of       4    0%
  Number of ILOGIC2/ISERDES2s:                   0 out of     200    0%
  Number of IODELAY2/IODRP2/IODRP2_MCBs:         0 out of     200    0%
  Number of OLOGIC2/OSERDES2s:                   0 out of     200    0%
  Number of BSCANs:                              0 out of       4    0%
  Number of BUFHs:                               0 out of     128    0%
  Number of BUFPLLs:                             0 out of       8    0%
  Number of BUFPLL_MCBs:                         0 out of       4    0%
  Number of DSP48A1s:                            0 out of      16    0%
  Number of ICAPs:                               1 out of       1  100%
  Number of MCBs:                                0 out of       2    0%
  Number of PCILOGICSEs:                         0 out of       2    0%
  Number of PLL_ADVs:                            1 out of       2   50%
  Number of PMVs:                                0 out of       1    0%
  Number of STARTUPs:                            0 out of       1    0%
  Number of SUSPEND_SYNCs:                       0 out of       1    0%

Average Fanout of Non-Clock Nets:                4.56

Peak Memory Usage:  403 MB
Total REAL time to MAP completion:  2 mins 9 secs 
Total CPU time to MAP completion (all processors):   2 mins 5 secs 

Table of Contents
-----------------
Section 1 - Errors
Section 2 - Warnings
Section 3 - Informational
Section 4 - Removed Logic Summary
Section 5 - Removed Logic
Section 6 - IOB Properties
Section 7 - RPMs
Section 8 - Guide Report
Section 9 - Area Group and Partition Summary
Section 10 - Timing Report
Section 11 - Configuration String Information
Section 12 - Control Set Information
Section 13 - Utilization by Hierarchy

Section 1 - Errors
------------------

Section 2 - Warnings
--------------------
WARNING:Pack:1653 - At least one timing constraint is impossible to meet because component delays alone exceed the constraint. A timing
   constraint summary below shows the failing constraints (preceded with an Asterisk (*)). Please use the Timing Analyzer (GUI) or TRCE
   (command line) with the Mapped NCD and PCF files to identify which constraints and paths are failing because of the component delays
   alone. If the failing path(s) is mapped to Xilinx components as expected, consider relaxing the constraint. If it is not mapped to
   components as expected, re-evaluate your HDL and how synthesis is optimizing the path. To allow the tools to bypass this error, set the
   environment variable XIL_TIMING_ALLOW_IMPOSSIBLE to 1.


   For more information about the Timing Analyzer, consult the Xilinx Timing Analyzer Reference manual; for more information on TRCE,
   consult the Xilinx Command Line Tools User Guide "TRACE" chapter.
WARNING:PhysDesignRules:2410 - This design is using one or more 9K Block RAMs
   (RAMB8BWER).  9K Block RAM initialization data, both user defined and
   default, may be incorrect and should not be used.  For more information,
   please reference Xilinx Answer Record 39999.

Section 3 - Informational
-------------------------
INFO:Map:284 - Map is running with the multi-threading option on. Map currently
   supports the use of up to 2 processors. Based on the the user options and
   machine load, Map will use 2 processors during this run.
INFO:LIT:243 - Logical network JOYSTICK<5>_IBUF has no load.
INFO:LIT:395 - The above info message is repeated 37 more times for the
   following (max. 5 shown):
   JOYSTICK<4>_IBUF,
   JJOY<6>_IBUF,
   JJOY<5>_IBUF,
   JJOY<4>_IBUF,
   JTEST_IBUF
   To see the details of these info messages, please use the -detail switch.
INFO:MapLib:562 - No environment variables are currently set.
INFO:MapLib:159 - Net Timing constraints on signal SYS_CLK are pushed forward
   through input buffer.
INFO:LIT:244 - All of the single ended outputs in this design are using slew
   rate limited output drivers. The delay on speed critical single ended outputs
   can be dramatically reduced by designating them as fast outputs.
INFO:Pack:1716 - Initializing temperature to 85.000 Celsius. (default - Range:
   0.000 to 85.000 Celsius)
INFO:Pack:1720 - Initializing voltage to 1.140 Volts. (default - Range: 1.140 to
   1.260 Volts)
INFO:Map:215 - The Interim Design Summary has been generated in the MAP Report
   (.mrp).
INFO:Pack:1650 - Map created a placed design.

Section 4 - Removed Logic Summary
---------------------------------
   3 block(s) removed
   2 block(s) optimized away
   2 signal(s) removed

Section 5 - Removed Logic
-------------------------

The trimmed logic report below shows the logic removed from your design due to
sourceless or loadless signals, and VCC or ground connections.  If the removal
of a signal or symbol results in the subsequent removal of an additional signal
or symbol, the message explaining that second removal will be indented.  This
indentation will be repeated as a chain of related logic is removed.

To quickly locate the original cause for the removal of a chain of logic, look
above the place where that logic is listed in the trimming report, then locate
the lines that are least indented (begin at the leftmost edge).

Loadless block "ioclk_buf" (BUFPLL) removed.
 The signal "pllclk0" is loadless and has been removed.
Loadless block "synchro_reset/use_fdp.fdb" (FF) removed.
 The signal "synchro_reset/temp" is loadless and has been removed.
  Loadless block "synchro_reset/use_fdp.fda" (FF) removed.

Optimized Block(s):
TYPE 		BLOCK
GND 		XST_GND
VCC 		XST_VCC

To enable printing of redundant blocks removed and signals merged, set the
detailed map report option and rerun map.

Section 11 - Timing Report
--------------------------
INFO:Timing:3284 - This timing report was generated using estimated delay 
   information.  For accurate numbers, please refer to the post Place and Route 
   timing report.
Number of Timing Constraints that were not applied: 1

Asterisk (*) preceding a constraint indicates it was not met.
   This may be due to a setup or hold violation.

----------------------------------------------------------------------------------------------------------
  Constraint                                |    Check    | Worst Case |  Best Case | Timing |   Timing   
                                            |             |    Slack   | Achievable | Errors |    Score   
----------------------------------------------------------------------------------------------------------
* PERIOD analysis for net "pllclk1" derived | SETUP       |    31.354ns|     9.646ns|       0|           0
   from  NET "SYS_CLK_IBUF" PERIOD = 20 ns  | HOLD        |     0.059ns|            |       0|           0
  HIGH 50%  multiplied by 2.05 to 41 nS     | MINPERIOD   |    -9.000ns|    50.000ns|       1|        9000
----------------------------------------------------------------------------------------------------------
* PERIOD analysis for net "pllclk2" derived | SETUP       |    -0.648ns|    32.960ns|      27|        8909
   from  NET "SYS_CLK_IBUF" PERIOD = 20 ns  | HOLD        |     0.259ns|            |       0|           0
  HIGH 50%                                  |             |            |            |        |            
----------------------------------------------------------------------------------------------------------
  NET "SYS_CLK_IBUF" PERIOD = 20 ns HIGH 50 | MINLOWPULSE |    15.000ns|     5.000ns|       0|           0
  %                                         |             |            |            |        |            
----------------------------------------------------------------------------------------------------------


Derived Constraint Report
Review Timing Report for more details on the following derived constraints.
To create a Timing Report, run "trce -v 12 -fastpaths -o design_timing_report design.ncd design.pcf"
or "Run Timing Analysis" from Timing Analyzer (timingan).
Derived Constraints for SYS_CLK_IBUF
+-------------------------------+-------------+-------------+-------------+-------------+-------------+-------------+-------------+
|                               |   Period    |       Actual Period       |      Timing Errors        |      Paths Analyzed       |
|           Constraint          | Requirement |-------------+-------------|-------------+-------------|-------------+-------------|
|                               |             |   Direct    | Derivative  |   Direct    | Derivative  |   Direct    | Derivative  |
+-------------------------------+-------------+-------------+-------------+-------------+-------------+-------------+-------------+
|SYS_CLK_IBUF                   |     20.000ns|      5.000ns|     32.960ns|            0|           28|            0|      2521604|
| pllclk1                       |     41.000ns|     50.000ns|          N/A|            1|            0|      2521439|            0|
| pllclk2                       |     20.000ns|     32.960ns|          N/A|           27|            0|          165|            0|
+-------------------------------+-------------+-------------+-------------+-------------+-------------+-------------+-------------+

2 constraints not met.



Section 6 - IOB Properties
--------------------------

+---------------------------------------------------------------------------------------------------------------------------------------------------------+
| IOB Name                           | Type             | Direction | IO Standard          | Diff  | Drive    | Slew | Reg (s)      | Resistor | IOB      |
|                                    |                  |           |                      | Term  | Strength | Rate |              |          | Delay    |
+---------------------------------------------------------------------------------------------------------------------------------------------------------+
| JAUDIO                             | IOB              | OUTPUT    | LVCMOS33             |       | 12       | SLOW |              |          |          |
| JB<0>                              | IOB              | OUTPUT    | LVCMOS33             |       | 12       | SLOW |              |          |          |
| JB<1>                              | IOB              | OUTPUT    | LVCMOS33             |       | 12       | SLOW |              |          |          |
| JB<2>                              | IOB              | OUTPUT    | LVCMOS33             |       | 12       | SLOW |              |          |          |
| JB<3>                              | IOB              | OUTPUT    | LVCMOS33             |       | 12       | SLOW |              |          |          |
| JCOIN<0>                           | IOB              | INPUT     | LVCMOS33             |       |          |      |              | PULLUP   |          |
| JCOIN<1>                           | IOB              | INPUT     | LVCMOS33             |       |          |      |              | PULLUP   |          |
| JG<0>                              | IOB              | OUTPUT    | LVCMOS33             |       | 12       | SLOW |              |          |          |
| JG<1>                              | IOB              | OUTPUT    | LVCMOS33             |       | 12       | SLOW |              |          |          |
| JG<2>                              | IOB              | OUTPUT    | LVCMOS33             |       | 12       | SLOW |              |          |          |
| JG<3>                              | IOB              | OUTPUT    | LVCMOS33             |       | 12       | SLOW |              |          |          |
| JHSYNC                             | IOB              | OUTPUT    | LVCMOS33             |       | 12       | SLOW |              |          |          |
| JJOY<0>                            | IOB              | INPUT     | LVCMOS33             |       |          |      |              | PULLUP   |          |
| JJOY<1>                            | IOB              | INPUT     | LVCMOS33             |       |          |      |              | PULLUP   |          |
| JJOY<2>                            | IOB              | INPUT     | LVCMOS33             |       |          |      |              | PULLUP   |          |
| JJOY<3>                            | IOB              | INPUT     | LVCMOS33             |       |          |      |              | PULLUP   |          |
| JJOY<4>                            | IOB              | INPUT     | LVCMOS33             |       |          |      |              | PULLUP   |          |
| JJOY<5>                            | IOB              | INPUT     | LVCMOS33             |       |          |      |              | PULLUP   |          |
| JJOY<6>                            | IOB              | INPUT     | LVCMOS33             |       |          |      |              | PULLUP   |          |
| JJOY<7>                            | IOB              | INPUT     | LVCMOS33             |       |          |      |              | PULLUP   |          |
| JOYSTICK<0>                        | IOB              | INPUT     | LVCMOS33             |       |          |      |              | PULLUP   |          |
| JOYSTICK<1>                        | IOB              | INPUT     | LVCMOS33             |       |          |      |              | PULLUP   |          |
| JOYSTICK<2>                        | IOB              | INPUT     | LVCMOS33             |       |          |      |              | PULLUP   |          |
| JOYSTICK<3>                        | IOB              | INPUT     | LVCMOS33             |       |          |      |              | PULLUP   |          |
| JOYSTICK<4>                        | IOB              | INPUT     | LVCMOS33             |       |          |      |              | PULLUP   |          |
| JOYSTICK<5>                        | IOB              | INPUT     | LVCMOS33             |       |          |      |              | PULLUP   |          |
| JR<0>                              | IOB              | OUTPUT    | LVCMOS33             |       | 12       | SLOW |              |          |          |
| JR<1>                              | IOB              | OUTPUT    | LVCMOS33             |       | 12       | SLOW |              |          |          |
| JR<2>                              | IOB              | OUTPUT    | LVCMOS33             |       | 12       | SLOW |              |          |          |
| JR<3>                              | IOB              | OUTPUT    | LVCMOS33             |       | 12       | SLOW |              |          |          |
| JSELECT                            | IOB              | OUTPUT    | LVCMOS33             |       | 12       | SLOW |              |          |          |
| JSERVICE                           | IOB              | INPUT     | LVCMOS33             |       |          |      |              | PULLUP   |          |
| JTEST                              | IOB              | INPUT     | LVCMOS33             |       |          |      |              | PULLUP   |          |
| JVSYNC                             | IOB              | OUTPUT    | LVCMOS33             |       | 12       | SLOW |              |          |          |
| LED                                | IOB              | OUTPUT    | LVCMOS33             |       | 12       | SLOW |              |          |          |
| O_NTSC                             | IOB              | OUTPUT    | LVCMOS33             |       | 12       | SLOW |              |          |          |
| O_PAL                              | IOB              | OUTPUT    | LVCMOS33             |       | 12       | SLOW |              |          |          |
| SYS_CLK                            | IOB              | INPUT     | LVCMOS33             |       |          |      |              |          |          |
| audio_l                            | IOB              | OUTPUT    | LVCMOS33             |       | 8        | SLOW |              |          |          |
| audio_r                            | IOB              | OUTPUT    | LVCMOS33             |       | 8        | SLOW |              |          |          |
| ps2_clk                            | IOB              | INPUT     | LVCMOS33             |       |          |      |              | PULLUP   |          |
| ps2_data                           | IOB              | INPUT     | LVCMOS33             |       |          |      |              | PULLUP   |          |
| sram_addr<0>                       | IOB              | OUTPUT    | LVCMOS33             |       | 12       | SLOW |              |          |          |
| sram_addr<1>                       | IOB              | OUTPUT    | LVCMOS33             |       | 12       | SLOW |              |          |          |
| sram_addr<2>                       | IOB              | OUTPUT    | LVCMOS33             |       | 12       | SLOW |              |          |          |
| sram_addr<3>                       | IOB              | OUTPUT    | LVCMOS33             |       | 12       | SLOW |              |          |          |
| sram_addr<4>                       | IOB              | OUTPUT    | LVCMOS33             |       | 12       | SLOW |              |          |          |
| sram_addr<5>                       | IOB              | OUTPUT    | LVCMOS33             |       | 12       | SLOW |              |          |          |
| sram_addr<6>                       | IOB              | OUTPUT    | LVCMOS33             |       | 12       | SLOW |              |          |          |
| sram_addr<7>                       | IOB              | OUTPUT    | LVCMOS33             |       | 12       | SLOW |              |          |          |
| sram_addr<8>                       | IOB              | OUTPUT    | LVCMOS33             |       | 12       | SLOW |              |          |          |
| sram_addr<9>                       | IOB              | OUTPUT    | LVCMOS33             |       | 12       | SLOW |              |          |          |
| sram_addr<10>                      | IOB              | OUTPUT    | LVCMOS33             |       | 12       | SLOW |              |          |          |
| sram_addr<11>                      | IOB              | OUTPUT    | LVCMOS33             |       | 12       | SLOW |              |          |          |
| sram_addr<12>                      | IOB              | OUTPUT    | LVCMOS33             |       | 12       | SLOW |              |          |          |
| sram_addr<13>                      | IOB              | OUTPUT    | LVCMOS33             |       | 12       | SLOW |              |          |          |
| sram_addr<14>                      | IOB              | OUTPUT    | LVCMOS33             |       | 12       | SLOW |              |          |          |
| sram_addr<15>                      | IOB              | OUTPUT    | LVCMOS33             |       | 12       | SLOW |              |          |          |
| sram_addr<16>                      | IOB              | OUTPUT    | LVCMOS33             |       | 12       | SLOW |              |          |          |
| sram_addr<17>                      | IOB              | OUTPUT    | LVCMOS33             |       | 12       | SLOW |              |          |          |
| sram_addr<18>                      | IOB              | OUTPUT    | LVCMOS33             |       | 12       | SLOW |              |          |          |
| sram_addr<19>                      | IOB              | OUTPUT    | LVCMOS33             |       | 12       | SLOW |              |          |          |
| sram_addr<20>                      | IOB              | OUTPUT    | LVCMOS33             |       | 12       | SLOW |              |          |          |
| sram_dq<0>                         | IOB              | INPUT     | LVCMOS33             |       |          |      |              |          |          |
| sram_dq<1>                         | IOB              | INPUT     | LVCMOS33             |       |          |      |              |          |          |
| sram_we_n                          | IOB              | OUTPUT    | LVCMOS33             |       | 12       | SLOW |              |          |          |
| vga_blue<0>                        | IOB              | OUTPUT    | LVCMOS33             |       | 12       | SLOW |              |          |          |
| vga_blue<1>                        | IOB              | OUTPUT    | LVCMOS33             |       | 12       | SLOW |              |          |          |
| vga_blue<2>                        | IOB              | OUTPUT    | LVCMOS33             |       | 12       | SLOW |              |          |          |
| vga_green<0>                       | IOB              | OUTPUT    | LVCMOS33             |       | 12       | SLOW |              |          |          |
| vga_green<1>                       | IOB              | OUTPUT    | LVCMOS33             |       | 12       | SLOW |              |          |          |
| vga_green<2>                       | IOB              | OUTPUT    | LVCMOS33             |       | 12       | SLOW |              |          |          |
| vga_hsync                          | IOB              | OUTPUT    | LVCMOS33             |       | 12       | SLOW |              |          |          |
| vga_red<0>                         | IOB              | OUTPUT    | LVCMOS33             |       | 12       | SLOW |              |          |          |
| vga_red<1>                         | IOB              | OUTPUT    | LVCMOS33             |       | 12       | SLOW |              |          |          |
| vga_red<2>                         | IOB              | OUTPUT    | LVCMOS33             |       | 12       | SLOW |              |          |          |
| vga_vsync                          | IOB              | OUTPUT    | LVCMOS33             |       | 12       | SLOW |              |          |          |
+---------------------------------------------------------------------------------------------------------------------------------------------------------+

Section 7 - RPMs
----------------

Section 8 - Guide Report
------------------------
Guide not run on this design.

Section 9 - Area Group and Partition Summary
--------------------------------------------

Partition Implementation Status
-------------------------------

  No Partitions were found in this design.

-------------------------------

Area Group Information
----------------------

  No area groups were found in this design.

----------------------

Section 10 - Timing Report
--------------------------
A logic-level (pre-route) timing report can be generated by using Xilinx static
timing analysis tools, Timing Analyzer (GUI) or TRCE (command line), with the
mapped NCD and PCF files. Please note that this timing report will be generated
using estimated delay information. For accurate numbers, please generate a
timing report with the post Place and Route NCD file.

For more information about the Timing Analyzer, consult the Xilinx Timing
Analyzer Reference Manual; for more information about TRCE, consult the Xilinx
Command Line Tools User Guide "TRACE" chapter.

Section 11 - Configuration String Details
-----------------------------------------
Use the "-detail" map option to print out Configuration Strings

Section 12 - Control Set Information
------------------------------------
Use the "-detail" map option to print out Control Set Information.

Section 13 - Utilization by Hierarchy
-------------------------------------
Use the "-detail" map option to print out the Utilization by Hierarchy section.
