#-----------------------------------------------------------
# Vivado v2018.3.1 (64-bit)
# SW Build 2489853 on Tue Mar 26 04:20:25 MDT 2019
# IP Build 2486929 on Tue Mar 26 06:44:21 MDT 2019
# Start of session at: Mon May 27 08:57:17 2019
# Process ID: 7476
# Current directory: F:/repos/a35/NUEVO/bubbles/A35
# Command line: vivado.exe -gui_launcher_event rodinguilauncherevent9500 F:\repos\a35\NUEVO\bubbles\A35\A35.xpr
# Log file: F:/repos/a35/NUEVO/bubbles/A35/vivado.log
# Journal file: F:/repos/a35/NUEVO/bubbles/A35\vivado.jou
#-----------------------------------------------------------
start_gui
open_project F:/repos/a35/NUEVO/bubbles/A35/A35.xpr
INFO: [Project 1-313] Project file moved from 'D:/repos/jammazx1 - Bigbucket/jammazx1/arcades/defender/joust/A35' since last save.
CRITICAL WARNING: [Project 1-311] Could not find the file 'F:/repos/a35/NUEVO/bubbles/src/rtl/robotron_cmos_ram.vhd', nor could it be found using path 'D:/repos/jammazx1 - Bigbucket/jammazx1/arcades/defender/joust/src/rtl/robotron_cmos_ram.vhd'.
CRITICAL WARNING: [Project 1-311] Could not find the file 'F:/repos/a35/NUEVO/bubbles/src/roms/joust_sound.vhd', nor could it be found using path 'D:/repos/jammazx1 - Bigbucket/jammazx1/arcades/defender/joust/src/roms/joust_sound.vhd'.
CRITICAL WARNING: [Project 1-311] Could not find the file 'F:/repos/a35/NUEVO/bubbles/src/roms/joust_prog.vhd', nor could it be found using path 'D:/repos/jammazx1 - Bigbucket/jammazx1/arcades/defender/joust/src/roms/joust_prog.vhd'.
CRITICAL WARNING: [Project 1-311] Could not find the file 'F:/repos/a35/NUEVO/bubbles/src/roms/joust_decoder_6.vhd', nor could it be found using path 'D:/repos/jammazx1 - Bigbucket/jammazx1/arcades/defender/joust/src/roms/joust_decoder_6.vhd'.
CRITICAL WARNING: [Project 1-311] Could not find the file 'F:/repos/a35/NUEVO/bubbles/src/roms/joust_decoder_4.vhd', nor could it be found using path 'D:/repos/jammazx1 - Bigbucket/jammazx1/arcades/defender/joust/src/roms/joust_decoder_4.vhd'.
CRITICAL WARNING: [Project 1-311] Could not find the file 'F:/repos/a35/NUEVO/bubbles/src/rtl/joust_cmos_ram.vhd', nor could it be found using path 'D:/repos/jammazx1 - Bigbucket/jammazx1/arcades/defender/joust/src/rtl/joust_cmos_ram.vhd'.
Scanning sources...
Finished scanning sources
INFO: [IP_Flow 19-234] Refreshing IP repositories
INFO: [IP_Flow 19-1704] No user IP repositories specified
INFO: [IP_Flow 19-2313] Loaded Vivado IP repository 'F:/Xilinx/Vivado/2018.3/data/ip'.
open_project: Time (s): cpu = 00:00:26 ; elapsed = 00:00:16 . Memory (MB): peak = 690.664 ; gain = 109.629
add_files -norecurse {F:/repos/a35/NUEVO/bubbles/src/rtl/bubbles_cmos_ram.vhd F:/repos/a35/NUEVO/bubbles/src/roms/bubbles_sound.vhd F:/repos/a35/NUEVO/bubbles/src/roms/bubbles_prog.vhd F:/repos/a35/NUEVO/bubbles/src/roms/bubbles_decoder_4.vhd F:/repos/a35/NUEVO/bubbles/src/roms/bubbles_decoder_6.vhd}
set_property top bubbles_top [current_fileset]
reset_run synth_1
launch_runs impl_1 -to_step write_bitstream
[Mon May 27 09:01:08 2019] Launched synth_1...
Run output will be captured here: F:/repos/a35/NUEVO/bubbles/A35/A35.runs/synth_1/runme.log
[Mon May 27 09:01:08 2019] Launched impl_1...
Run output will be captured here: F:/repos/a35/NUEVO/bubbles/A35/A35.runs/impl_1/runme.log
export_ip_user_files -of_objects  [get_files F:/repos/a35/NUEVO/bubbles/src/rtl/joust_cmos_ram.vhd] -no_script -reset -force -quiet
export_ip_user_files -of_objects  [get_files F:/repos/a35/NUEVO/bubbles/src/roms/joust_decoder_4.vhd] -no_script -reset -force -quiet
export_ip_user_files -of_objects  [get_files F:/repos/a35/NUEVO/bubbles/src/roms/joust_decoder_6.vhd] -no_script -reset -force -quiet
export_ip_user_files -of_objects  [get_files F:/repos/a35/NUEVO/bubbles/src/roms/joust_prog.vhd] -no_script -reset -force -quiet
export_ip_user_files -of_objects  [get_files F:/repos/a35/NUEVO/bubbles/src/roms/joust_sound.vhd] -no_script -reset -force -quiet
export_ip_user_files -of_objects  [get_files F:/repos/a35/NUEVO/bubbles/src/rtl/robotron_cmos_ram.vhd] -no_script -reset -force -quiet
remove_files  {F:/repos/a35/NUEVO/bubbles/src/rtl/joust_cmos_ram.vhd F:/repos/a35/NUEVO/bubbles/src/roms/joust_decoder_4.vhd F:/repos/a35/NUEVO/bubbles/src/roms/joust_decoder_6.vhd F:/repos/a35/NUEVO/bubbles/src/roms/joust_prog.vhd F:/repos/a35/NUEVO/bubbles/src/roms/joust_sound.vhd F:/repos/a35/NUEVO/bubbles/src/rtl/robotron_cmos_ram.vhd}
reset_run synth_1
launch_runs impl_1 -to_step write_bitstream
[Mon May 27 09:05:16 2019] Launched synth_1...
Run output will be captured here: F:/repos/a35/NUEVO/bubbles/A35/A35.runs/synth_1/runme.log
[Mon May 27 09:05:16 2019] Launched impl_1...
Run output will be captured here: F:/repos/a35/NUEVO/bubbles/A35/A35.runs/impl_1/runme.log
reset_run synth_1
launch_runs impl_1 -to_step write_bitstream
[Mon May 27 09:06:15 2019] Launched synth_1...
Run output will be captured here: F:/repos/a35/NUEVO/bubbles/A35/A35.runs/synth_1/runme.log
[Mon May 27 09:06:16 2019] Launched impl_1...
Run output will be captured here: F:/repos/a35/NUEVO/bubbles/A35/A35.runs/impl_1/runme.log
reset_run synth_1
launch_runs impl_1 -to_step write_bitstream
[Mon May 27 09:07:24 2019] Launched synth_1...
Run output will be captured here: F:/repos/a35/NUEVO/bubbles/A35/A35.runs/synth_1/runme.log
[Mon May 27 09:07:24 2019] Launched impl_1...
Run output will be captured here: F:/repos/a35/NUEVO/bubbles/A35/A35.runs/impl_1/runme.log
open_hw
connect_hw_server
INFO: [Labtools 27-2285] Connecting to hw_server url TCP:localhost:3121
INFO: [Labtools 27-2222] Launching hw_server...
INFO: [Labtools 27-2221] Launch Output:

****** Xilinx hw_server v2018.3.1
  **** Build date : Mar 26 2019-05:02:51
    ** Copyright 1986-2018 Xilinx, Inc. All Rights Reserved.


open_hw_target
INFO: [Labtoolstcl 44-466] Opening hw_target localhost:3121/xilinx_tcf/Xilinx/00000000000000
open_hw_target: Time (s): cpu = 00:00:08 ; elapsed = 00:00:08 . Memory (MB): peak = 1771.902 ; gain = 934.754
set_property PROGRAM.FILE {F:/repos/a35/NUEVO/bubbles/A35/A35.runs/impl_1/bubbles_top.bit} [get_hw_devices xc7a35t_0]
current_hw_device [get_hw_devices xc7a35t_0]
refresh_hw_device -update_hw_probes false [lindex [get_hw_devices xc7a35t_0] 0]
INFO: [Labtools 27-1434] Device xc7a35t (JTAG device index = 0) is programmed with a design that has no supported debug core(s) in it.
set_property PROBES.FILE {} [get_hw_devices xc7a35t_0]
set_property FULL_PROBES.FILE {} [get_hw_devices xc7a35t_0]
set_property PROGRAM.FILE {F:/repos/a35/NUEVO/bubbles/A35/A35.runs/impl_1/bubbles_top.bit} [get_hw_devices xc7a35t_0]
program_hw_devices [get_hw_devices xc7a35t_0]
INFO: [Labtools 27-3164] End of startup status: HIGH
refresh_hw_device [lindex [get_hw_devices xc7a35t_0] 0]
INFO: [Labtools 27-1434] Device xc7a35t (JTAG device index = 0) is programmed with a design that has no supported debug core(s) in it.
set_property PROBES.FILE {} [get_hw_devices xc7a35t_0]
set_property FULL_PROBES.FILE {} [get_hw_devices xc7a35t_0]
set_property PROGRAM.FILE {F:/repos/a35/NUEVO/bubbles/A35/A35.runs/impl_1/bubbles_top.bit} [get_hw_devices xc7a35t_0]
program_hw_devices [get_hw_devices xc7a35t_0]
INFO: [Labtools 27-3164] End of startup status: HIGH
refresh_hw_device [lindex [get_hw_devices xc7a35t_0] 0]
INFO: [Labtools 27-1434] Device xc7a35t (JTAG device index = 0) is programmed with a design that has no supported debug core(s) in it.
ERROR: [Labtoolstcl 44-513] HW Target shutdown. Closing target: localhost:3121/xilinx_tcf/Xilinx/00000000000000
exit
INFO: [Common 17-206] Exiting Vivado at Mon May 27 09:20:33 2019...
