#-----------------------------------------------------------
# Vivado v2018.3.1 (64-bit)
# SW Build 2489853 on Tue Mar 26 04:20:25 MDT 2019
# IP Build 2486929 on Tue Mar 26 06:44:21 MDT 2019
# Start of session at: Sat May  4 08:52:14 2019
# Process ID: 8008
# Current directory: F:/repos/a35/NUEVO/comodore64_beta_7/A35
# Command line: vivado.exe -gui_launcher_event rodinguilauncherevent7524 F:\repos\a35\NUEVO\comodore64_beta_7\A35\A35.xpr
# Log file: F:/repos/a35/NUEVO/comodore64_beta_7/A35/vivado.log
# Journal file: F:/repos/a35/NUEVO/comodore64_beta_7/A35\vivado.jou
#-----------------------------------------------------------
start_gui
open_project F:/repos/a35/NUEVO/comodore64_beta_7/A35/A35.xpr
Scanning sources...
Finished scanning sources
INFO: [IP_Flow 19-234] Refreshing IP repositories
INFO: [IP_Flow 19-1704] No user IP repositories specified
INFO: [IP_Flow 19-2313] Loaded Vivado IP repository 'F:/Xilinx/Vivado/2018.3/data/ip'.
open_project: Time (s): cpu = 00:00:27 ; elapsed = 00:00:28 . Memory (MB): peak = 665.719 ; gain = 100.645
reset_run synth_1
launch_runs impl_1 -to_step write_bitstream
[Sat May  4 08:58:57 2019] Launched synth_1...
Run output will be captured here: F:/repos/a35/NUEVO/comodore64_beta_7/A35/A35.runs/synth_1/runme.log
[Sat May  4 08:58:57 2019] Launched impl_1...
Run output will be captured here: F:/repos/a35/NUEVO/comodore64_beta_7/A35/A35.runs/impl_1/runme.log
launch_runs: Time (s): cpu = 00:00:02 ; elapsed = 00:00:05 . Memory (MB): peak = 942.922 ; gain = 5.707
reset_run synth_1
launch_runs impl_1 -to_step write_bitstream
[Sat May  4 09:00:11 2019] Launched synth_1...
Run output will be captured here: F:/repos/a35/NUEVO/comodore64_beta_7/A35/A35.runs/synth_1/runme.log
[Sat May  4 09:00:12 2019] Launched impl_1...
Run output will be captured here: F:/repos/a35/NUEVO/comodore64_beta_7/A35/A35.runs/impl_1/runme.log
launch_runs: Time (s): cpu = 00:00:04 ; elapsed = 00:00:06 . Memory (MB): peak = 943.051 ; gain = 0.000
reset_run synth_1
launch_runs impl_1 -to_step write_bitstream
[Sat May  4 09:01:59 2019] Launched synth_1...
Run output will be captured here: F:/repos/a35/NUEVO/comodore64_beta_7/A35/A35.runs/synth_1/runme.log
[Sat May  4 09:01:59 2019] Launched impl_1...
Run output will be captured here: F:/repos/a35/NUEVO/comodore64_beta_7/A35/A35.runs/impl_1/runme.log
open_hw
connect_hw_server
INFO: [Labtools 27-2285] Connecting to hw_server url TCP:localhost:3121
INFO: [Labtools 27-2222] Launching hw_server...
INFO: [Labtools 27-2221] Launch Output:

****** Xilinx hw_server v2018.3.1
  **** Build date : Mar 26 2019-05:02:51
    ** Copyright 1986-2018 Xilinx, Inc. All Rights Reserved.


disconnect_hw_server localhost:3121
connect_hw_server
INFO: [Labtools 27-2285] Connecting to hw_server url TCP:localhost:3121
disconnect_hw_server localhost:3121
connect_hw_server
INFO: [Labtools 27-2285] Connecting to hw_server url TCP:localhost:3121
open_hw_target
INFO: [Labtoolstcl 44-466] Opening hw_target localhost:3121/xilinx_tcf/Xilinx/00000000000000
open_hw_target: Time (s): cpu = 00:00:08 ; elapsed = 00:00:08 . Memory (MB): peak = 1884.695 ; gain = 934.066
set_property PROGRAM.FILE {F:/repos/a35/NUEVO/comodore64_beta_7/A35/A35.runs/impl_1/c64_zx3.bit} [get_hw_devices xc7a35t_0]
current_hw_device [get_hw_devices xc7a35t_0]
refresh_hw_device -update_hw_probes false [lindex [get_hw_devices xc7a35t_0] 0]
INFO: [Labtools 27-1434] Device xc7a35t (JTAG device index = 0) is programmed with a design that has no supported debug core(s) in it.
set_property PROBES.FILE {} [get_hw_devices xc7a35t_0]
set_property FULL_PROBES.FILE {} [get_hw_devices xc7a35t_0]
set_property PROGRAM.FILE {F:/repos/a35/NUEVO/comodore64_beta_7/A35/A35.runs/impl_1/c64_zx3.bit} [get_hw_devices xc7a35t_0]
program_hw_devices [get_hw_devices xc7a35t_0]
INFO: [Labtools 27-3164] End of startup status: HIGH
program_hw_devices: Time (s): cpu = 00:00:10 ; elapsed = 00:00:10 . Memory (MB): peak = 1920.574 ; gain = 0.000
refresh_hw_device [lindex [get_hw_devices xc7a35t_0] 0]
INFO: [Labtools 27-1434] Device xc7a35t (JTAG device index = 0) is programmed with a design that has no supported debug core(s) in it.
ERROR: [Labtoolstcl 44-513] HW Target shutdown. Closing target: localhost:3121/xilinx_tcf/Xilinx/00000000000000
INFO: [Labtoolstcl 44-466] Opening hw_target localhost:3121/xilinx_tcf/Xilinx/00000000000000
INFO: [Labtools 27-1435] Device xc7a35t (JTAG device index = 0) is not programmed (DONE status = 0).
WARNING: [Labtoolstcl 44-129] No matching hw_ila_data was found.
reset_run synth_1
launch_runs impl_1 -to_step write_bitstream
[Sat May  4 09:59:27 2019] Launched synth_1...
Run output will be captured here: F:/repos/a35/NUEVO/comodore64_beta_7/A35/A35.runs/synth_1/runme.log
[Sat May  4 09:59:27 2019] Launched impl_1...
Run output will be captured here: F:/repos/a35/NUEVO/comodore64_beta_7/A35/A35.runs/impl_1/runme.log
set_property PROBES.FILE {} [get_hw_devices xc7a35t_0]
set_property FULL_PROBES.FILE {} [get_hw_devices xc7a35t_0]
set_property PROGRAM.FILE {F:/repos/a35/NUEVO/comodore64_beta_7/A35/A35.runs/impl_1/c64_zx3.bit} [get_hw_devices xc7a35t_0]
program_hw_devices [get_hw_devices xc7a35t_0]
INFO: [Labtools 27-3164] End of startup status: HIGH
program_hw_devices: Time (s): cpu = 00:00:10 ; elapsed = 00:00:10 . Memory (MB): peak = 1923.020 ; gain = 0.000
refresh_hw_device [lindex [get_hw_devices xc7a35t_0] 0]
INFO: [Labtools 27-1434] Device xc7a35t (JTAG device index = 0) is programmed with a design that has no supported debug core(s) in it.
ERROR: [Labtoolstcl 44-513] HW Target shutdown. Closing target: localhost:3121/xilinx_tcf/Xilinx/00000000000000
INFO: [Labtoolstcl 44-466] Opening hw_target localhost:3121/xilinx_tcf/Xilinx/00000000000000
INFO: [Labtools 27-1435] Device xc7a35t (JTAG device index = 0) is not programmed (DONE status = 0).
WARNING: [Labtoolstcl 44-129] No matching hw_ila_data was found.
reset_run synth_1
launch_runs impl_1 -to_step write_bitstream
[Sat May  4 10:27:47 2019] Launched synth_1...
Run output will be captured here: F:/repos/a35/NUEVO/comodore64_beta_7/A35/A35.runs/synth_1/runme.log
[Sat May  4 10:27:47 2019] Launched impl_1...
Run output will be captured here: F:/repos/a35/NUEVO/comodore64_beta_7/A35/A35.runs/impl_1/runme.log
reset_run synth_1
launch_runs impl_1 -to_step write_bitstream
[Sat May  4 10:58:33 2019] Launched synth_1...
Run output will be captured here: F:/repos/a35/NUEVO/comodore64_beta_7/A35/A35.runs/synth_1/runme.log
[Sat May  4 10:58:33 2019] Launched impl_1...
Run output will be captured here: F:/repos/a35/NUEVO/comodore64_beta_7/A35/A35.runs/impl_1/runme.log
set_property PROBES.FILE {} [get_hw_devices xc7a35t_0]
set_property FULL_PROBES.FILE {} [get_hw_devices xc7a35t_0]
set_property PROGRAM.FILE {F:/repos/a35/NUEVO/comodore64_beta_7/A35/A35.runs/impl_1/c64_zx3.bit} [get_hw_devices xc7a35t_0]
program_hw_devices [get_hw_devices xc7a35t_0]
INFO: [Labtools 27-3164] End of startup status: HIGH
program_hw_devices: Time (s): cpu = 00:00:09 ; elapsed = 00:00:10 . Memory (MB): peak = 1925.082 ; gain = 0.000
refresh_hw_device [lindex [get_hw_devices xc7a35t_0] 0]
INFO: [Labtools 27-1434] Device xc7a35t (JTAG device index = 0) is programmed with a design that has no supported debug core(s) in it.
set_property -dict [list CONFIG.CLKOUT5_REQUESTED_OUT_FREQ {32} CONFIG.MMCM_DIVCLK_DIVIDE {5} CONFIG.MMCM_CLKFBOUT_MULT_F {64.000} CONFIG.MMCM_CLKOUT0_DIVIDE_F {20.000} CONFIG.MMCM_CLKOUT1_DIVIDE {20} CONFIG.MMCM_CLKOUT2_DIVIDE {10} CONFIG.MMCM_CLKOUT3_DIVIDE {10} CONFIG.MMCM_CLKOUT3_PHASE {-58.500} CONFIG.MMCM_CLKOUT4_DIVIDE {20} CONFIG.CLKOUT1_JITTER {717.639} CONFIG.CLKOUT1_PHASE_ERROR {919.522} CONFIG.CLKOUT2_JITTER {717.639} CONFIG.CLKOUT2_PHASE_ERROR {919.522} CONFIG.CLKOUT3_JITTER {651.823} CONFIG.CLKOUT3_PHASE_ERROR {919.522} CONFIG.CLKOUT4_JITTER {651.823} CONFIG.CLKOUT4_PHASE_ERROR {919.522} CONFIG.CLKOUT5_JITTER {717.639} CONFIG.CLKOUT5_PHASE_ERROR {919.522}] [get_ips relojes]
generate_target all [get_files  F:/repos/a35/NUEVO/comodore64_beta_7/A35/A35.srcs/sources_1/ip/relojes/relojes.xci]
INFO: [IP_Flow 19-1686] Generating 'Instantiation Template' target for IP 'relojes'...
INFO: [IP_Flow 19-1686] Generating 'Synthesis' target for IP 'relojes'...
INFO: [IP_Flow 19-1686] Generating 'Simulation' target for IP 'relojes'...
INFO: [IP_Flow 19-1686] Generating 'Implementation' target for IP 'relojes'...
INFO: [IP_Flow 19-1686] Generating 'Change Log' target for IP 'relojes'...
generate_target: Time (s): cpu = 00:00:03 ; elapsed = 00:00:05 . Memory (MB): peak = 1933.047 ; gain = 0.000
catch { config_ip_cache -export [get_ips -all relojes] }
export_ip_user_files -of_objects [get_files F:/repos/a35/NUEVO/comodore64_beta_7/A35/A35.srcs/sources_1/ip/relojes/relojes.xci] -no_script -sync -force -quiet
reset_run relojes_synth_1
launch_runs  relojes_synth_1
[Sat May  4 12:26:57 2019] Launched relojes_synth_1...
Run output will be captured here: F:/repos/a35/NUEVO/comodore64_beta_7/A35/A35.runs/relojes_synth_1/runme.log
export_simulation -of_objects [get_files F:/repos/a35/NUEVO/comodore64_beta_7/A35/A35.srcs/sources_1/ip/relojes/relojes.xci] -directory F:/repos/a35/NUEVO/comodore64_beta_7/A35/A35.ip_user_files/sim_scripts -ip_user_files_dir F:/repos/a35/NUEVO/comodore64_beta_7/A35/A35.ip_user_files -ipstatic_source_dir F:/repos/a35/NUEVO/comodore64_beta_7/A35/A35.ip_user_files/ipstatic -lib_map_path [list {modelsim=F:/repos/a35/NUEVO/comodore64_beta_7/A35/A35.cache/compile_simlib/modelsim} {questa=F:/repos/a35/NUEVO/comodore64_beta_7/A35/A35.cache/compile_simlib/questa} {riviera=F:/repos/a35/NUEVO/comodore64_beta_7/A35/A35.cache/compile_simlib/riviera} {activehdl=F:/repos/a35/NUEVO/comodore64_beta_7/A35/A35.cache/compile_simlib/activehdl}] -use_ip_compiled_libs -force -quiet
reset_run synth_1
launch_runs impl_1 -to_step write_bitstream
[Sat May  4 12:34:28 2019] Launched synth_1...
Run output will be captured here: F:/repos/a35/NUEVO/comodore64_beta_7/A35/A35.runs/synth_1/runme.log
[Sat May  4 12:34:28 2019] Launched impl_1...
Run output will be captured here: F:/repos/a35/NUEVO/comodore64_beta_7/A35/A35.runs/impl_1/runme.log
set_property PROBES.FILE {} [get_hw_devices xc7a35t_0]
set_property FULL_PROBES.FILE {} [get_hw_devices xc7a35t_0]
set_property PROGRAM.FILE {F:/repos/a35/NUEVO/comodore64_beta_7/A35/A35.runs/impl_1/c64_zx3.bit} [get_hw_devices xc7a35t_0]
program_hw_devices [get_hw_devices xc7a35t_0]
INFO: [Labtools 27-3164] End of startup status: HIGH
program_hw_devices: Time (s): cpu = 00:00:10 ; elapsed = 00:00:10 . Memory (MB): peak = 2017.086 ; gain = 0.000
refresh_hw_device [lindex [get_hw_devices xc7a35t_0] 0]
INFO: [Labtools 27-1434] Device xc7a35t (JTAG device index = 0) is programmed with a design that has no supported debug core(s) in it.
set_property -dict [list CONFIG.CLKOUT5_REQUESTED_OUT_FREQ {64} CONFIG.MMCM_DIVCLK_DIVIDE {5} CONFIG.MMCM_CLKOUT4_DIVIDE {10} CONFIG.CLKOUT5_JITTER {651.823}] [get_ips relojes]
generate_target all [get_files  F:/repos/a35/NUEVO/comodore64_beta_7/A35/A35.srcs/sources_1/ip/relojes/relojes.xci]
INFO: [IP_Flow 19-1686] Generating 'Instantiation Template' target for IP 'relojes'...
INFO: [IP_Flow 19-1686] Generating 'Synthesis' target for IP 'relojes'...
INFO: [IP_Flow 19-1686] Generating 'Simulation' target for IP 'relojes'...
INFO: [IP_Flow 19-1686] Generating 'Implementation' target for IP 'relojes'...
INFO: [IP_Flow 19-1686] Generating 'Change Log' target for IP 'relojes'...
catch { config_ip_cache -export [get_ips -all relojes] }
export_ip_user_files -of_objects [get_files F:/repos/a35/NUEVO/comodore64_beta_7/A35/A35.srcs/sources_1/ip/relojes/relojes.xci] -no_script -sync -force -quiet
reset_run relojes_synth_1
launch_runs  relojes_synth_1
[Sat May  4 12:55:00 2019] Launched relojes_synth_1...
Run output will be captured here: F:/repos/a35/NUEVO/comodore64_beta_7/A35/A35.runs/relojes_synth_1/runme.log
export_simulation -of_objects [get_files F:/repos/a35/NUEVO/comodore64_beta_7/A35/A35.srcs/sources_1/ip/relojes/relojes.xci] -directory F:/repos/a35/NUEVO/comodore64_beta_7/A35/A35.ip_user_files/sim_scripts -ip_user_files_dir F:/repos/a35/NUEVO/comodore64_beta_7/A35/A35.ip_user_files -ipstatic_source_dir F:/repos/a35/NUEVO/comodore64_beta_7/A35/A35.ip_user_files/ipstatic -lib_map_path [list {modelsim=F:/repos/a35/NUEVO/comodore64_beta_7/A35/A35.cache/compile_simlib/modelsim} {questa=F:/repos/a35/NUEVO/comodore64_beta_7/A35/A35.cache/compile_simlib/questa} {riviera=F:/repos/a35/NUEVO/comodore64_beta_7/A35/A35.cache/compile_simlib/riviera} {activehdl=F:/repos/a35/NUEVO/comodore64_beta_7/A35/A35.cache/compile_simlib/activehdl}] -use_ip_compiled_libs -force -quiet
reset_run synth_1
launch_runs impl_1 -to_step write_bitstream
[Sat May  4 12:57:15 2019] Launched synth_1...
Run output will be captured here: F:/repos/a35/NUEVO/comodore64_beta_7/A35/A35.runs/synth_1/runme.log
[Sat May  4 12:57:15 2019] Launched impl_1...
Run output will be captured here: F:/repos/a35/NUEVO/comodore64_beta_7/A35/A35.runs/impl_1/runme.log
ERROR: [Labtoolstcl 44-513] HW Target shutdown. Closing target: localhost:3121/xilinx_tcf/Xilinx/00000000000000
INFO: [Labtoolstcl 44-466] Opening hw_target localhost:3121/xilinx_tcf/Xilinx/00000000000000
INFO: [Labtools 27-1434] Device xc7a35t (JTAG device index = 0) is programmed with a design that has no supported debug core(s) in it.
WARNING: [Labtoolstcl 44-129] No matching hw_ila_data was found.
set_property PROBES.FILE {} [get_hw_devices xc7a35t_0]
set_property FULL_PROBES.FILE {} [get_hw_devices xc7a35t_0]
set_property PROGRAM.FILE {F:/repos/a35/NUEVO/comodore64_beta_7/A35/A35.runs/impl_1/c64_zx3.bit} [get_hw_devices xc7a35t_0]
program_hw_devices [get_hw_devices xc7a35t_0]
INFO: [Labtools 27-3164] End of startup status: HIGH
program_hw_devices: Time (s): cpu = 00:00:09 ; elapsed = 00:00:09 . Memory (MB): peak = 2024.637 ; gain = 0.000
refresh_hw_device [lindex [get_hw_devices xc7a35t_0] 0]
INFO: [Labtools 27-1434] Device xc7a35t (JTAG device index = 0) is programmed with a design that has no supported debug core(s) in it.
exit
INFO: [Common 17-206] Exiting Vivado at Sat May  4 13:20:13 2019...
